{"/home/runner/workspace/naar-noor/src/app/components/animated-background/animated-background.component.ts": {"path":"/home/runner/workspace/naar-noor/src/app/components/animated-background/animated-background.component.ts","statementMap":{"0":{"start":{"line":1,"column":0},"end":{"line":1,"column":49}},"1":{"start":{"line":2,"column":0},"end":{"line":2,"column":47}},"2":{"start":{"line":12,"column":11},"end":{"line":12,"column":null}},"3":{"start":{"line":11,"column":13},"end":{"line":11,"column":40}},"4":{"start":{"line":11,"column":13},"end":{"line":13,"column":null}}},"fnMap":{"0":{"name":"(anonymous_0)","decl":{"start":{"line":11,"column":7},"end":{"line":11,"column":13}},"loc":{"start":{"line":11,"column":7},"end":{"line":13,"column":1}}}},"branchMap":{},"s":{"0":1,"1":1,"2":2,"3":1,"4":1},"f":{"0":2},"b":{}}
,"/home/runner/workspace/naar-noor/src/app/components/auth-modal/auth-modal.component.ts": {"path":"/home/runner/workspace/naar-noor/src/app/components/auth-modal/auth-modal.component.ts","statementMap":{"0":{"start":{"line":1,"column":0},"end":{"line":1,"column":null}},"1":{"start":{"line":6,"column":0},"end":{"line":6,"column":47}},"2":{"start":{"line":7,"column":0},"end":{"line":7,"column":89}},"3":{"start":{"line":8,"column":0},"end":{"line":8,"column":58}},"4":{"start":{"line":9,"column":0},"end":{"line":9,"column":60}},"5":{"start":{"line":11,"column":18},"end":{"line":11,"column":144}},"6":{"start":{"line":243,"column":11},"end":{"line":243,"column":null}},"7":{"start":{"line":244,"column":12},"end":{"line":244,"column":null}},"8":{"start":{"line":246,"column":19},"end":{"line":246,"column":49}},"9":{"start":{"line":247,"column":19},"end":{"line":247,"column":49}},"10":{"start":{"line":248,"column":19},"end":{"line":248,"column":50}},"11":{"start":{"line":249,"column":19},"end":{"line":249,"column":48}},"12":{"start":{"line":251,"column":2},"end":{"line":251,"column":58}},"13":{"start":{"line":252,"column":2},"end":{"line":252,"column":34}},"14":{"start":{"line":253,"column":2},"end":{"line":253,"column":48}},"15":{"start":{"line":254,"column":2},"end":{"line":254,"column":34}},"16":{"start":{"line":255,"column":2},"end":{"line":255,"column":48}},"17":{"start":{"line":261,"column":10},"end":{"line":261,"column":47}},"18":{"start":{"line":263,"column":10},"end":{"line":263,"column":27}},"19":{"start":{"line":266,"column":4},"end":{"line":266,"column":22}},"20":{"start":{"line":270,"column":4},"end":{"line":285,"column":5}},"21":{"start":{"line":271,"column":6},"end":{"line":284,"column":7}},"22":{"start":{"line":273,"column":8},"end":{"line":273,"column":63}},"23":{"start":{"line":274,"column":8},"end":{"line":274,"column":30}},"24":{"start":{"line":275,"column":8},"end":{"line":275,"column":26}},"25":{"start":{"line":276,"column":8},"end":{"line":276,"column":34}},"26":{"start":{"line":277,"column":8},"end":{"line":277,"column":37}},"27":{"start":{"line":279,"column":8},"end":{"line":279,"column":48}},"28":{"start":{"line":281,"column":8},"end":{"line":281,"column":42}},"29":{"start":{"line":283,"column":8},"end":{"line":283,"column":54}},"30":{"start":{"line":283,"column":25},"end":{"line":283,"column":48}},"31":{"start":{"line":290,"column":4},"end":{"line":296,"column":5}},"32":{"start":{"line":291,"column":25},"end":{"line":291,"column":91}},"33":{"start":{"line":292,"column":6},"end":{"line":295,"column":7}},"34":{"start":{"line":293,"column":8},"end":{"line":293,"column":27}},"35":{"start":{"line":294,"column":8},"end":{"line":294,"column":29}},"36":{"start":{"line":301,"column":4},"end":{"line":301,"column":57}},"37":{"start":{"line":301,"column":34},"end":{"line":301,"column":47}},"38":{"start":{"line":301,"column":48},"end":{"line":301,"column":55}},"39":{"start":{"line":302,"column":4},"end":{"line":302,"column":36}},"40":{"start":{"line":302,"column":29},"end":{"line":302,"column":36}},"41":{"start":{"line":304,"column":17},"end":{"line":305,"column":38}},"42":{"start":{"line":306,"column":22},"end":{"line":307,"column":46}},"43":{"start":{"line":307,"column":20},"end":{"line":307,"column":45}},"44":{"start":{"line":309,"column":4},"end":{"line":309,"column":62}},"45":{"start":{"line":309,"column":29},"end":{"line":309,"column":52}},"46":{"start":{"line":309,"column":53},"end":{"line":309,"column":60}},"47":{"start":{"line":311,"column":18},"end":{"line":311,"column":30}},"48":{"start":{"line":312,"column":18},"end":{"line":312,"column":49}},"49":{"start":{"line":314,"column":4},"end":{"line":318,"column":5}},"50":{"start":{"line":315,"column":6},"end":{"line":315,"column":85}},"51":{"start":{"line":315,"column":46},"end":{"line":315,"column":69}},"52":{"start":{"line":315,"column":70},"end":{"line":315,"column":83}},"53":{"start":{"line":317,"column":6},"end":{"line":317,"column":85}},"54":{"start":{"line":317,"column":45},"end":{"line":317,"column":68}},"55":{"start":{"line":317,"column":69},"end":{"line":317,"column":83}},"56":{"start":{"line":322,"column":15},"end":{"line":322,"column":43}},"57":{"start":{"line":322,"column":30},"end":{"line":322,"column":43}},"58":{"start":{"line":325,"column":4},"end":{"line":325,"column":28}},"59":{"start":{"line":326,"column":4},"end":{"line":326,"column":30}},"60":{"start":{"line":327,"column":4},"end":{"line":327,"column":33}},"61":{"start":{"line":328,"column":4},"end":{"line":328,"column":26}},"62":{"start":{"line":331,"column":12},"end":{"line":331,"column":35}},"63":{"start":{"line":333,"column":13},"end":{"line":333,"column":44}},"64":{"start":{"line":334,"column":13},"end":{"line":334,"column":47}},"65":{"start":{"line":337,"column":4},"end":{"line":337,"column":78}},"66":{"start":{"line":337,"column":34},"end":{"line":337,"column":68}},"67":{"start":{"line":337,"column":69},"end":{"line":337,"column":76}},"68":{"start":{"line":338,"column":4},"end":{"line":338,"column":32}},"69":{"start":{"line":339,"column":4},"end":{"line":339,"column":30}},"70":{"start":{"line":340,"column":32},"end":{"line":340,"column":52}},"71":{"start":{"line":342,"column":4},"end":{"line":356,"column":7}},"72":{"start":{"line":344,"column":8},"end":{"line":344,"column":37}},"73":{"start":{"line":345,"column":8},"end":{"line":350,"column":9}},"74":{"start":{"line":346,"column":10},"end":{"line":346,"column":46}},"75":{"start":{"line":347,"column":10},"end":{"line":347,"column":23}},"76":{"start":{"line":349,"column":10},"end":{"line":349,"column":78}},"77":{"start":{"line":353,"column":8},"end":{"line":353,"column":37}},"78":{"start":{"line":354,"column":8},"end":{"line":354,"column":71}},"79":{"start":{"line":360,"column":4},"end":{"line":360,"column":84}},"80":{"start":{"line":360,"column":37},"end":{"line":360,"column":74}},"81":{"start":{"line":360,"column":75},"end":{"line":360,"column":82}},"82":{"start":{"line":361,"column":4},"end":{"line":361,"column":35}},"83":{"start":{"line":362,"column":4},"end":{"line":362,"column":33}},"84":{"start":{"line":363,"column":32},"end":{"line":363,"column":55}},"85":{"start":{"line":365,"column":4},"end":{"line":380,"column":7}},"86":{"start":{"line":367,"column":8},"end":{"line":367,"column":40}},"87":{"start":{"line":368,"column":8},"end":{"line":374,"column":9}},"88":{"start":{"line":369,"column":10},"end":{"line":369,"column":65}},"89":{"start":{"line":370,"column":10},"end":{"line":370,"column":31}},"90":{"start":{"line":371,"column":10},"end":{"line":371,"column":47}},"91":{"start":{"line":373,"column":10},"end":{"line":373,"column":86}},"92":{"start":{"line":377,"column":8},"end":{"line":377,"column":40}},"93":{"start":{"line":378,"column":8},"end":{"line":378,"column":74}},"94":{"start":{"line":384,"column":4},"end":{"line":387,"column":7}},"95":{"start":{"line":388,"column":4},"end":{"line":392,"column":43}},"96":{"start":{"line":396,"column":4},"end":{"line":397,"column":34}},"97":{"start":{"line":242,"column":13},"end":{"line":242,"column":31}},"98":{"start":{"line":242,"column":13},"end":{"line":399,"column":null}}},"fnMap":{"0":{"name":"(anonymous_0)","decl":{"start":{"line":265,"column":2},"end":{"line":265,"column":null}},"loc":{"start":{"line":265,"column":2},"end":{"line":267,"column":3}}},"1":{"name":"(anonymous_1)","decl":{"start":{"line":269,"column":2},"end":{"line":269,"column":13}},"loc":{"start":{"line":269,"column":36},"end":{"line":286,"column":3}}},"2":{"name":"(anonymous_2)","decl":{"start":{"line":283,"column":19},"end":{"line":283,"column":22}},"loc":{"start":{"line":283,"column":25},"end":{"line":283,"column":48}}},"3":{"name":"(anonymous_3)","decl":{"start":{"line":288,"column":2},"end":{"line":288,"column":20}},"loc":{"start":{"line":288,"column":20},"end":{"line":297,"column":3}}},"4":{"name":"(anonymous_4)","decl":{"start":{"line":300,"column":2},"end":{"line":300,"column":11}},"loc":{"start":{"line":300,"column":32},"end":{"line":319,"column":3}}},"5":{"name":"(anonymous_5)","decl":{"start":{"line":307,"column":14},"end":{"line":307,"column":16}},"loc":{"start":{"line":307,"column":20},"end":{"line":307,"column":45}}},"6":{"name":"(anonymous_6)","decl":{"start":{"line":322,"column":2},"end":{"line":322,"column":10}},"loc":{"start":{"line":322,"column":10},"end":{"line":322,"column":45}}},"7":{"name":"(anonymous_7)","decl":{"start":{"line":324,"column":2},"end":{"line":324,"column":8}},"loc":{"start":{"line":324,"column":34},"end":{"line":329,"column":3}}},"8":{"name":"(anonymous_8)","decl":{"start":{"line":331,"column":2},"end":{"line":331,"column":7}},"loc":{"start":{"line":331,"column":7},"end":{"line":331,"column":37}}},"9":{"name":"(anonymous_9)","decl":{"start":{"line":333,"column":2},"end":{"line":333,"column":6}},"loc":{"start":{"line":333,"column":8},"end":{"line":333,"column":46}}},"10":{"name":"(anonymous_10)","decl":{"start":{"line":334,"column":2},"end":{"line":334,"column":6}},"loc":{"start":{"line":334,"column":8},"end":{"line":334,"column":49}}},"11":{"name":"(anonymous_11)","decl":{"start":{"line":336,"column":2},"end":{"line":336,"column":13}},"loc":{"start":{"line":336,"column":13},"end":{"line":357,"column":3}}},"12":{"name":"(anonymous_12)","decl":{"start":{"line":343,"column":12},"end":{"line":343,"column":13}},"loc":{"start":{"line":343,"column":19},"end":{"line":351,"column":7}}},"13":{"name":"(anonymous_13)","decl":{"start":{"line":352,"column":13},"end":{"line":352,"column":16}},"loc":{"start":{"line":352,"column":18},"end":{"line":355,"column":7}}},"14":{"name":"(anonymous_14)","decl":{"start":{"line":359,"column":2},"end":{"line":359,"column":16}},"loc":{"start":{"line":359,"column":16},"end":{"line":381,"column":3}}},"15":{"name":"(anonymous_15)","decl":{"start":{"line":366,"column":12},"end":{"line":366,"column":13}},"loc":{"start":{"line":366,"column":19},"end":{"line":375,"column":7}}},"16":{"name":"(anonymous_16)","decl":{"start":{"line":376,"column":13},"end":{"line":376,"column":16}},"loc":{"start":{"line":376,"column":18},"end":{"line":379,"column":7}}},"17":{"name":"(anonymous_17)","decl":{"start":{"line":383,"column":10},"end":{"line":383,"column":20}},"loc":{"start":{"line":383,"column":20},"end":{"line":393,"column":3}}},"18":{"name":"(anonymous_18)","decl":{"start":{"line":395,"column":10},"end":{"line":395,"column":23}},"loc":{"start":{"line":395,"column":36},"end":{"line":398,"column":3}}}},"branchMap":{"0":{"loc":{"start":{"line":270,"column":4},"end":{"line":285,"column":5}},"type":"if","locations":[{"start":{"line":270,"column":4},"end":{"line":285,"column":5}}]},"1":{"loc":{"start":{"line":271,"column":6},"end":{"line":284,"column":7}},"type":"if","locations":[{"start":{"line":271,"column":6},"end":{"line":284,"column":7}},{"start":{"line":280,"column":13},"end":{"line":284,"column":7}}]},"2":{"loc":{"start":{"line":290,"column":4},"end":{"line":296,"column":5}},"type":"if","locations":[{"start":{"line":290,"column":4},"end":{"line":296,"column":5}}]},"3":{"loc":{"start":{"line":290,"column":8},"end":{"line":290,"column":35}},"type":"binary-expr","locations":[{"start":{"line":290,"column":8},"end":{"line":290,"column":17}},{"start":{"line":290,"column":21},"end":{"line":290,"column":35}}]},"4":{"loc":{"start":{"line":292,"column":6},"end":{"line":295,"column":7}},"type":"if","locations":[{"start":{"line":292,"column":6},"end":{"line":295,"column":7}}]},"5":{"loc":{"start":{"line":301,"column":4},"end":{"line":301,"column":57}},"type":"if","locations":[{"start":{"line":301,"column":4},"end":{"line":301,"column":57}}]},"6":{"loc":{"start":{"line":302,"column":4},"end":{"line":302,"column":36}},"type":"if","locations":[{"start":{"line":302,"column":4},"end":{"line":302,"column":36}}]},"7":{"loc":{"start":{"line":304,"column":17},"end":{"line":305,"column":38}},"type":"binary-expr","locations":[{"start":{"line":304,"column":17},"end":{"line":304,"column":101}},{"start":{"line":305,"column":17},"end":{"line":305,"column":38}}]},"8":{"loc":{"start":{"line":309,"column":4},"end":{"line":309,"column":62}},"type":"if","locations":[{"start":{"line":309,"column":4},"end":{"line":309,"column":62}}]},"9":{"loc":{"start":{"line":314,"column":4},"end":{"line":318,"column":5}},"type":"if","locations":[{"start":{"line":314,"column":4},"end":{"line":318,"column":5}},{"start":{"line":316,"column":11},"end":{"line":318,"column":5}}]},"10":{"loc":{"start":{"line":315,"column":6},"end":{"line":315,"column":85}},"type":"if","locations":[{"start":{"line":315,"column":6},"end":{"line":315,"column":85}}]},"11":{"loc":{"start":{"line":317,"column":6},"end":{"line":317,"column":85}},"type":"if","locations":[{"start":{"line":317,"column":6},"end":{"line":317,"column":85}}]},"12":{"loc":{"start":{"line":322,"column":15},"end":{"line":322,"column":43}},"type":"if","locations":[{"start":{"line":322,"column":15},"end":{"line":322,"column":43}}]},"13":{"loc":{"start":{"line":337,"column":4},"end":{"line":337,"column":78}},"type":"if","locations":[{"start":{"line":337,"column":4},"end":{"line":337,"column":78}}]},"14":{"loc":{"start":{"line":345,"column":8},"end":{"line":350,"column":9}},"type":"if","locations":[{"start":{"line":345,"column":8},"end":{"line":350,"column":9}},{"start":{"line":348,"column":15},"end":{"line":350,"column":9}}]},"15":{"loc":{"start":{"line":360,"column":4},"end":{"line":360,"column":84}},"type":"if","locations":[{"start":{"line":360,"column":4},"end":{"line":360,"column":84}}]},"16":{"loc":{"start":{"line":368,"column":8},"end":{"line":374,"column":9}},"type":"if","locations":[{"start":{"line":368,"column":8},"end":{"line":374,"column":9}},{"start":{"line":372,"column":15},"end":{"line":374,"column":9}}]},"17":{"loc":{"start":{"line":396,"column":11},"end":{"line":397,"column":33}},"type":"cond-expr","locations":[{"start":{"line":397,"column":8},"end":{"line":397,"column":12}},{"start":{"line":397,"column":15},"end":{"line":397,"column":33}}]}},"s":{"0":1,"1":1,"2":1,"3":1,"4":1,"5":1,"6":14,"7":14,"8":14,"9":14,"10":14,"11":14,"12":14,"13":14,"14":14,"15":14,"16":14,"17":14,"18":14,"19":14,"20":14,"21":14,"22":0,"23":0,"24":0,"25":0,"26":0,"27":0,"28":14,"29":14,"30":0,"31":14,"32":0,"33":0,"34":0,"35":0,"36":0,"37":0,"38":0,"39":0,"40":0,"41":0,"42":0,"43":0,"44":0,"45":0,"46":0,"47":0,"48":0,"49":0,"50":0,"51":0,"52":0,"53":0,"54":0,"55":0,"56":0,"57":0,"58":0,"59":0,"60":0,"61":0,"62":0,"63":0,"64":0,"65":0,"66":0,"67":0,"68":0,"69":0,"70":0,"71":0,"72":0,"73":0,"74":0,"75":0,"76":0,"77":0,"78":0,"79":0,"80":0,"81":0,"82":0,"83":0,"84":0,"85":0,"86":0,"87":0,"88":0,"89":0,"90":0,"91":0,"92":0,"93":0,"94":14,"95":14,"96":14,"97":1,"98":1},"f":{"0":14,"1":14,"2":0,"3":14,"4":0,"5":0,"6":0,"7":0,"8":0,"9":0,"10":0,"11":0,"12":0,"13":0,"14":0,"15":0,"16":0,"17":14,"18":14},"b":{"0":[14],"1":[0,14],"2":[0],"3":[14,0],"4":[0],"5":[0],"6":[0],"7":[0,0],"8":[0],"9":[0,0],"10":[0],"11":[0],"12":[0],"13":[0],"14":[0,0],"15":[0],"16":[0,0],"17":[14,0]}}
,"/home/runner/workspace/naar-noor/src/app/components/cart-drawer/cart-drawer.component.ts": {"path":"/home/runner/workspace/naar-noor/src/app/components/cart-drawer/cart-drawer.component.ts","statementMap":{"0":{"start":{"line":1,"column":0},"end":{"line":1,"column":null}},"1":{"start":{"line":4,"column":0},"end":{"line":4,"column":47}},"2":{"start":{"line":5,"column":0},"end":{"line":5,"column":89}},"3":{"start":{"line":6,"column":0},"end":{"line":6,"column":74}},"4":{"start":{"line":8,"column":0},"end":{"line":8,"column":58}},"5":{"start":{"line":9,"column":0},"end":{"line":9,"column":56}},"6":{"start":{"line":10,"column":0},"end":{"line":10,"column":60}},"7":{"start":{"line":340,"column":7},"end":{"line":465,"column":null}},"8":{"start":{"line":341,"column":11},"end":{"line":341,"column":41}},"9":{"start":{"line":342,"column":19},"end":{"line":342,"column":47}},"10":{"start":{"line":343,"column":19},"end":{"line":343,"column":46}},"11":{"start":{"line":344,"column":19},"end":{"line":344,"column":48}},"12":{"start":{"line":346,"column":2},"end":{"line":346,"column":31}},"13":{"start":{"line":348,"column":2},"end":{"line":348,"column":21}},"14":{"start":{"line":349,"column":2},"end":{"line":349,"column":24}},"15":{"start":{"line":353,"column":11},"end":{"line":357,"column":4}},"16":{"start":{"line":359,"column":11},"end":{"line":363,"column":4}},"17":{"start":{"line":366,"column":4},"end":{"line":366,"column":21}},"18":{"start":{"line":370,"column":4},"end":{"line":370,"column":32}},"19":{"start":{"line":374,"column":4},"end":{"line":374,"column":32}},"20":{"start":{"line":375,"column":4},"end":{"line":383,"column":7}},"21":{"start":{"line":385,"column":4},"end":{"line":394,"column":7}},"22":{"start":{"line":386,"column":20},"end":{"line":386,"column":53}},"23":{"start":{"line":387,"column":20},"end":{"line":387,"column":58}},"24":{"start":{"line":388,"column":6},"end":{"line":388,"column":29}},"25":{"start":{"line":388,"column":31},"end":{"line":388,"column":49}},"26":{"start":{"line":389,"column":6},"end":{"line":389,"column":30}},"27":{"start":{"line":389,"column":31},"end":{"line":389,"column":50}},"28":{"start":{"line":390,"column":6},"end":{"line":390,"column":97}},"29":{"start":{"line":390,"column":30},"end":{"line":390,"column":97}},"30":{"start":{"line":391,"column":6},"end":{"line":391,"column":98}},"31":{"start":{"line":391,"column":30},"end":{"line":391,"column":98}},"32":{"start":{"line":392,"column":6},"end":{"line":392,"column":36}},"33":{"start":{"line":393,"column":6},"end":{"line":393,"column":37}},"34":{"start":{"line":397,"column":30},"end":{"line":397,"column":73}},"35":{"start":{"line":398,"column":30},"end":{"line":398,"column":67}},"36":{"start":{"line":399,"column":30},"end":{"line":399,"column":66}},"37":{"start":{"line":400,"column":30},"end":{"line":400,"column":56}},"38":{"start":{"line":403,"column":14},"end":{"line":403,"column":34}},"39":{"start":{"line":404,"column":4},"end":{"line":404,"column":43}},"40":{"start":{"line":407,"column":23},"end":{"line":407,"column":40}},"41":{"start":{"line":408,"column":23},"end":{"line":408,"column":40}},"42":{"start":{"line":411,"column":4},"end":{"line":411,"column":22}},"43":{"start":{"line":412,"column":4},"end":{"line":418,"column":12}},"44":{"start":{"line":413,"column":6},"end":{"line":417,"column":7}},"45":{"start":{"line":414,"column":8},"end":{"line":414,"column":25}},"46":{"start":{"line":415,"column":8},"end":{"line":415,"column":35}},"47":{"start":{"line":416,"column":8},"end":{"line":416,"column":25}},"48":{"start":{"line":422,"column":4},"end":{"line":422,"column":21}},"49":{"start":{"line":423,"column":4},"end":{"line":423,"column":31}},"50":{"start":{"line":424,"column":4},"end":{"line":424,"column":21}},"51":{"start":{"line":428,"column":4},"end":{"line":431,"column":5}},"52":{"start":{"line":429,"column":6},"end":{"line":429,"column":35}},"53":{"start":{"line":430,"column":6},"end":{"line":430,"column":13}},"54":{"start":{"line":432,"column":4},"end":{"line":432,"column":27}},"55":{"start":{"line":433,"column":16},"end":{"line":433,"column":31}},"56":{"start":{"line":435,"column":4},"end":{"line":463,"column":7}},"57":{"start":{"line":443,"column":41},"end":{"line":448,"column":8}},"58":{"start":{"line":451,"column":8},"end":{"line":451,"column":32}},"59":{"start":{"line":452,"column":8},"end":{"line":452,"column":81}},"60":{"start":{"line":453,"column":8},"end":{"line":453,"column":26}},"61":{"start":{"line":454,"column":8},"end":{"line":454,"column":25}},"62":{"start":{"line":457,"column":8},"end":{"line":457,"column":32}},"63":{"start":{"line":458,"column":20},"end":{"line":460,"column":53}},"64":{"start":{"line":461,"column":8},"end":{"line":461,"column":40}},"65":{"start":{"line":340,"column":13},"end":{"line":340,"column":32}},"66":{"start":{"line":340,"column":13},"end":{"line":465,"column":null}}},"fnMap":{"0":{"name":"(anonymous_0)","decl":{"start":{"line":340,"column":7},"end":{"line":340,"column":13}},"loc":{"start":{"line":340,"column":7},"end":{"line":465,"column":1}}},"1":{"name":"(anonymous_1)","decl":{"start":{"line":365,"column":2},"end":{"line":365,"column":10}},"loc":{"start":{"line":365,"column":10},"end":{"line":367,"column":3}}},"2":{"name":"(anonymous_2)","decl":{"start":{"line":369,"column":2},"end":{"line":369,"column":13}},"loc":{"start":{"line":369,"column":13},"end":{"line":371,"column":3}}},"3":{"name":"(anonymous_3)","decl":{"start":{"line":373,"column":10},"end":{"line":373,"column":19}},"loc":{"start":{"line":373,"column":19},"end":{"line":395,"column":3}}},"4":{"name":"(anonymous_4)","decl":{"start":{"line":385,"column":65},"end":{"line":385,"column":68}},"loc":{"start":{"line":385,"column":71},"end":{"line":394,"column":5}}},"5":{"name":"(anonymous_5)","decl":{"start":{"line":397,"column":2},"end":{"line":397,"column":6}},"loc":{"start":{"line":397,"column":15},"end":{"line":397,"column":75}}},"6":{"name":"(anonymous_6)","decl":{"start":{"line":398,"column":2},"end":{"line":398,"column":6}},"loc":{"start":{"line":398,"column":16},"end":{"line":398,"column":69}}},"7":{"name":"(anonymous_7)","decl":{"start":{"line":399,"column":2},"end":{"line":399,"column":6}},"loc":{"start":{"line":399,"column":14},"end":{"line":399,"column":68}}},"8":{"name":"(anonymous_8)","decl":{"start":{"line":400,"column":2},"end":{"line":400,"column":6}},"loc":{"start":{"line":400,"column":7},"end":{"line":400,"column":58}}},"9":{"name":"(anonymous_9)","decl":{"start":{"line":402,"column":2},"end":{"line":402,"column":5}},"loc":{"start":{"line":402,"column":19},"end":{"line":405,"column":3}}},"10":{"name":"(anonymous_10)","decl":{"start":{"line":407,"column":2},"end":{"line":407,"column":11}},"loc":{"start":{"line":407,"column":11},"end":{"line":407,"column":42}}},"11":{"name":"(anonymous_11)","decl":{"start":{"line":408,"column":2},"end":{"line":408,"column":8}},"loc":{"start":{"line":408,"column":8},"end":{"line":408,"column":42}}},"12":{"name":"(anonymous_12)","decl":{"start":{"line":410,"column":2},"end":{"line":410,"column":13}},"loc":{"start":{"line":410,"column":13},"end":{"line":419,"column":3}}},"13":{"name":"(anonymous_13)","decl":{"start":{"line":412,"column":15},"end":{"line":412,"column":18}},"loc":{"start":{"line":412,"column":20},"end":{"line":418,"column":5}}},"14":{"name":"(anonymous_14)","decl":{"start":{"line":421,"column":2},"end":{"line":421,"column":11}},"loc":{"start":{"line":421,"column":11},"end":{"line":425,"column":3}}},"15":{"name":"(anonymous_15)","decl":{"start":{"line":427,"column":2},"end":{"line":427,"column":8}},"loc":{"start":{"line":427,"column":8},"end":{"line":464,"column":3}}},"16":{"name":"(anonymous_16)","decl":{"start":{"line":443,"column":35},"end":{"line":443,"column":36}},"loc":{"start":{"line":443,"column":41},"end":{"line":448,"column":8}}},"17":{"name":"(anonymous_17)","decl":{"start":{"line":450,"column":12},"end":{"line":450,"column":13}},"loc":{"start":{"line":450,"column":20},"end":{"line":455,"column":7}}},"18":{"name":"(anonymous_18)","decl":{"start":{"line":456,"column":13},"end":{"line":456,"column":14}},"loc":{"start":{"line":456,"column":21},"end":{"line":462,"column":7}}}},"branchMap":{"0":{"loc":{"start":{"line":390,"column":6},"end":{"line":390,"column":97}},"type":"if","locations":[{"start":{"line":390,"column":6},"end":{"line":390,"column":97}}]},"1":{"loc":{"start":{"line":391,"column":6},"end":{"line":391,"column":98}},"type":"if","locations":[{"start":{"line":391,"column":6},"end":{"line":391,"column":98}}]},"2":{"loc":{"start":{"line":397,"column":37},"end":{"line":397,"column":72}},"type":"binary-expr","locations":[{"start":{"line":397,"column":37},"end":{"line":397,"column":66}},{"start":{"line":397,"column":70},"end":{"line":397,"column":72}}]},"3":{"loc":{"start":{"line":404,"column":14},"end":{"line":404,"column":41}},"type":"binary-expr","locations":[{"start":{"line":404,"column":14},"end":{"line":404,"column":15}},{"start":{"line":404,"column":19},"end":{"line":404,"column":28}},{"start":{"line":404,"column":32},"end":{"line":404,"column":41}}]},"4":{"loc":{"start":{"line":413,"column":6},"end":{"line":417,"column":7}},"type":"if","locations":[{"start":{"line":413,"column":6},"end":{"line":417,"column":7}}]},"5":{"loc":{"start":{"line":428,"column":4},"end":{"line":431,"column":5}},"type":"if","locations":[{"start":{"line":428,"column":4},"end":{"line":431,"column":5}}]},"6":{"loc":{"start":{"line":439,"column":28},"end":{"line":439,"column":50}},"type":"binary-expr","locations":[{"start":{"line":439,"column":28},"end":{"line":439,"column":37}},{"start":{"line":439,"column":41},"end":{"line":439,"column":50}}]},"7":{"loc":{"start":{"line":441,"column":28},"end":{"line":441,"column":65}},"type":"binary-expr","locations":[{"start":{"line":441,"column":28},"end":{"line":441,"column":47}},{"start":{"line":441,"column":56},"end":{"line":441,"column":65}}]},"8":{"loc":{"start":{"line":442,"column":28},"end":{"line":442,"column":65}},"type":"binary-expr","locations":[{"start":{"line":442,"column":28},"end":{"line":442,"column":52}},{"start":{"line":442,"column":56},"end":{"line":442,"column":65}}]},"9":{"loc":{"start":{"line":452,"column":32},"end":{"line":452,"column":80}},"type":"cond-expr","locations":[{"start":{"line":452,"column":41},"end":{"line":452,"column":75}},{"start":{"line":452,"column":78},"end":{"line":452,"column":80}}]},"10":{"loc":{"start":{"line":458,"column":20},"end":{"line":460,"column":53}},"type":"cond-expr","locations":[{"start":{"line":459,"column":12},"end":{"line":459,"column":61}},{"start":{"line":460,"column":12},"end":{"line":460,"column":53}}]}},"s":{"0":1,"1":1,"2":1,"3":1,"4":1,"5":1,"6":1,"7":1,"8":24,"9":24,"10":24,"11":24,"12":24,"13":24,"14":24,"15":24,"16":24,"17":24,"18":24,"19":25,"20":25,"21":25,"22":9,"23":9,"24":9,"25":9,"26":9,"27":9,"28":9,"29":2,"30":9,"31":1,"32":9,"33":9,"34":2,"35":1,"36":1,"37":0,"38":1,"39":1,"40":2,"41":1,"42":1,"43":1,"44":0,"45":0,"46":0,"47":0,"48":1,"49":1,"50":1,"51":5,"52":1,"53":1,"54":4,"55":4,"56":4,"57":3,"58":3,"59":3,"60":3,"61":3,"62":1,"63":1,"64":1,"65":1,"66":1},"f":{"0":24,"1":24,"2":24,"3":25,"4":9,"5":2,"6":1,"7":1,"8":0,"9":1,"10":2,"11":1,"12":1,"13":0,"14":1,"15":5,"16":3,"17":3,"18":1},"b":{"0":[2],"1":[1],"2":[2,0],"3":[1,1,1],"4":[0],"5":[1],"6":[4,4],"7":[4,4],"8":[4,4],"9":[3,0],"10":[1,0]}}
,"/home/runner/workspace/naar-noor/src/app/components/custom-calendar/custom-calendar.component.ts": {"path":"/home/runner/workspace/naar-noor/src/app/components/custom-calendar/custom-calendar.component.ts","statementMap":{"0":{"start":{"line":1,"column":0},"end":{"line":1,"column":114}},"1":{"start":{"line":2,"column":0},"end":{"line":2,"column":47}},"2":{"start":{"line":3,"column":0},"end":{"line":3,"column":81}},"3":{"start":{"line":29,"column":22},"end":{"line":29,"column":61}},"4":{"start":{"line":15,"column":11},"end":{"line":15,"column":null}},"5":{"start":{"line":16,"column":12},"end":{"line":16,"column":null}},"6":{"start":{"line":18,"column":2},"end":{"line":18,"column":17}},"7":{"start":{"line":19,"column":10},"end":{"line":19,"column":78}},"8":{"start":{"line":21,"column":2},"end":{"line":21,"column":34}},"9":{"start":{"line":22,"column":2},"end":{"line":22,"column":32}},"10":{"start":{"line":24,"column":2},"end":{"line":25,"column":70}},"11":{"start":{"line":27,"column":2},"end":{"line":27,"column":63}},"12":{"start":{"line":32,"column":4},"end":{"line":32,"column":28}},"13":{"start":{"line":35,"column":4},"end":{"line":39,"column":7}},"14":{"start":{"line":36,"column":6},"end":{"line":38,"column":7}},"15":{"start":{"line":37,"column":8},"end":{"line":37,"column":28}},"16":{"start":{"line":43,"column":4},"end":{"line":45,"column":5}},"17":{"start":{"line":44,"column":6},"end":{"line":44,"column":38}},"18":{"start":{"line":49,"column":4},"end":{"line":49,"column":31}},"19":{"start":{"line":50,"column":4},"end":{"line":53,"column":5}},"20":{"start":{"line":51,"column":6},"end":{"line":51,"column":60}},"21":{"start":{"line":52,"column":6},"end":{"line":52,"column":30}},"22":{"start":{"line":57,"column":17},"end":{"line":57,"column":48}},"23":{"start":{"line":58,"column":18},"end":{"line":58,"column":46}},"24":{"start":{"line":60,"column":21},"end":{"line":60,"column":45}},"25":{"start":{"line":61,"column":20},"end":{"line":61,"column":48}},"26":{"start":{"line":62,"column":30},"end":{"line":62,"column":47}},"27":{"start":{"line":63,"column":24},"end":{"line":63,"column":41}},"28":{"start":{"line":65,"column":4},"end":{"line":65,"column":20}},"29":{"start":{"line":66,"column":32},"end":{"line":66,"column":34}},"30":{"start":{"line":69,"column":4},"end":{"line":71,"column":5}},"31":{"start":{"line":69,"column":17},"end":{"line":69,"column":18}},"32":{"start":{"line":70,"column":6},"end":{"line":70,"column":22}},"33":{"start":{"line":74,"column":4},"end":{"line":81,"column":5}},"34":{"start":{"line":74,"column":19},"end":{"line":74,"column":20}},"35":{"start":{"line":75,"column":6},"end":{"line":75,"column":44}},"36":{"start":{"line":77,"column":6},"end":{"line":80,"column":7}},"37":{"start":{"line":78,"column":8},"end":{"line":78,"column":30}},"38":{"start":{"line":79,"column":8},"end":{"line":79,"column":18}},"39":{"start":{"line":84,"column":4},"end":{"line":89,"column":5}},"40":{"start":{"line":85,"column":6},"end":{"line":87,"column":7}},"41":{"start":{"line":86,"column":8},"end":{"line":86,"column":24}},"42":{"start":{"line":88,"column":6},"end":{"line":88,"column":28}},"43":{"start":{"line":93,"column":4},"end":{"line":97,"column":6}},"44":{"start":{"line":98,"column":4},"end":{"line":98,"column":28}},"45":{"start":{"line":102,"column":4},"end":{"line":106,"column":6}},"46":{"start":{"line":107,"column":4},"end":{"line":107,"column":28}},"47":{"start":{"line":111,"column":4},"end":{"line":115,"column":5}},"48":{"start":{"line":112,"column":6},"end":{"line":112,"column":31}},"49":{"start":{"line":113,"column":6},"end":{"line":113,"column":35}},"50":{"start":{"line":114,"column":6},"end":{"line":114,"column":26}},"51":{"start":{"line":119,"column":18},"end":{"line":119,"column":28}},"52":{"start":{"line":120,"column":4},"end":{"line":120,"column":27}},"53":{"start":{"line":124,"column":4},"end":{"line":124,"column":50}},"54":{"start":{"line":124,"column":37},"end":{"line":124,"column":50}},"55":{"start":{"line":125,"column":4},"end":{"line":125,"column":68}},"56":{"start":{"line":129,"column":4},"end":{"line":129,"column":28}},"57":{"start":{"line":129,"column":15},"end":{"line":129,"column":28}},"58":{"start":{"line":130,"column":18},"end":{"line":130,"column":28}},"59":{"start":{"line":131,"column":4},"end":{"line":131,"column":56}},"60":{"start":{"line":135,"column":4},"end":{"line":135,"column":28}},"61":{"start":{"line":135,"column":15},"end":{"line":135,"column":28}},"62":{"start":{"line":136,"column":18},"end":{"line":136,"column":28}},"63":{"start":{"line":137,"column":4},"end":{"line":137,"column":31}},"64":{"start":{"line":138,"column":4},"end":{"line":138,"column":24}},"65":{"start":{"line":142,"column":4},"end":{"line":142,"column":49}},"66":{"start":{"line":142,"column":28},"end":{"line":142,"column":49}},"67":{"start":{"line":143,"column":48},"end":{"line":148,"column":6}},"68":{"start":{"line":149,"column":4},"end":{"line":149,"column":66}},"69":{"start":{"line":14,"column":13},"end":{"line":14,"column":36}},"70":{"start":{"line":14,"column":13},"end":{"line":151,"column":null}}},"fnMap":{"0":{"name":"(anonymous_0)","decl":{"start":{"line":29,"column":2},"end":{"line":29,"column":22}},"loc":{"start":{"line":29,"column":61},"end":{"line":29,"column":65}}},"1":{"name":"(anonymous_1)","decl":{"start":{"line":31,"column":2},"end":{"line":31,"column":10}},"loc":{"start":{"line":31,"column":10},"end":{"line":40,"column":3}}},"2":{"name":"(anonymous_2)","decl":{"start":{"line":35,"column":65},"end":{"line":35,"column":73}},"loc":{"start":{"line":35,"column":76},"end":{"line":39,"column":5}}},"3":{"name":"(anonymous_3)","decl":{"start":{"line":42,"column":2},"end":{"line":42,"column":13}},"loc":{"start":{"line":42,"column":13},"end":{"line":46,"column":3}}},"4":{"name":"(anonymous_4)","decl":{"start":{"line":48,"column":2},"end":{"line":48,"column":16}},"loc":{"start":{"line":48,"column":16},"end":{"line":54,"column":3}}},"5":{"name":"(anonymous_5)","decl":{"start":{"line":56,"column":2},"end":{"line":56,"column":18}},"loc":{"start":{"line":56,"column":18},"end":{"line":90,"column":3}}},"6":{"name":"(anonymous_6)","decl":{"start":{"line":92,"column":2},"end":{"line":92,"column":15}},"loc":{"start":{"line":92,"column":15},"end":{"line":99,"column":3}}},"7":{"name":"(anonymous_7)","decl":{"start":{"line":101,"column":2},"end":{"line":101,"column":11}},"loc":{"start":{"line":101,"column":11},"end":{"line":108,"column":3}}},"8":{"name":"(anonymous_8)","decl":{"start":{"line":110,"column":2},"end":{"line":110,"column":12}},"loc":{"start":{"line":110,"column":30},"end":{"line":116,"column":3}}},"9":{"name":"(anonymous_9)","decl":{"start":{"line":118,"column":2},"end":{"line":118,"column":13}},"loc":{"start":{"line":118,"column":13},"end":{"line":121,"column":3}}},"10":{"name":"(anonymous_10)","decl":{"start":{"line":123,"column":2},"end":{"line":123,"column":12}},"loc":{"start":{"line":123,"column":30},"end":{"line":126,"column":3}}},"11":{"name":"(anonymous_11)","decl":{"start":{"line":128,"column":2},"end":{"line":128,"column":9}},"loc":{"start":{"line":128,"column":27},"end":{"line":132,"column":3}}},"12":{"name":"(anonymous_12)","decl":{"start":{"line":134,"column":2},"end":{"line":134,"column":12}},"loc":{"start":{"line":134,"column":30},"end":{"line":139,"column":3}}},"13":{"name":"(anonymous_13)","decl":{"start":{"line":141,"column":2},"end":{"line":141,"column":18}},"loc":{"start":{"line":141,"column":18},"end":{"line":150,"column":3}}}},"branchMap":{"0":{"loc":{"start":{"line":36,"column":6},"end":{"line":38,"column":7}},"type":"if","locations":[{"start":{"line":36,"column":6},"end":{"line":38,"column":7}}]},"1":{"loc":{"start":{"line":43,"column":4},"end":{"line":45,"column":5}},"type":"if","locations":[{"start":{"line":43,"column":4},"end":{"line":45,"column":5}}]},"2":{"loc":{"start":{"line":50,"column":4},"end":{"line":53,"column":5}},"type":"if","locations":[{"start":{"line":50,"column":4},"end":{"line":53,"column":5}}]},"3":{"loc":{"start":{"line":77,"column":6},"end":{"line":80,"column":7}},"type":"if","locations":[{"start":{"line":77,"column":6},"end":{"line":80,"column":7}}]},"4":{"loc":{"start":{"line":84,"column":4},"end":{"line":89,"column":5}},"type":"if","locations":[{"start":{"line":84,"column":4},"end":{"line":89,"column":5}}]},"5":{"loc":{"start":{"line":111,"column":4},"end":{"line":115,"column":5}},"type":"if","locations":[{"start":{"line":111,"column":4},"end":{"line":115,"column":5}}]},"6":{"loc":{"start":{"line":111,"column":8},"end":{"line":111,"column":38}},"type":"binary-expr","locations":[{"start":{"line":111,"column":8},"end":{"line":111,"column":12}},{"start":{"line":111,"column":16},"end":{"line":111,"column":38}}]},"7":{"loc":{"start":{"line":124,"column":4},"end":{"line":124,"column":50}},"type":"if","locations":[{"start":{"line":124,"column":4},"end":{"line":124,"column":50}}]},"8":{"loc":{"start":{"line":124,"column":8},"end":{"line":124,"column":35}},"type":"binary-expr","locations":[{"start":{"line":124,"column":8},"end":{"line":124,"column":13}},{"start":{"line":124,"column":17},"end":{"line":124,"column":35}}]},"9":{"loc":{"start":{"line":129,"column":4},"end":{"line":129,"column":28}},"type":"if","locations":[{"start":{"line":129,"column":4},"end":{"line":129,"column":28}}]},"10":{"loc":{"start":{"line":135,"column":4},"end":{"line":135,"column":28}},"type":"if","locations":[{"start":{"line":135,"column":4},"end":{"line":135,"column":28}}]},"11":{"loc":{"start":{"line":142,"column":4},"end":{"line":142,"column":49}},"type":"if","locations":[{"start":{"line":142,"column":4},"end":{"line":142,"column":49}}]}},"s":{"0":1,"1":1,"2":1,"3":29,"4":29,"5":29,"6":29,"7":29,"8":29,"9":29,"10":29,"11":29,"12":29,"13":29,"14":4,"15":1,"16":30,"17":30,"18":4,"19":4,"20":3,"21":3,"22":36,"23":36,"24":36,"25":36,"26":36,"27":36,"28":36,"29":36,"30":36,"31":36,"32":42,"33":36,"34":36,"35":1083,"36":1083,"37":145,"38":145,"39":36,"40":36,"41":142,"42":36,"43":1,"44":1,"45":1,"46":1,"47":5,"48":3,"49":3,"50":3,"51":1,"52":1,"53":3,"54":2,"55":1,"56":3,"57":1,"58":2,"59":2,"60":7,"61":1,"62":6,"63":6,"64":6,"65":60,"66":59,"67":1,"68":1,"69":1,"70":1},"f":{"0":29,"1":29,"2":4,"3":30,"4":4,"5":36,"6":1,"7":1,"8":5,"9":1,"10":3,"11":3,"12":7,"13":60},"b":{"0":[1],"1":[30],"2":[3],"3":[145],"4":[36],"5":[3],"6":[5,4],"7":[2],"8":[3,2],"9":[1],"10":[1],"11":[59]}}
,"/home/runner/workspace/naar-noor/src/app/components/custom-dropdown/custom-dropdown.component.ts": {"path":"/home/runner/workspace/naar-noor/src/app/components/custom-dropdown/custom-dropdown.component.ts","statementMap":{"0":{"start":{"line":1,"column":0},"end":{"line":1,"column":114}},"1":{"start":{"line":2,"column":0},"end":{"line":2,"column":47}},"2":{"start":{"line":3,"column":0},"end":{"line":3,"column":81}},"3":{"start":{"line":25,"column":22},"end":{"line":25,"column":61}},"4":{"start":{"line":15,"column":11},"end":{"line":15,"column":null}},"5":{"start":{"line":16,"column":11},"end":{"line":16,"column":null}},"6":{"start":{"line":17,"column":11},"end":{"line":17,"column":null}},"7":{"start":{"line":18,"column":11},"end":{"line":18,"column":null}},"8":{"start":{"line":19,"column":12},"end":{"line":19,"column":null}},"9":{"start":{"line":21,"column":2},"end":{"line":21,"column":17}},"10":{"start":{"line":22,"column":10},"end":{"line":22,"column":78}},"11":{"start":{"line":29,"column":4},"end":{"line":33,"column":7}},"12":{"start":{"line":30,"column":6},"end":{"line":32,"column":7}},"13":{"start":{"line":31,"column":8},"end":{"line":31,"column":28}},"14":{"start":{"line":37,"column":4},"end":{"line":39,"column":5}},"15":{"start":{"line":38,"column":6},"end":{"line":38,"column":38}},"16":{"start":{"line":43,"column":4},"end":{"line":43,"column":31}},"17":{"start":{"line":44,"column":4},"end":{"line":46,"column":5}},"18":{"start":{"line":45,"column":6},"end":{"line":45,"column":60}},"19":{"start":{"line":50,"column":4},"end":{"line":50,"column":32}},"20":{"start":{"line":51,"column":4},"end":{"line":51,"column":36}},"21":{"start":{"line":52,"column":4},"end":{"line":52,"column":24}},"22":{"start":{"line":56,"column":4},"end":{"line":56,"column":50}},"23":{"start":{"line":14,"column":13},"end":{"line":14,"column":36}},"24":{"start":{"line":14,"column":13},"end":{"line":58,"column":null}}},"fnMap":{"0":{"name":"(anonymous_0)","decl":{"start":{"line":25,"column":2},"end":{"line":25,"column":22}},"loc":{"start":{"line":25,"column":61},"end":{"line":25,"column":65}}},"1":{"name":"(anonymous_1)","decl":{"start":{"line":27,"column":2},"end":{"line":27,"column":10}},"loc":{"start":{"line":27,"column":10},"end":{"line":34,"column":3}}},"2":{"name":"(anonymous_2)","decl":{"start":{"line":29,"column":65},"end":{"line":29,"column":73}},"loc":{"start":{"line":29,"column":76},"end":{"line":33,"column":5}}},"3":{"name":"(anonymous_3)","decl":{"start":{"line":36,"column":2},"end":{"line":36,"column":13}},"loc":{"start":{"line":36,"column":13},"end":{"line":40,"column":3}}},"4":{"name":"(anonymous_4)","decl":{"start":{"line":42,"column":2},"end":{"line":42,"column":16}},"loc":{"start":{"line":42,"column":16},"end":{"line":47,"column":3}}},"5":{"name":"(anonymous_5)","decl":{"start":{"line":49,"column":2},"end":{"line":49,"column":14}},"loc":{"start":{"line":49,"column":29},"end":{"line":53,"column":3}}},"6":{"name":"(anonymous_6)","decl":{"start":{"line":55,"column":2},"end":{"line":55,"column":17}},"loc":{"start":{"line":55,"column":17},"end":{"line":57,"column":3}}}},"branchMap":{"0":{"loc":{"start":{"line":30,"column":6},"end":{"line":32,"column":7}},"type":"if","locations":[{"start":{"line":30,"column":6},"end":{"line":32,"column":7}}]},"1":{"loc":{"start":{"line":37,"column":4},"end":{"line":39,"column":5}},"type":"if","locations":[{"start":{"line":37,"column":4},"end":{"line":39,"column":5}}]},"2":{"loc":{"start":{"line":44,"column":4},"end":{"line":46,"column":5}},"type":"if","locations":[{"start":{"line":44,"column":4},"end":{"line":46,"column":5}}]},"3":{"loc":{"start":{"line":56,"column":11},"end":{"line":56,"column":49}},"type":"binary-expr","locations":[{"start":{"line":56,"column":11},"end":{"line":56,"column":29}},{"start":{"line":56,"column":33},"end":{"line":56,"column":49}}]}},"s":{"0":1,"1":1,"2":1,"3":11,"4":11,"5":11,"6":11,"7":11,"8":11,"9":11,"10":11,"11":11,"12":5,"13":1,"14":12,"15":12,"16":5,"17":5,"18":4,"19":3,"20":3,"21":3,"22":24,"23":1,"24":1},"f":{"0":11,"1":11,"2":5,"3":12,"4":5,"5":3,"6":24},"b":{"0":[1],"1":[12],"2":[4],"3":[24,23]}}
,"/home/runner/workspace/naar-noor/src/app/components/footer/footer.component.ts": {"path":"/home/runner/workspace/naar-noor/src/app/components/footer/footer.component.ts","statementMap":{"0":{"start":{"line":1,"column":0},"end":{"line":1,"column":66}},"1":{"start":{"line":2,"column":0},"end":{"line":2,"column":47}},"2":{"start":{"line":3,"column":0},"end":{"line":3,"column":47}},"3":{"start":{"line":13,"column":7},"end":{"line":15,"column":null}},"4":{"start":{"line":14,"column":2},"end":{"line":14,"column":41}},"5":{"start":{"line":13,"column":13},"end":{"line":13,"column":28}},"6":{"start":{"line":13,"column":13},"end":{"line":15,"column":null}}},"fnMap":{"0":{"name":"(anonymous_0)","decl":{"start":{"line":13,"column":7},"end":{"line":13,"column":13}},"loc":{"start":{"line":13,"column":7},"end":{"line":15,"column":1}}}},"branchMap":{},"s":{"0":1,"1":1,"2":1,"3":1,"4":3,"5":1,"6":1},"f":{"0":3},"b":{}}
,"/home/runner/workspace/naar-noor/src/app/components/header/header.component.ts": {"path":"/home/runner/workspace/naar-noor/src/app/components/header/header.component.ts","statementMap":{"0":{"start":{"line":1,"column":0},"end":{"line":1,"column":96}},"1":{"start":{"line":2,"column":0},"end":{"line":2,"column":47}},"2":{"start":{"line":3,"column":0},"end":{"line":3,"column":55}},"3":{"start":{"line":4,"column":0},"end":{"line":4,"column":58}},"4":{"start":{"line":5,"column":0},"end":{"line":5,"column":58}},"5":{"start":{"line":6,"column":0},"end":{"line":6,"column":60}},"6":{"start":{"line":7,"column":0},"end":{"line":7,"column":72}},"7":{"start":{"line":18,"column":2},"end":{"line":18,"column":25}},"8":{"start":{"line":19,"column":2},"end":{"line":19,"column":33}},"9":{"start":{"line":20,"column":2},"end":{"line":20,"column":33}},"10":{"start":{"line":22,"column":11},"end":{"line":22,"column":39}},"11":{"start":{"line":23,"column":11},"end":{"line":23,"column":39}},"12":{"start":{"line":24,"column":11},"end":{"line":24,"column":40}},"13":{"start":{"line":25,"column":19},"end":{"line":25,"column":43}},"14":{"start":{"line":28,"column":18},"end":{"line":28,"column":39}},"15":{"start":{"line":29,"column":4},"end":{"line":29,"column":55}},"16":{"start":{"line":33,"column":4},"end":{"line":33,"column":47}},"17":{"start":{"line":34,"column":4},"end":{"line":34,"column":58}},"18":{"start":{"line":34,"column":29},"end":{"line":34,"column":58}},"19":{"start":{"line":38,"column":4},"end":{"line":38,"column":38}},"20":{"start":{"line":38,"column":34},"end":{"line":38,"column":36}},"21":{"start":{"line":42,"column":4},"end":{"line":42,"column":33}},"22":{"start":{"line":43,"column":4},"end":{"line":43,"column":32}},"23":{"start":{"line":44,"column":4},"end":{"line":44,"column":33}},"24":{"start":{"line":48,"column":4},"end":{"line":48,"column":34}},"25":{"start":{"line":52,"column":4},"end":{"line":52,"column":23}},"26":{"start":{"line":53,"column":4},"end":{"line":53,"column":33}},"27":{"start":{"line":54,"column":4},"end":{"line":54,"column":32}},"28":{"start":{"line":60,"column":4},"end":{"line":62,"column":5}},"29":{"start":{"line":61,"column":6},"end":{"line":61,"column":35}},"30":{"start":{"line":17,"column":13},"end":{"line":17,"column":28}},"31":{"start":{"line":17,"column":13},"end":{"line":64,"column":null}}},"fnMap":{"0":{"name":"(anonymous_0)","decl":{"start":{"line":17,"column":7},"end":{"line":17,"column":13}},"loc":{"start":{"line":17,"column":7},"end":{"line":64,"column":1}}},"1":{"name":"(anonymous_1)","decl":{"start":{"line":27,"column":2},"end":{"line":27,"column":6}},"loc":{"start":{"line":27,"column":17},"end":{"line":30,"column":3}}},"2":{"name":"(anonymous_2)","decl":{"start":{"line":32,"column":2},"end":{"line":32,"column":18}},"loc":{"start":{"line":32,"column":18},"end":{"line":35,"column":3}}},"3":{"name":"(anonymous_3)","decl":{"start":{"line":37,"column":2},"end":{"line":37,"column":16}},"loc":{"start":{"line":37,"column":16},"end":{"line":39,"column":3}}},"4":{"name":"(anonymous_4)","decl":{"start":{"line":38,"column":29},"end":{"line":38,"column":30}},"loc":{"start":{"line":38,"column":34},"end":{"line":38,"column":36}}},"5":{"name":"(anonymous_5)","decl":{"start":{"line":41,"column":2},"end":{"line":41,"column":15}},"loc":{"start":{"line":41,"column":15},"end":{"line":45,"column":3}}},"6":{"name":"(anonymous_6)","decl":{"start":{"line":47,"column":2},"end":{"line":47,"column":16}},"loc":{"start":{"line":47,"column":16},"end":{"line":49,"column":3}}},"7":{"name":"(anonymous_7)","decl":{"start":{"line":51,"column":2},"end":{"line":51,"column":8}},"loc":{"start":{"line":51,"column":8},"end":{"line":55,"column":3}}},"8":{"name":"(anonymous_8)","decl":{"start":{"line":59,"column":2},"end":{"line":59,"column":17}},"loc":{"start":{"line":59,"column":31},"end":{"line":63,"column":3}}}},"branchMap":{"0":{"loc":{"start":{"line":29,"column":11},"end":{"line":29,"column":54}},"type":"cond-expr","locations":[{"start":{"line":29,"column":19},"end":{"line":29,"column":48}},{"start":{"line":29,"column":51},"end":{"line":29,"column":54}}]},"1":{"loc":{"start":{"line":34,"column":4},"end":{"line":34,"column":58}},"type":"if","locations":[{"start":{"line":34,"column":4},"end":{"line":34,"column":58}}]},"2":{"loc":{"start":{"line":60,"column":4},"end":{"line":62,"column":5}},"type":"if","locations":[{"start":{"line":60,"column":4},"end":{"line":62,"column":5}}]}},"s":{"0":1,"1":1,"2":1,"3":1,"4":1,"5":1,"6":1,"7":14,"8":14,"9":14,"10":14,"11":14,"12":14,"13":14,"14":1,"15":1,"16":4,"17":4,"18":3,"19":3,"20":3,"21":3,"22":3,"23":3,"24":1,"25":0,"26":0,"27":0,"28":1,"29":1,"30":1,"31":1},"f":{"0":14,"1":1,"2":4,"3":3,"4":3,"5":3,"6":1,"7":0,"8":1},"b":{"0":[0,1],"1":[3],"2":[1]}}
,"/home/runner/workspace/naar-noor/src/app/components/toast/toast.component.ts": {"path":"/home/runner/workspace/naar-noor/src/app/components/toast/toast.component.ts","statementMap":{"0":{"start":{"line":1,"column":0},"end":{"line":1,"column":74}},"1":{"start":{"line":2,"column":0},"end":{"line":2,"column":47}},"2":{"start":{"line":3,"column":0},"end":{"line":3,"column":90}},"3":{"start":{"line":4,"column":0},"end":{"line":4,"column":67}},"4":{"start":{"line":108,"column":7},"end":{"line":126,"column":null}},"5":{"start":{"line":109,"column":19},"end":{"line":109,"column":55}},"6":{"start":{"line":111,"column":2},"end":{"line":111,"column":85}},"7":{"start":{"line":111,"column":24},"end":{"line":111,"column":84}},"8":{"start":{"line":111,"column":63},"end":{"line":111,"column":83}},"9":{"start":{"line":112,"column":2},"end":{"line":112,"column":83}},"10":{"start":{"line":112,"column":22},"end":{"line":112,"column":82}},"11":{"start":{"line":112,"column":61},"end":{"line":112,"column":81}},"12":{"start":{"line":114,"column":39},"end":{"line":114,"column":55}},"13":{"start":{"line":117,"column":42},"end":{"line":121,"column":6}},"14":{"start":{"line":122,"column":4},"end":{"line":122,"column":51}},"15":{"start":{"line":125,"column":24},"end":{"line":125,"column":54}},"16":{"start":{"line":108,"column":13},"end":{"line":108,"column":27}},"17":{"start":{"line":108,"column":13},"end":{"line":126,"column":null}}},"fnMap":{"0":{"name":"(anonymous_0)","decl":{"start":{"line":108,"column":7},"end":{"line":108,"column":13}},"loc":{"start":{"line":108,"column":7},"end":{"line":126,"column":1}}},"1":{"name":"(anonymous_1)","decl":{"start":{"line":111,"column":18},"end":{"line":111,"column":21}},"loc":{"start":{"line":111,"column":24},"end":{"line":111,"column":84}}},"2":{"name":"(anonymous_2)","decl":{"start":{"line":111,"column":58},"end":{"line":111,"column":59}},"loc":{"start":{"line":111,"column":63},"end":{"line":111,"column":83}}},"3":{"name":"(anonymous_3)","decl":{"start":{"line":112,"column":16},"end":{"line":112,"column":19}},"loc":{"start":{"line":112,"column":22},"end":{"line":112,"column":82}}},"4":{"name":"(anonymous_4)","decl":{"start":{"line":112,"column":56},"end":{"line":112,"column":57}},"loc":{"start":{"line":112,"column":61},"end":{"line":112,"column":81}}},"5":{"name":"(anonymous_5)","decl":{"start":{"line":114,"column":2},"end":{"line":114,"column":11}},"loc":{"start":{"line":114,"column":35},"end":{"line":114,"column":57}}},"6":{"name":"(anonymous_6)","decl":{"start":{"line":116,"column":2},"end":{"line":116,"column":9}},"loc":{"start":{"line":116,"column":22},"end":{"line":123,"column":3}}},"7":{"name":"(anonymous_7)","decl":{"start":{"line":125,"column":2},"end":{"line":125,"column":9}},"loc":{"start":{"line":125,"column":20},"end":{"line":125,"column":56}}}},"branchMap":{"0":{"loc":{"start":{"line":122,"column":11},"end":{"line":122,"column":50}},"type":"binary-expr","locations":[{"start":{"line":122,"column":11},"end":{"line":122,"column":22}},{"start":{"line":122,"column":26},"end":{"line":122,"column":50}}]}},"s":{"0":1,"1":1,"2":1,"3":1,"4":1,"5":12,"6":12,"7":28,"8":11,"9":12,"10":28,"11":12,"12":5,"13":10,"14":10,"15":1,"16":1,"17":1},"f":{"0":12,"1":28,"2":11,"3":28,"4":12,"5":5,"6":10,"7":1},"b":{"0":[10,1]}}
,"/home/runner/workspace/naar-noor/src/app/services/api.service.ts": {"path":"/home/runner/workspace/naar-noor/src/app/services/api.service.ts","statementMap":{"0":{"start":{"line":1,"column":0},"end":{"line":1,"column":51}},"1":{"start":{"line":2,"column":0},"end":{"line":2,"column":50}},"2":{"start":{"line":3,"column":0},"end":{"line":3,"column":38}},"3":{"start":{"line":4,"column":0},"end":{"line":4,"column":49}},"4":{"start":{"line":5,"column":0},"end":{"line":5,"column":61}},"5":{"start":{"line":35,"column":7},"end":{"line":122,"column":null}},"6":{"start":{"line":36,"column":19},"end":{"line":36,"column":45}},"7":{"start":{"line":37,"column":19},"end":{"line":37,"column":57}},"8":{"start":{"line":40,"column":19},"end":{"line":46,"column":4}},"9":{"start":{"line":48,"column":19},"end":{"line":50,"column":4}},"10":{"start":{"line":52,"column":19},"end":{"line":55,"column":4}},"11":{"start":{"line":58,"column":4},"end":{"line":58,"column":27}},"12":{"start":{"line":58,"column":15},"end":{"line":58,"column":27}},"13":{"start":{"line":59,"column":4},"end":{"line":59,"column":109}},"14":{"start":{"line":59,"column":97},"end":{"line":59,"column":109}},"15":{"start":{"line":60,"column":4},"end":{"line":60,"column":83}},"16":{"start":{"line":64,"column":16},"end":{"line":66,"column":30}},"17":{"start":{"line":67,"column":4},"end":{"line":79,"column":6}},"18":{"start":{"line":68,"column":19},"end":{"line":71,"column":9}},"19":{"start":{"line":68,"column":38},"end":{"line":71,"column":8}},"20":{"start":{"line":73,"column":20},"end":{"line":73,"column":38}},"21":{"start":{"line":74,"column":8},"end":{"line":76,"column":9}},"22":{"start":{"line":75,"column":10},"end":{"line":75,"column":61}},"23":{"start":{"line":75,"column":36},"end":{"line":75,"column":59}},"24":{"start":{"line":77,"column":8},"end":{"line":77,"column":25}},"25":{"start":{"line":83,"column":4},"end":{"line":89,"column":6}},"26":{"start":{"line":84,"column":19},"end":{"line":87,"column":9}},"27":{"start":{"line":84,"column":38},"end":{"line":87,"column":8}},"28":{"start":{"line":88,"column":23},"end":{"line":88,"column":41}},"29":{"start":{"line":93,"column":4},"end":{"line":95,"column":6}},"30":{"start":{"line":94,"column":23},"end":{"line":94,"column":43}},"31":{"start":{"line":99,"column":4},"end":{"line":101,"column":6}},"32":{"start":{"line":100,"column":23},"end":{"line":100,"column":83}},"33":{"start":{"line":105,"column":4},"end":{"line":107,"column":6}},"34":{"start":{"line":106,"column":23},"end":{"line":106,"column":83}},"35":{"start":{"line":111,"column":4},"end":{"line":113,"column":6}},"36":{"start":{"line":112,"column":23},"end":{"line":112,"column":83}},"37":{"start":{"line":117,"column":4},"end":{"line":120,"column":6}},"38":{"start":{"line":35,"column":13},"end":{"line":35,"column":23}},"39":{"start":{"line":35,"column":13},"end":{"line":122,"column":null}}},"fnMap":{"0":{"name":"(anonymous_0)","decl":{"start":{"line":35,"column":7},"end":{"line":35,"column":13}},"loc":{"start":{"line":35,"column":7},"end":{"line":122,"column":1}}},"1":{"name":"(anonymous_1)","decl":{"start":{"line":57,"column":2},"end":{"line":57,"column":19}},"loc":{"start":{"line":57,"column":55},"end":{"line":61,"column":3}}},"2":{"name":"(anonymous_2)","decl":{"start":{"line":63,"column":2},"end":{"line":63,"column":9}},"loc":{"start":{"line":63,"column":27},"end":{"line":80,"column":3}}},"3":{"name":"(anonymous_3)","decl":{"start":{"line":68,"column":10},"end":{"line":68,"column":15}},"loc":{"start":{"line":68,"column":19},"end":{"line":71,"column":9}}},"4":{"name":"(anonymous_4)","decl":{"start":{"line":68,"column":29},"end":{"line":68,"column":33}},"loc":{"start":{"line":68,"column":38},"end":{"line":71,"column":8}}},"5":{"name":"(anonymous_5)","decl":{"start":{"line":72,"column":17},"end":{"line":72,"column":20}},"loc":{"start":{"line":72,"column":22},"end":{"line":78,"column":7}}},"6":{"name":"(anonymous_6)","decl":{"start":{"line":75,"column":31},"end":{"line":75,"column":32}},"loc":{"start":{"line":75,"column":36},"end":{"line":75,"column":59}}},"7":{"name":"(anonymous_7)","decl":{"start":{"line":82,"column":2},"end":{"line":82,"column":10}},"loc":{"start":{"line":82,"column":10},"end":{"line":90,"column":3}}},"8":{"name":"(anonymous_8)","decl":{"start":{"line":84,"column":10},"end":{"line":84,"column":15}},"loc":{"start":{"line":84,"column":19},"end":{"line":87,"column":9}}},"9":{"name":"(anonymous_9)","decl":{"start":{"line":84,"column":29},"end":{"line":84,"column":33}},"loc":{"start":{"line":84,"column":38},"end":{"line":87,"column":8}}},"10":{"name":"(anonymous_10)","decl":{"start":{"line":88,"column":17},"end":{"line":88,"column":20}},"loc":{"start":{"line":88,"column":23},"end":{"line":88,"column":41}}},"11":{"name":"(anonymous_11)","decl":{"start":{"line":92,"column":2},"end":{"line":92,"column":12}},"loc":{"start":{"line":92,"column":12},"end":{"line":96,"column":3}}},"12":{"name":"(anonymous_12)","decl":{"start":{"line":94,"column":17},"end":{"line":94,"column":20}},"loc":{"start":{"line":94,"column":23},"end":{"line":94,"column":43}}},"13":{"name":"(anonymous_13)","decl":{"start":{"line":98,"column":2},"end":{"line":98,"column":19}},"loc":{"start":{"line":98,"column":50},"end":{"line":102,"column":3}}},"14":{"name":"(anonymous_14)","decl":{"start":{"line":100,"column":17},"end":{"line":100,"column":20}},"loc":{"start":{"line":100,"column":23},"end":{"line":100,"column":83}}},"15":{"name":"(anonymous_15)","decl":{"start":{"line":104,"column":2},"end":{"line":104,"column":15}},"loc":{"start":{"line":104,"column":42},"end":{"line":108,"column":3}}},"16":{"name":"(anonymous_16)","decl":{"start":{"line":106,"column":17},"end":{"line":106,"column":20}},"loc":{"start":{"line":106,"column":23},"end":{"line":106,"column":83}}},"17":{"name":"(anonymous_17)","decl":{"start":{"line":110,"column":2},"end":{"line":110,"column":13}},"loc":{"start":{"line":110,"column":38},"end":{"line":114,"column":3}}},"18":{"name":"(anonymous_18)","decl":{"start":{"line":112,"column":17},"end":{"line":112,"column":20}},"loc":{"start":{"line":112,"column":23},"end":{"line":112,"column":83}}},"19":{"name":"(anonymous_19)","decl":{"start":{"line":116,"column":2},"end":{"line":116,"column":23}},"loc":{"start":{"line":116,"column":58},"end":{"line":121,"column":3}}}},"branchMap":{"0":{"loc":{"start":{"line":58,"column":4},"end":{"line":58,"column":27}},"type":"if","locations":[{"start":{"line":58,"column":4},"end":{"line":58,"column":27}}]},"1":{"loc":{"start":{"line":59,"column":4},"end":{"line":59,"column":109}},"type":"if","locations":[{"start":{"line":59,"column":4},"end":{"line":59,"column":109}}]},"2":{"loc":{"start":{"line":59,"column":8},"end":{"line":59,"column":95}},"type":"binary-expr","locations":[{"start":{"line":59,"column":8},"end":{"line":59,"column":34}},{"start":{"line":59,"column":38},"end":{"line":59,"column":65}},{"start":{"line":59,"column":69},"end":{"line":59,"column":95}}]},"3":{"loc":{"start":{"line":64,"column":16},"end":{"line":66,"column":30}},"type":"cond-expr","locations":[{"start":{"line":65,"column":8},"end":{"line":65,"column":71}},{"start":{"line":66,"column":8},"end":{"line":66,"column":30}}]},"4":{"loc":{"start":{"line":74,"column":8},"end":{"line":76,"column":9}},"type":"if","locations":[{"start":{"line":74,"column":8},"end":{"line":76,"column":9}}]}},"s":{"0":2,"1":2,"2":2,"3":2,"4":2,"5":2,"6":33,"7":33,"8":33,"9":33,"10":33,"11":4,"12":3,"13":1,"14":0,"15":1,"16":4,"17":4,"18":4,"19":2,"20":0,"21":0,"22":0,"23":0,"24":0,"25":2,"26":2,"27":2,"28":0,"29":2,"30":0,"31":1,"32":0,"33":1,"34":0,"35":1,"36":0,"37":0,"38":2,"39":2},"f":{"0":33,"1":4,"2":4,"3":4,"4":2,"5":0,"6":0,"7":2,"8":2,"9":2,"10":0,"11":2,"12":0,"13":1,"14":0,"15":1,"16":0,"17":1,"18":0,"19":0},"b":{"0":[3],"1":[0],"2":[1,1,1],"3":[1,3],"4":[0]}}
,"/home/runner/workspace/naar-noor/src/app/services/auth.service.ts": {"path":"/home/runner/workspace/naar-noor/src/app/services/auth.service.ts","statementMap":{"0":{"start":{"line":1,"column":0},"end":{"line":1,"column":69}},"1":{"start":{"line":2,"column":0},"end":{"line":2,"column":50}},"2":{"start":{"line":3,"column":0},"end":{"line":3,"column":60}},"3":{"start":{"line":4,"column":0},"end":{"line":4,"column":61}},"4":{"start":{"line":7,"column":20},"end":{"line":7,"column":32}},"5":{"start":{"line":10,"column":7},"end":{"line":138,"column":null}},"6":{"start":{"line":11,"column":19},"end":{"line":11,"column":45}},"7":{"start":{"line":12,"column":19},"end":{"line":12,"column":59}},"8":{"start":{"line":15,"column":19},"end":{"line":15,"column":77}},"9":{"start":{"line":17,"column":11},"end":{"line":17,"column":66}},"10":{"start":{"line":17,"column":40},"end":{"line":17,"column":64}},"11":{"start":{"line":18,"column":11},"end":{"line":18,"column":57}},"12":{"start":{"line":18,"column":40},"end":{"line":18,"column":55}},"13":{"start":{"line":19,"column":11},"end":{"line":19,"column":72}},"14":{"start":{"line":19,"column":40},"end":{"line":19,"column":70}},"15":{"start":{"line":27,"column":4},"end":{"line":43,"column":8}},"16":{"start":{"line":32,"column":26},"end":{"line":32,"column":58}},"17":{"start":{"line":33,"column":39},"end":{"line":37,"column":12}},"18":{"start":{"line":38,"column":10},"end":{"line":38,"column":36}},"19":{"start":{"line":39,"column":10},"end":{"line":39,"column":37}},"20":{"start":{"line":41,"column":18},"end":{"line":41,"column":22}},"21":{"start":{"line":42,"column":25},"end":{"line":42,"column":34}},"22":{"start":{"line":48,"column":4},"end":{"line":53,"column":8}},"23":{"start":{"line":51,"column":18},"end":{"line":51,"column":22}},"24":{"start":{"line":52,"column":25},"end":{"line":52,"column":34}},"25":{"start":{"line":58,"column":20},"end":{"line":58,"column":35}},"26":{"start":{"line":59,"column":4},"end":{"line":65,"column":5}},"27":{"start":{"line":61,"column":6},"end":{"line":64,"column":21}},"28":{"start":{"line":63,"column":31},"end":{"line":63,"column":39}},"29":{"start":{"line":66,"column":4},"end":{"line":66,"column":24}},"30":{"start":{"line":67,"column":4},"end":{"line":67,"column":28}},"31":{"start":{"line":72,"column":4},"end":{"line":77,"column":8}},"32":{"start":{"line":75,"column":18},"end":{"line":75,"column":22}},"33":{"start":{"line":76,"column":25},"end":{"line":76,"column":34}},"34":{"start":{"line":82,"column":4},"end":{"line":82,"column":48}},"35":{"start":{"line":87,"column":18},"end":{"line":87,"column":33}},"36":{"start":{"line":88,"column":4},"end":{"line":88,"column":33}},"37":{"start":{"line":88,"column":16},"end":{"line":88,"column":33}},"38":{"start":{"line":90,"column":4},"end":{"line":105,"column":8}},"39":{"start":{"line":96,"column":26},"end":{"line":96,"column":41}},"40":{"start":{"line":97,"column":10},"end":{"line":101,"column":11}},"41":{"start":{"line":98,"column":41},"end":{"line":98,"column":93}},"42":{"start":{"line":99,"column":12},"end":{"line":99,"column":38}},"43":{"start":{"line":100,"column":12},"end":{"line":100,"column":39}},"44":{"start":{"line":103,"column":18},"end":{"line":103,"column":22}},"45":{"start":{"line":104,"column":25},"end":{"line":104,"column":34}},"46":{"start":{"line":113,"column":4},"end":{"line":118,"column":5}},"47":{"start":{"line":114,"column":18},"end":{"line":114,"column":51}},"48":{"start":{"line":115,"column":6},"end":{"line":115,"column":59}},"49":{"start":{"line":117,"column":6},"end":{"line":117,"column":18}},"50":{"start":{"line":122,"column":4},"end":{"line":122,"column":63}},"51":{"start":{"line":126,"column":4},"end":{"line":126,"column":41}},"52":{"start":{"line":130,"column":4},"end":{"line":136,"column":5}},"53":{"start":{"line":131,"column":22},"end":{"line":131,"column":41}},"54":{"start":{"line":132,"column":22},"end":{"line":132,"column":73}},"55":{"start":{"line":133,"column":6},"end":{"line":133,"column":33}},"56":{"start":{"line":135,"column":6},"end":{"line":135,"column":18}},"57":{"start":{"line":10,"column":13},"end":{"line":10,"column":24}},"58":{"start":{"line":10,"column":13},"end":{"line":138,"column":null}}},"fnMap":{"0":{"name":"(anonymous_0)","decl":{"start":{"line":10,"column":7},"end":{"line":10,"column":13}},"loc":{"start":{"line":10,"column":7},"end":{"line":138,"column":1}}},"1":{"name":"(anonymous_1)","decl":{"start":{"line":17,"column":34},"end":{"line":17,"column":37}},"loc":{"start":{"line":17,"column":40},"end":{"line":17,"column":64}}},"2":{"name":"(anonymous_2)","decl":{"start":{"line":18,"column":34},"end":{"line":18,"column":37}},"loc":{"start":{"line":18,"column":40},"end":{"line":18,"column":55}}},"3":{"name":"(anonymous_3)","decl":{"start":{"line":19,"column":34},"end":{"line":19,"column":37}},"loc":{"start":{"line":19,"column":40},"end":{"line":19,"column":70}}},"4":{"name":"(anonymous_4)","decl":{"start":{"line":26,"column":2},"end":{"line":26,"column":7}},"loc":{"start":{"line":26,"column":39},"end":{"line":44,"column":3}}},"5":{"name":"(anonymous_5)","decl":{"start":{"line":30,"column":12},"end":{"line":30,"column":15}},"loc":{"start":{"line":30,"column":18},"end":{"line":40,"column":9}}},"6":{"name":"(anonymous_6)","decl":{"start":{"line":41,"column":12},"end":{"line":41,"column":15}},"loc":{"start":{"line":41,"column":18},"end":{"line":41,"column":22}}},"7":{"name":"(anonymous_7)","decl":{"start":{"line":42,"column":19},"end":{"line":42,"column":22}},"loc":{"start":{"line":42,"column":25},"end":{"line":42,"column":34}}},"8":{"name":"(anonymous_8)","decl":{"start":{"line":47,"column":2},"end":{"line":47,"column":10}},"loc":{"start":{"line":47,"column":42},"end":{"line":54,"column":3}}},"9":{"name":"(anonymous_9)","decl":{"start":{"line":51,"column":12},"end":{"line":51,"column":15}},"loc":{"start":{"line":51,"column":18},"end":{"line":51,"column":22}}},"10":{"name":"(anonymous_10)","decl":{"start":{"line":52,"column":19},"end":{"line":52,"column":22}},"loc":{"start":{"line":52,"column":25},"end":{"line":52,"column":34}}},"11":{"name":"(anonymous_11)","decl":{"start":{"line":57,"column":2},"end":{"line":57,"column":8}},"loc":{"start":{"line":57,"column":8},"end":{"line":68,"column":3}}},"12":{"name":"(anonymous_12)","decl":{"start":{"line":63,"column":25},"end":{"line":63,"column":28}},"loc":{"start":{"line":63,"column":31},"end":{"line":63,"column":39}}},"13":{"name":"(anonymous_13)","decl":{"start":{"line":71,"column":2},"end":{"line":71,"column":15}},"loc":{"start":{"line":71,"column":29},"end":{"line":78,"column":3}}},"14":{"name":"(anonymous_14)","decl":{"start":{"line":75,"column":12},"end":{"line":75,"column":15}},"loc":{"start":{"line":75,"column":18},"end":{"line":75,"column":22}}},"15":{"name":"(anonymous_15)","decl":{"start":{"line":76,"column":19},"end":{"line":76,"column":22}},"loc":{"start":{"line":76,"column":25},"end":{"line":76,"column":34}}},"16":{"name":"(anonymous_16)","decl":{"start":{"line":81,"column":2},"end":{"line":81,"column":10}},"loc":{"start":{"line":81,"column":10},"end":{"line":83,"column":3}}},"17":{"name":"(anonymous_17)","decl":{"start":{"line":86,"column":2},"end":{"line":86,"column":13}},"loc":{"start":{"line":86,"column":13},"end":{"line":106,"column":3}}},"18":{"name":"(anonymous_18)","decl":{"start":{"line":95,"column":12},"end":{"line":95,"column":15}},"loc":{"start":{"line":95,"column":18},"end":{"line":102,"column":9}}},"19":{"name":"(anonymous_19)","decl":{"start":{"line":103,"column":12},"end":{"line":103,"column":15}},"loc":{"start":{"line":103,"column":18},"end":{"line":103,"column":22}}},"20":{"name":"(anonymous_20)","decl":{"start":{"line":104,"column":19},"end":{"line":104,"column":22}},"loc":{"start":{"line":104,"column":25},"end":{"line":104,"column":34}}},"21":{"name":"(anonymous_21)","decl":{"start":{"line":112,"column":10},"end":{"line":112,"column":21}},"loc":{"start":{"line":112,"column":21},"end":{"line":119,"column":3}}},"22":{"name":"(anonymous_22)","decl":{"start":{"line":121,"column":10},"end":{"line":121,"column":21}},"loc":{"start":{"line":121,"column":42},"end":{"line":123,"column":3}}},"23":{"name":"(anonymous_23)","decl":{"start":{"line":125,"column":10},"end":{"line":125,"column":22}},"loc":{"start":{"line":125,"column":22},"end":{"line":127,"column":3}}},"24":{"name":"(anonymous_24)","decl":{"start":{"line":129,"column":10},"end":{"line":129,"column":19}},"loc":{"start":{"line":129,"column":33},"end":{"line":137,"column":3}}}},"branchMap":{"0":{"loc":{"start":{"line":19,"column":40},"end":{"line":19,"column":70}},"type":"binary-expr","locations":[{"start":{"line":19,"column":40},"end":{"line":19,"column":62}},{"start":{"line":19,"column":66},"end":{"line":19,"column":70}}]},"1":{"loc":{"start":{"line":35,"column":20},"end":{"line":35,"column":42}},"type":"binary-expr","locations":[{"start":{"line":35,"column":20},"end":{"line":35,"column":36}},{"start":{"line":35,"column":40},"end":{"line":35,"column":42}}]},"2":{"loc":{"start":{"line":36,"column":20},"end":{"line":36,"column":47}},"type":"binary-expr","locations":[{"start":{"line":36,"column":20},"end":{"line":36,"column":38}},{"start":{"line":36,"column":42},"end":{"line":36,"column":47}}]},"3":{"loc":{"start":{"line":59,"column":4},"end":{"line":65,"column":5}},"type":"if","locations":[{"start":{"line":59,"column":4},"end":{"line":65,"column":5}}]},"4":{"loc":{"start":{"line":82,"column":11},"end":{"line":82,"column":47}},"type":"binary-expr","locations":[{"start":{"line":82,"column":11},"end":{"line":82,"column":39}},{"start":{"line":82,"column":43},"end":{"line":82,"column":47}}]},"5":{"loc":{"start":{"line":88,"column":4},"end":{"line":88,"column":33}},"type":"if","locations":[{"start":{"line":88,"column":4},"end":{"line":88,"column":33}}]},"6":{"loc":{"start":{"line":97,"column":10},"end":{"line":101,"column":11}},"type":"if","locations":[{"start":{"line":97,"column":10},"end":{"line":101,"column":11}}]},"7":{"loc":{"start":{"line":115,"column":13},"end":{"line":115,"column":58}},"type":"cond-expr","locations":[{"start":{"line":115,"column":20},"end":{"line":115,"column":51}},{"start":{"line":115,"column":54},"end":{"line":115,"column":58}}]}},"s":{"0":2,"1":2,"2":2,"3":2,"4":2,"5":2,"6":28,"7":28,"8":28,"9":28,"10":19,"11":28,"12":1,"13":28,"14":3,"15":5,"16":4,"17":4,"18":4,"19":4,"20":4,"21":1,"22":2,"23":1,"24":1,"25":2,"26":2,"27":1,"28":0,"29":2,"30":2,"31":2,"32":1,"33":1,"34":5,"35":2,"36":2,"37":1,"38":1,"39":1,"40":1,"41":1,"42":1,"43":1,"44":1,"45":0,"46":28,"47":28,"48":28,"49":0,"50":5,"51":2,"52":4,"53":4,"54":4,"55":4,"56":0,"57":2,"58":2},"f":{"0":28,"1":19,"2":1,"3":3,"4":5,"5":4,"6":4,"7":1,"8":2,"9":1,"10":1,"11":2,"12":0,"13":2,"14":1,"15":1,"16":5,"17":2,"18":1,"19":1,"20":0,"21":28,"22":5,"23":2,"24":4},"b":{"0":[3,2],"1":[4,0],"2":[4,0],"3":[1],"4":[5,3],"5":[1],"6":[1],"7":[0,28]}}
,"/home/runner/workspace/naar-noor/src/app/services/cart.service.ts": {"path":"/home/runner/workspace/naar-noor/src/app/services/cart.service.ts","statementMap":{"0":{"start":{"line":1,"column":0},"end":{"line":1,"column":61}},"1":{"start":{"line":8,"column":7},"end":{"line":69,"column":null}},"2":{"start":{"line":9,"column":11},"end":{"line":9,"column":42}},"3":{"start":{"line":10,"column":11},"end":{"line":10,"column":34}},"4":{"start":{"line":12,"column":11},"end":{"line":12,"column":88}},"5":{"start":{"line":12,"column":34},"end":{"line":12,"column":86}},"6":{"start":{"line":12,"column":66},"end":{"line":12,"column":82}},"7":{"start":{"line":13,"column":11},"end":{"line":13,"column":98}},"8":{"start":{"line":13,"column":34},"end":{"line":13,"column":96}},"9":{"start":{"line":13,"column":66},"end":{"line":13,"column":92}},"10":{"start":{"line":14,"column":11},"end":{"line":14,"column":63}},"11":{"start":{"line":14,"column":36},"end":{"line":14,"column":61}},"12":{"start":{"line":16,"column":12},"end":{"line":16,"column":34}},"13":{"start":{"line":17,"column":12},"end":{"line":17,"column":35}},"14":{"start":{"line":18,"column":12},"end":{"line":18,"column":40}},"15":{"start":{"line":18,"column":36},"end":{"line":18,"column":38}},"16":{"start":{"line":21,"column":4},"end":{"line":29,"column":7}},"17":{"start":{"line":22,"column":23},"end":{"line":22,"column":71}},"18":{"start":{"line":22,"column":38},"end":{"line":22,"column":70}},"19":{"start":{"line":23,"column":6},"end":{"line":27,"column":7}},"20":{"start":{"line":24,"column":8},"end":{"line":26,"column":10}},"21":{"start":{"line":25,"column":10},"end":{"line":25,"column":83}},"22":{"start":{"line":28,"column":6},"end":{"line":28,"column":49}},"23":{"start":{"line":30,"column":4},"end":{"line":30,"column":26}},"24":{"start":{"line":34,"column":4},"end":{"line":36,"column":6}},"25":{"start":{"line":35,"column":6},"end":{"line":35,"column":81}},"26":{"start":{"line":35,"column":20},"end":{"line":35,"column":80}},"27":{"start":{"line":40,"column":4},"end":{"line":45,"column":7}},"28":{"start":{"line":41,"column":19},"end":{"line":41,"column":54}},"29":{"start":{"line":41,"column":34},"end":{"line":41,"column":53}},"30":{"start":{"line":42,"column":6},"end":{"line":42,"column":29}},"31":{"start":{"line":42,"column":17},"end":{"line":42,"column":29}},"32":{"start":{"line":43,"column":6},"end":{"line":43,"column":75}},"33":{"start":{"line":43,"column":30},"end":{"line":43,"column":75}},"34":{"start":{"line":43,"column":54},"end":{"line":43,"column":73}},"35":{"start":{"line":44,"column":6},"end":{"line":44,"column":89}},"36":{"start":{"line":44,"column":27},"end":{"line":44,"column":87}},"37":{"start":{"line":49,"column":4},"end":{"line":49,"column":69}},"38":{"start":{"line":49,"column":30},"end":{"line":49,"column":67}},"39":{"start":{"line":49,"column":47},"end":{"line":49,"column":66}},"40":{"start":{"line":53,"column":4},"end":{"line":53,"column":23}},"41":{"start":{"line":57,"column":4},"end":{"line":60,"column":5}},"42":{"start":{"line":58,"column":6},"end":{"line":58,"column":22}},"43":{"start":{"line":59,"column":6},"end":{"line":59,"column":13}},"44":{"start":{"line":61,"column":4},"end":{"line":63,"column":6}},"45":{"start":{"line":62,"column":6},"end":{"line":62,"column":70}},"46":{"start":{"line":62,"column":20},"end":{"line":62,"column":69}},"47":{"start":{"line":67,"column":4},"end":{"line":67,"column":41}},"48":{"start":{"line":8,"column":13},"end":{"line":8,"column":24}},"49":{"start":{"line":8,"column":13},"end":{"line":69,"column":null}}},"fnMap":{"0":{"name":"(anonymous_0)","decl":{"start":{"line":8,"column":7},"end":{"line":8,"column":13}},"loc":{"start":{"line":8,"column":7},"end":{"line":69,"column":1}}},"1":{"name":"(anonymous_1)","decl":{"start":{"line":12,"column":28},"end":{"line":12,"column":31}},"loc":{"start":{"line":12,"column":34},"end":{"line":12,"column":86}}},"2":{"name":"(anonymous_2)","decl":{"start":{"line":12,"column":54},"end":{"line":12,"column":55}},"loc":{"start":{"line":12,"column":66},"end":{"line":12,"column":82}}},"3":{"name":"(anonymous_3)","decl":{"start":{"line":13,"column":28},"end":{"line":13,"column":31}},"loc":{"start":{"line":13,"column":34},"end":{"line":13,"column":96}}},"4":{"name":"(anonymous_4)","decl":{"start":{"line":13,"column":54},"end":{"line":13,"column":55}},"loc":{"start":{"line":13,"column":66},"end":{"line":13,"column":92}}},"5":{"name":"(anonymous_5)","decl":{"start":{"line":14,"column":30},"end":{"line":14,"column":33}},"loc":{"start":{"line":14,"column":36},"end":{"line":14,"column":61}}},"6":{"name":"(anonymous_6)","decl":{"start":{"line":16,"column":2},"end":{"line":16,"column":6}},"loc":{"start":{"line":16,"column":6},"end":{"line":16,"column":36}}},"7":{"name":"(anonymous_7)","decl":{"start":{"line":17,"column":2},"end":{"line":17,"column":7}},"loc":{"start":{"line":17,"column":7},"end":{"line":17,"column":37}}},"8":{"name":"(anonymous_8)","decl":{"start":{"line":18,"column":2},"end":{"line":18,"column":8}},"loc":{"start":{"line":18,"column":8},"end":{"line":18,"column":42}}},"9":{"name":"(anonymous_9)","decl":{"start":{"line":18,"column":31},"end":{"line":18,"column":32}},"loc":{"start":{"line":18,"column":36},"end":{"line":18,"column":38}}},"10":{"name":"(anonymous_10)","decl":{"start":{"line":20,"column":2},"end":{"line":20,"column":5}},"loc":{"start":{"line":20,"column":38},"end":{"line":31,"column":3}}},"11":{"name":"(anonymous_11)","decl":{"start":{"line":21,"column":22},"end":{"line":21,"column":26}},"loc":{"start":{"line":21,"column":29},"end":{"line":29,"column":5}}},"12":{"name":"(anonymous_12)","decl":{"start":{"line":22,"column":33},"end":{"line":22,"column":34}},"loc":{"start":{"line":22,"column":38},"end":{"line":22,"column":70}}},"13":{"name":"(anonymous_13)","decl":{"start":{"line":24,"column":24},"end":{"line":24,"column":25}},"loc":{"start":{"line":25,"column":10},"end":{"line":25,"column":83}}},"14":{"name":"(anonymous_14)","decl":{"start":{"line":33,"column":2},"end":{"line":33,"column":11}},"loc":{"start":{"line":33,"column":22},"end":{"line":37,"column":3}}},"15":{"name":"(anonymous_15)","decl":{"start":{"line":34,"column":22},"end":{"line":34,"column":26}},"loc":{"start":{"line":35,"column":6},"end":{"line":35,"column":81}}},"16":{"name":"(anonymous_16)","decl":{"start":{"line":35,"column":15},"end":{"line":35,"column":16}},"loc":{"start":{"line":35,"column":20},"end":{"line":35,"column":80}}},"17":{"name":"(anonymous_17)","decl":{"start":{"line":39,"column":2},"end":{"line":39,"column":11}},"loc":{"start":{"line":39,"column":22},"end":{"line":46,"column":3}}},"18":{"name":"(anonymous_18)","decl":{"start":{"line":40,"column":22},"end":{"line":40,"column":26}},"loc":{"start":{"line":40,"column":29},"end":{"line":45,"column":5}}},"19":{"name":"(anonymous_19)","decl":{"start":{"line":41,"column":29},"end":{"line":41,"column":30}},"loc":{"start":{"line":41,"column":34},"end":{"line":41,"column":53}}},"20":{"name":"(anonymous_20)","decl":{"start":{"line":43,"column":49},"end":{"line":43,"column":50}},"loc":{"start":{"line":43,"column":54},"end":{"line":43,"column":73}}},"21":{"name":"(anonymous_21)","decl":{"start":{"line":44,"column":22},"end":{"line":44,"column":23}},"loc":{"start":{"line":44,"column":27},"end":{"line":44,"column":87}}},"22":{"name":"(anonymous_22)","decl":{"start":{"line":48,"column":2},"end":{"line":48,"column":8}},"loc":{"start":{"line":48,"column":19},"end":{"line":50,"column":3}}},"23":{"name":"(anonymous_23)","decl":{"start":{"line":49,"column":22},"end":{"line":49,"column":26}},"loc":{"start":{"line":49,"column":30},"end":{"line":49,"column":67}}},"24":{"name":"(anonymous_24)","decl":{"start":{"line":49,"column":42},"end":{"line":49,"column":43}},"loc":{"start":{"line":49,"column":47},"end":{"line":49,"column":66}}},"25":{"name":"(anonymous_25)","decl":{"start":{"line":52,"column":2},"end":{"line":52,"column":7}},"loc":{"start":{"line":52,"column":7},"end":{"line":54,"column":3}}},"26":{"name":"(anonymous_26)","decl":{"start":{"line":56,"column":2},"end":{"line":56,"column":13}},"loc":{"start":{"line":56,"column":37},"end":{"line":64,"column":3}}},"27":{"name":"(anonymous_27)","decl":{"start":{"line":61,"column":22},"end":{"line":61,"column":26}},"loc":{"start":{"line":62,"column":6},"end":{"line":62,"column":70}}},"28":{"name":"(anonymous_28)","decl":{"start":{"line":62,"column":15},"end":{"line":62,"column":16}},"loc":{"start":{"line":62,"column":20},"end":{"line":62,"column":69}}},"29":{"name":"(anonymous_29)","decl":{"start":{"line":66,"column":2},"end":{"line":66,"column":16}},"loc":{"start":{"line":66,"column":16},"end":{"line":68,"column":3}}}},"branchMap":{"0":{"loc":{"start":{"line":23,"column":6},"end":{"line":27,"column":7}},"type":"if","locations":[{"start":{"line":23,"column":6},"end":{"line":27,"column":7}}]},"1":{"loc":{"start":{"line":25,"column":10},"end":{"line":25,"column":83}},"type":"cond-expr","locations":[{"start":{"line":25,"column":45},"end":{"line":25,"column":79}},{"start":{"line":25,"column":82},"end":{"line":25,"column":83}}]},"2":{"loc":{"start":{"line":35,"column":20},"end":{"line":35,"column":80}},"type":"cond-expr","locations":[{"start":{"line":35,"column":42},"end":{"line":35,"column":76}},{"start":{"line":35,"column":79},"end":{"line":35,"column":80}}]},"3":{"loc":{"start":{"line":42,"column":6},"end":{"line":42,"column":29}},"type":"if","locations":[{"start":{"line":42,"column":6},"end":{"line":42,"column":29}}]},"4":{"loc":{"start":{"line":43,"column":6},"end":{"line":43,"column":75}},"type":"if","locations":[{"start":{"line":43,"column":6},"end":{"line":43,"column":75}}]},"5":{"loc":{"start":{"line":44,"column":27},"end":{"line":44,"column":87}},"type":"cond-expr","locations":[{"start":{"line":44,"column":49},"end":{"line":44,"column":83}},{"start":{"line":44,"column":86},"end":{"line":44,"column":87}}]},"6":{"loc":{"start":{"line":57,"column":4},"end":{"line":60,"column":5}},"type":"if","locations":[{"start":{"line":57,"column":4},"end":{"line":60,"column":5}}]},"7":{"loc":{"start":{"line":62,"column":20},"end":{"line":62,"column":69}},"type":"cond-expr","locations":[{"start":{"line":62,"column":42},"end":{"line":62,"column":65}},{"start":{"line":62,"column":68},"end":{"line":62,"column":69}}]}},"s":{"0":3,"1":3,"2":53,"3":53,"4":53,"5":28,"6":14,"7":53,"8":10,"9":12,"10":53,"11":7,"12":4,"13":3,"14":2,"15":2,"16":33,"17":33,"18":15,"19":33,"20":7,"21":10,"22":26,"23":33,"24":2,"25":2,"26":2,"27":2,"28":2,"29":2,"30":2,"31":0,"32":2,"33":1,"34":1,"35":1,"36":1,"3
[...]
l":{"start":{"line":98,"column":2},"end":{"line":98,"column":13}},"loc":{"start":{"line":98,"column":60},"end":{"line":111,"column":3}}},"12":{"name":"(anonymous_12)","decl":{"start":{"line":113,"column":10},"end":{"line":113,"column":19}},"loc":{"start":{"line":113,"column":33},"end":{"line":130,"column":3}}},"13":{"name":"(anonymous_13)","decl":{"start":{"line":132,"column":10},"end":{"line":132,"column":24}},"loc":{"start":{"line":132,"column":24},"end":{"line":143,"column":3}}},"14":{"name":"(anonymous_14)","decl":{"start":{"line":133,"column":41},"end":{"line":133,"column":44}},"loc":{"start":{"line":133,"column":46},"end":{"line":142,"column":5}}},"15":{"name":"(anonymous_15)","decl":{"start":{"line":145,"column":10},"end":{"line":145,"column":23}},"loc":{"start":{"line":145,"column":23},"end":{"line":150,"column":3}}}},"branchMap":{"0":{"loc":{"start":{"line":15,"column":4},"end":{"line":15,"column":28}},"type":"if","locations":[{"start":{"line":15,"column":4},"end":{"line":15,"column":28}}]},"1":{"loc":{"start":{"line":17,"column":18},"end":{"line":19,"column":10}},"type":"cond-expr","locations":[{"start":{"line":18,"column":8},"end":{"line":18,"column":88}},{"start":{"line":19,"column":8},"end":{"line":19,"column":10}}]},"2":{"loc":{"start":{"line":21,"column":4},"end":{"line":21,"column":23}},"type":"if","locations":[{"start":{"line":21,"column":4},"end":{"line":21,"column":23}}]},"3":{"loc":{"start":{"line":39,"column":8},"end":{"line":47,"column":9}},"type":"if","locations":[{"start":{"line":39,"column":8},"end":{"line":47,"column":9}},{"start":{"line":41,"column":15},"end":{"line":47,"column":9}}]},"4":{"loc":{"start":{"line":39,"column":12},"end":{"line":39,"column":69}},"type":"binary-expr","locations":[{"start":{"line":39,"column":12},"end":{"line":39,"column":37}},{"start":{"line":39,"column":41},"end":{"line":39,"column":69}}]},"5":{"loc":{"start":{"line":41,"column":15},"end":{"line":47,"column":9}},"type":"if","locations":[{"start":{"line":41,"column":15},"end":{"line":47,"column":9}}]},"6":{"loc":{"start":{"line":41,"column":19},"end":{"line":41,"column":84}},"type":"binary-expr","locations":[{"start":{"line":41,"column":19},"end":{"line":41,"column":51}},{"start":{"line":41,"column":55},"end":{"line":41,"column":84}}]},"7":{"loc":{"start":{"line":44,"column":10},"end":{"line":46,"column":11}},"type":"if","locations":[{"start":{"line":44,"column":10},"end":{"line":46,"column":11}}]},"8":{"loc":{"start":{"line":44,"column":14},"end":{"line":44,"column":37}},"type":"binary-expr","locations":[{"start":{"line":44,"column":14},"end":{"line":44,"column":22}},{"start":{"line":44,"column":26},"end":{"line":44,"column":37}}]},"9":{"loc":{"start":{"line":72,"column":6},"end":{"line":74,"column":7}},"type":"if","locations":[{"start":{"line":72,"column":6},"end":{"line":74,"column":7}}]},"10":{"loc":{"start":{"line":72,"column":10},"end":{"line":72,"column":49}},"type":"binary-expr","locations":[{"start":{"line":72,"column":10},"end":{"line":72,"column":24}},{"start":{"line":72,"column":28},"end":{"line":72,"column":49}}]},"11":{"loc":{"start":{"line":77,"column":4},"end":{"line":79,"column":5}},"type":"if","locations":[{"start":{"line":77,"column":4},"end":{"line":79,"column":5}}]},"12":{"loc":{"start":{"line":88,"column":6},"end":{"line":90,"column":7}},"type":"if","locations":[{"start":{"line":88,"column":6},"end":{"line":90,"column":7}}]},"13":{"loc":{"start":{"line":88,"column":10},"end":{"line":88,"column":49}},"type":"binary-expr","locations":[{"start":{"line":88,"column":10},"end":{"line":88,"column":24}},{"start":{"line":88,"column":28},"end":{"line":88,"column":49}}]},"14":{"loc":{"start":{"line":93,"column":4},"end":{"line":95,"column":5}},"type":"if","locations":[{"start":{"line":93,"column":4},"end":{"line":95,"column":5}}]},"15":{"loc":{"start":{"line":98,"column":46},"end":{"line":98,"column":60}},"type":"default-arg","locations":[{"start":{"line":98,"column":56},"end":{"line":98,"column":60}}]},"16":{"loc":{"start":{"line":99,"column":18},"end":{"line":99,"column":53}},"type":"cond-expr","locations":[{"start":{"line":99,"column":28},"end":{"line":99,"column":36}},{"start":{"line":99,"column":39},"end":{"line":99,"column":53}}]},"17":{"loc":{"start":{"line":102,"column":4},"end":{"line":109,"column":5}},"type":"if","locations":[{"start":{"line":102,"column":4},"end":{"line":109,"column":5}}]},"18":{"loc":{"start":{"line":114,"column":4},"end":{"line":114,"column":29}},"type":"if","locations":[{"start":{"line":114,"column":4},"end":{"line":114,"column":29}}]},"19":{"loc":{"start":{"line":134,"column":6},"end":{"line":141,"column":7}},"type":"if","locations":[{"start":{"line":134,"column":6},"end":{"line":141,"column":7}}]},"20":{"loc":{"start":{"line":146,"column":4},"end":{"line":149,"column":5}},"type":"if","locations":[{"start":{"line":146,"column":4},"end":{"line":149,"column":5}}]}},"s":{"0":1,"1":1,"2":1,"3":13,"4":13,"5":13,"6":13,"7":13,"8":13,"9":1,"10":12,"11":12,"12":0,"13":12,"14":12,"15":12,"16":6,"17":6,"18":6,"19":6,"20":12,"21":7,"22":7,"23":6,"24":5,"25":5,"26":5,"27":5,"28":2,"29":1,"30":12,"31":0,"32":0,"33":0,"34":0,"35":0,"36":12,"37":1,"38":5,"39":5,"40":5,"41":1,"42":1,"43":5,"44":5,"45":3,"46":3,"47":3,"48":1,"49":1,"50":3,"51":3,"52":2,"53":2,"54":2,"55":2,"56":2,"57":14,"58":0,"59":14,"60":6,"61":0,"62":0,"63":0,"64":0,"65":0,"66":1,"67":1},"f":{"0":13,"1":13,"2":6,"3":7,"4":0,"5":0,"6":1,"7":5,"8":1,"9":3,"10":1,"11":2,"12":14,"13":6,"14":0,"15":0},"b":{"0":[1],"1":[12,0],"2":[0],"3":[1,5],"4":[6,1],"5":[5],"6":[5,0],"7":[2],"8":[5,2],"9":[1],"10":[1,1],"11":[5],"12":[1],"13":[1,1],"14":[3],"15":[0],"16":[1,1],"17":[2],"18":[0],"19":[0],"20":[0]}}
,"/home/runner/workspace/naar-noor/src/app/services/seo.service.ts": {"path":"/home/runner/workspace/naar-noor/src/app/services/seo.service.ts","statementMap":{"0":{"start":{"line":1,"column":0},"end":{"line":1,"column":51}},"1":{"start":{"line":2,"column":0},"end":{"line":2,"column":56}},"2":{"start":{"line":7,"column":18},"end":{"line":7,"column":31}},"3":{"start":{"line":8,"column":18},"end":{"line":8,"column":45}},"4":{"start":{"line":9,"column":18},"end":{"line":9,"column":115}},"5":{"start":{"line":10,"column":18},"end":{"line":10,"column":53}},"6":{"start":{"line":11,"column":18},"end":{"line":11,"column":170}},"7":{"start":{"line":14,"column":7},"end":{"line":85,"column":null}},"8":{"start":{"line":15,"column":19},"end":{"line":15,"column":48}},"9":{"start":{"line":16,"column":19},"end":{"line":16,"column":47}},"10":{"start":{"line":19,"column":22},"end":{"line":19,"column":80}},"11":{"start":{"line":20,"column":22},"end":{"line":20,"column":52}},"12":{"start":{"line":21,"column":22},"end":{"line":21,"column":51}},"13":{"start":{"line":22,"column":22},"end":{"line":22,"column":53}},"14":{"start":{"line":23,"column":22},"end":{"line":23,"column":52}},"15":{"start":{"line":24,"column":22},"end":{"line":24,"column":50}},"16":{"start":{"line":26,"column":4},"end":{"line":26,"column":42}},"17":{"start":{"line":28,"column":4},"end":{"line":28,"column":71}},"18":{"start":{"line":29,"column":4},"end":{"line":29,"column":75}},"19":{"start":{"line":30,"column":4},"end":{"line":30,"column":76}},"20":{"start":{"line":31,"column":4},"end":{"line":31,"column":71}},"21":{"start":{"line":32,"column":4},"end":{"line":32,"column":72}},"22":{"start":{"line":33,"column":4},"end":{"line":33,"column":71}},"23":{"start":{"line":34,"column":4},"end":{"line":34,"column":70}},"24":{"start":{"line":35,"column":4},"end":{"line":35,"column":71}},"25":{"start":{"line":36,"column":4},"end":{"line":36,"column":74}},"26":{"start":{"line":37,"column":4},"end":{"line":37,"column":89}},"27":{"start":{"line":38,"column":4},"end":{"line":38,"column":77}},"28":{"start":{"line":39,"column":4},"end":{"line":39,"column":72}},"29":{"start":{"line":40,"column":4},"end":{"line":40,"column":73}},"30":{"start":{"line":42,"column":4},"end":{"line":46,"column":5}},"31":{"start":{"line":43,"column":6},"end":{"line":43,"column":76}},"32":{"start":{"line":45,"column":6},"end":{"line":45,"column":72}},"33":{"start":{"line":48,"column":4},"end":{"line":56,"column":5}},"34":{"start":{"line":49,"column":17},"end":{"line":49,"column":81}},"35":{"start":{"line":50,"column":6},"end":{"line":54,"column":7}},"36":{"start":{"line":51,"column":8},"end":{"line":51,"column":46}},"37":{"start":{"line":52,"column":8},"end":{"line":52,"column":31}},"38":{"start":{"line":53,"column":8},"end":{"line":53,"column":40}},"39":{"start":{"line":55,"column":6},"end":{"line":55,"column":38}},"40":{"start":{"line":60,"column":4},"end":{"line":67,"column":7}},"41":{"start":{"line":71,"column":4},"end":{"line":75,"column":7}},"42":{"start":{"line":79,"column":4},"end":{"line":83,"column":7}},"43":{"start":{"line":14,"column":13},"end":{"line":14,"column":23}},"44":{"start":{"line":14,"column":13},"end":{"line":85,"column":null}}},"fnMap":{"0":{"name":"(anonymous_0)","decl":{"start":{"line":14,"column":7},"end":{"line":14,"column":13}},"loc":{"start":{"line":14,"column":7},"end":{"line":85,"column":1}}},"1":{"name":"(anonymous_1)","decl":{"start":{"line":18,"column":2},"end":{"line":18,"column":5}},"loc":{"start":{"line":18,"column":23},"end":{"line":57,"column":3}}},"2":{"name":"(anonymous_2)","decl":{"start":{"line":59,"column":2},"end":{"line":59,"column":9}},"loc":{"start":{"line":59,"column":9},"end":{"line":68,"column":3}}},"3":{"name":"(anonymous_3)","decl":{"start":{"line":70,"column":2},"end":{"line":70,"column":13}},"loc":{"start":{"line":70,"column":13},"end":{"line":76,"column":3}}},"4":{"name":"(anonymous_4)","decl":{"start":{"line":78,"column":2},"end":{"line":78,"column":19}},"loc":{"start":{"line":78,"column":19},"end":{"line":84,"column":3}}}},"branchMap":{"0":{"loc":{"start":{"line":19,"column":22},"end":{"line":19,"column":80}},"type":"cond-expr","locations":[{"start":{"line":19,"column":46},"end":{"line":19,"column":50}},{"start":{"line":19,"column":53},"end":{"line":19,"column":80}}]},"1":{"loc":{"start":{"line":20,"column":22},"end":{"line":20,"column":52}},"type":"binary-expr","locations":[{"start":{"line":20,"column":22},"end":{"line":20,"column":40}},{"start":{"line":20,"column":44},"end":{"line":20,"column":52}}]},"2":{"loc":{"start":{"line":21,"column":22},"end":{"line":21,"column":51}},"type":"binary-expr","locations":[{"start":{"line":21,"column":22},"end":{"line":21,"column":36}},{"start":{"line":21,"column":44},"end":{"line":21,"column":51}}]},"3":{"loc":{"start":{"line":22,"column":22},"end":{"line":22,"column":53}},"type":"binary-expr","locations":[{"start":{"line":22,"column":22},"end":{"line":22,"column":35}},{"start":{"line":22,"column":44},"end":{"line":22,"column":53}}]},"4":{"loc":{"start":{"line":23,"column":22},"end":{"line":23,"column":52}},"type":"binary-expr","locations":[{"start":{"line":23,"column":22},"end":{"line":23,"column":34}},{"start":{"line":23,"column":44},"end":{"line":23,"column":52}}]},"5":{"loc":{"start":{"line":24,"column":22},"end":{"line":24,"column":50}},"type":"binary-expr","locations":[{"start":{"line":24,"column":22},"end":{"line":24,"column":37}},{"start":{"line":24,"column":44},"end":{"line":24,"column":50}}]},"6":{"loc":{"start":{"line":42,"column":4},"end":{"line":46,"column":5}},"type":"if","locations":[{"start":{"line":42,"column":4},"end":{"line":46,"column":5}},{"start":{"line":44,"column":11},"end":{"line":46,"column":5}}]},"7":{"loc":{"start":{"line":48,"column":4},"end":{"line":56,"column":5}},"type":"if","locations":[{"start":{"line":48,"column":4},"end":{"line":56,"column":5}}]},"8":{"loc":{"start":{"line":50,"column":6},"end":{"line":54,"column":7}},"type":"if","locations":[{"start":{"line":50,"column":6},"end":{"line":54,"column":7}}]}},"s":{"0":1,"1":1,"2":1,"3":1,"4":1,"5":1,"6":1,"7":1,"8":23,"9":23,"10":25,"11":25,"12":25,"13":25,"14":25,"15":25,"16":25,"17":25,"18":25,"19":25,"20":25,"21":25,"22":25,"23":25,"24":25,"25":25,"26":25,"27":25,"28":25,"29":25,"30":25,"31":2,"32":23,"33":25,"34":5,"35":5,"36":2,"37":2,"38":2,"39":5,"40":2,"41":1,"42":1,"43":1,"44":1},"f":{"0":23,"1":25,"2":2,"3":1,"4":1},"b":{"0":[1,24],"1":[25,16],"2":[25,23],"3":[25,22],"4":[25,23],"5":[25,23],"6":[2,23],"7":[5],"8":[2]}}
,"/home/runner/workspace/naar-noor/src/app/services/theme.service.ts": {"path":"/home/runner/workspace/naar-noor/src/app/services/theme.service.ts","statementMap":{"0":{"start":{"line":1,"column":0},"end":{"line":1,"column":69}},"1":{"start":{"line":5,"column":19},"end":{"line":5,"column":63}},"2":{"start":{"line":7,"column":11},"end":{"line":7,"column":51}},"3":{"start":{"line":7,"column":35},"end":{"line":7,"column":49}},"4":{"start":{"line":11,"column":4},"end":{"line":22,"column":7}},"5":{"start":{"line":12,"column":19},"end":{"line":12,"column":33}},"6":{"start":{"line":13,"column":19},"end":{"line":13,"column":43}},"7":{"start":{"line":14,"column":6},"end":{"line":20,"column":7}},"8":{"start":{"line":15,"column":8},"end":{"line":15,"column":45}},"9":{"start":{"line":16,"column":8},"end":{"line":16,"column":41}},"10":{"start":{"line":18,"column":8},"end":{"line":18,"column":44}},"11":{"start":{"line":19,"column":8},"end":{"line":19,"column":42}},"12":{"start":{"line":21,"column":6},"end":{"line":21,"column":64}},"13":{"start":{"line":26,"column":4},"end":{"line":26,"column":33}},"14":{"start":{"line":26,"column":29},"end":{"line":26,"column":31}},"15":{"start":{"line":30,"column":4},"end":{"line":33,"column":28}},"16":{"start":{"line":31,"column":21},"end":{"line":31,"column":53}},"17":{"start":{"line":32,"column":6},"end":{"line":32,"column":43}},"18":{"start":{"line":32,"column":18},"end":{"line":32,"column":43}},"19":{"start":{"line":34,"column":4},"end":{"line":34,"column":16}},"20":{"start":{"line":4,"column":13},"end":{"line":4,"column":25}},"21":{"start":{"line":4,"column":13},"end":{"line":36,"column":null}}},"fnMap":{"0":{"name":"(anonymous_0)","decl":{"start":{"line":9,"column":2},"end":{"line":9,"column":null}},"loc":{"start":{"line":9,"column":2},"end":{"line":23,"column":3}}},"1":{"name":"(anonymous_1)","decl":{"start":{"line":7,"column":29},"end":{"line":7,"column":32}},"loc":{"start":{"line":7,"column":35},"end":{"line":7,"column":49}}},"2":{"name":"(anonymous_2)","decl":{"start":{"line":11,"column":11},"end":{"line":11,"column":14}},"loc":{"start":{"line":11,"column":16},"end":{"line":22,"column":5}}},"3":{"name":"(anonymous_3)","decl":{"start":{"line":25,"column":2},"end":{"line":25,"column":8}},"loc":{"start":{"line":25,"column":8},"end":{"line":27,"column":3}}},"4":{"name":"(anonymous_4)","decl":{"start":{"line":26,"column":24},"end":{"line":26,"column":25}},"loc":{"start":{"line":26,"column":29},"end":{"line":26,"column":31}}},"5":{"name":"(anonymous_5)","decl":{"start":{"line":29,"column":10},"end":{"line":29,"column":19}},"loc":{"start":{"line":29,"column":19},"end":{"line":35,"column":3}}}},"branchMap":{"0":{"loc":{"start":{"line":14,"column":6},"end":{"line":20,"column":7}},"type":"if","locations":[{"start":{"line":14,"column":6},"end":{"line":20,"column":7}},{"start":{"line":17,"column":13},"end":{"line":20,"column":7}}]},"1":{"loc":{"start":{"line":21,"column":39},"end":{"line":21,"column":62}},"type":"cond-expr","locations":[{"start":{"line":21,"column":46},"end":{"line":21,"column":52}},{"start":{"line":21,"column":55},"end":{"line":21,"column":62}}]},"2":{"loc":{"start":{"line":32,"column":6},"end":{"line":32,"column":43}},"type":"if","locations":[{"start":{"line":32,"column":6},"end":{"line":32,"column":43}}]}},"s":{"0":2,"1":22,"2":22,"3":24,"4":22,"5":22,"6":22,"7":22,"8":20,"9":20,"10":2,"11":2,"12":22,"13":6,"14":6,"15":22,"16":22,"17":22,"18":6,"19":16,"20":2,"21":2},"f":{"0":22,"1":24,"2":22,"3":6,"4":6,"5":22},"b":{"0":[20,2],"1":[20,2],"2":[6]}}
,"/home/runner/workspace/naar-noor/src/app/services/toast.service.ts": {"path":"/home/runner/workspace/naar-noor/src/app/services/toast.service.ts","statementMap":{"0":{"start":{"line":1,"column":0},"end":{"line":1,"column":51}},"1":{"start":{"line":8,"column":7},"end":{"line":37,"column":null}},"2":{"start":{"line":9,"column":10},"end":{"line":9,"column":22}},"3":{"start":{"line":10,"column":11},"end":{"line":10,"column":40}},"4":{"start":{"line":13,"column":4},"end":{"line":13,"column":66}},"5":{"start":{"line":17,"column":4},"end":{"line":17,"column":64}},"6":{"start":{"line":21,"column":4},"end":{"line":21,"column":66}},"7":{"start":{"line":25,"column":4},"end":{"line":25,"column":63}},"8":{"start":{"line":29,"column":4},"end":{"line":29,"column":62}},"9":{"start":{"line":29,"column":31},"end":{"line":29,"column":60}},"10":{"start":{"line":29,"column":48},"end":{"line":29,"column":59}},"11":{"start":{"line":33,"column":15},"end":{"line":33,"column":29}},"12":{"start":{"line":34,"column":4},"end":{"line":34,"column":60}},"13":{"start":{"line":34,"column":31},"end":{"line":34,"column":58}},"14":{"start":{"line":35,"column":4},"end":{"line":35,"column":55}},"15":{"start":{"line":35,"column":21},"end":{"line":35,"column":37}},"16":{"start":{"line":8,"column":13},"end":{"line":8,"column":25}},"17":{"start":{"line":8,"column":13},"end":{"line":37,"column":null}}},"fnMap":{"0":{"name":"(anonymous_0)","decl":{"start":{"line":8,"column":7},"end":{"line":8,"column":13}},"loc":{"start":{"line":8,"column":7},"end":{"line":37,"column":1}}},"1":{"name":"(anonymous_1)","decl":{"start":{"line":12,"column":2},"end":{"line":12,"column":9}},"loc":{"start":{"line":12,"column":55},"end":{"line":14,"column":3}}},"2":{"name":"(anonymous_2)","decl":{"start":{"line":16,"column":2},"end":{"line":16,"column":7}},"loc":{"start":{"line":16,"column":55},"end":{"line":18,"column":3}}},"3":{"name":"(anonymous_3)","decl":{"start":{"line":20,"column":2},"end":{"line":20,"column":9}},"loc":{"start":{"line":20,"column":49},"end":{"line":22,"column":3}}},"4":{"name":"(anonymous_4)","decl":{"start":{"line":24,"column":2},"end":{"line":24,"column":6}},"loc":{"start":{"line":24,"column":38},"end":{"line":26,"column":3}}},"5":{"name":"(anonymous_5)","decl":{"start":{"line":28,"column":2},"end":{"line":28,"column":9}},"loc":{"start":{"line":28,"column":20},"end":{"line":30,"column":3}}},"6":{"name":"(anonymous_6)","decl":{"start":{"line":29,"column":23},"end":{"line":29,"column":27}},"loc":{"start":{"line":29,"column":31},"end":{"line":29,"column":60}}},"7":{"name":"(anonymous_7)","decl":{"start":{"line":29,"column":43},"end":{"line":29,"column":44}},"loc":{"start":{"line":29,"column":48},"end":{"line":29,"column":59}}},"8":{"name":"(anonymous_8)","decl":{"start":{"line":32,"column":10},"end":{"line":32,"column":13}},"loc":{"start":{"line":32,"column":61},"end":{"line":36,"column":3}}},"9":{"name":"(anonymous_9)","decl":{"start":{"line":34,"column":23},"end":{"line":34,"column":27}},"loc":{"start":{"line":34,"column":31},"end":{"line":34,"column":58}}},"10":{"name":"(anonymous_10)","decl":{"start":{"line":35,"column":15},"end":{"line":35,"column":18}},"loc":{"start":{"line":35,"column":21},"end":{"line":35,"column":37}}}},"branchMap":{"0":{"loc":{"start":{"line":12,"column":27},"end":{"line":12,"column":55}},"type":"default-arg","locations":[{"start":{"line":12,"column":35},"end":{"line":12,"column":55}}]},"1":{"loc":{"start":{"line":16,"column":25},"end":{"line":16,"column":55}},"type":"default-arg","locations":[{"start":{"line":16,"column":33},"end":{"line":16,"column":55}}]},"2":{"loc":{"start":{"line":20,"column":27},"end":{"line":20,"column":49}},"type":"default-arg","locations":[{"start":{"line":20,"column":35},"end":{"line":20,"column":49}}]},"3":{"loc":{"start":{"line":24,"column":24},"end":{"line":24,"column":38}},"type":"default-arg","locations":[{"start":{"line":24,"column":32},"end":{"line":24,"column":38}}]}},"s":{"0":4,"1":4,"2":65,"3":65,"4":15,"5":9,"6":4,"7":4,"8":3,"9":3,"10":4,"11":32,"12":32,"13":32,"14":32,"15":1,"16":4,"17":4},"f":{"0":65,"1":15,"2":9,"3":4,"4":4,"5":3,"6":3,"7":4,"8":32,"9":32,"10":1},"b":{"0":[15],"1":[9],"2":[4],"3":[4]}}
}
