TN:
SF:src/app/components/animated-background/animated-background.component.ts
FN:11,(anonymous_0)
FNF:1
FNH:1
FNDA:2,(anonymous_0)
DA:1,1
DA:2,1
DA:11,1
DA:12,2
LF:4
LH:4
BRF:0
BRH:0
end_of_record
TN:
SF:src/app/components/auth-modal/auth-modal.component.ts
FN:265,(anonymous_0)
FN:269,(anonymous_1)
FN:283,(anonymous_2)
FN:288,(anonymous_3)
FN:300,(anonymous_4)
FN:307,(anonymous_5)
FN:322,(anonymous_6)
FN:324,(anonymous_7)
FN:331,(anonymous_8)
FN:333,(anonymous_9)
FN:334,(anonymous_10)
FN:336,(anonymous_11)
FN:343,(anonymous_12)
FN:352,(anonymous_13)
FN:359,(anonymous_14)
FN:366,(anonymous_15)
FN:376,(anonymous_16)
FN:383,(anonymous_17)
FN:395,(anonymous_18)
FNF:19
FNH:5
FNDA:14,(anonymous_0)
FNDA:14,(anonymous_1)
FNDA:0,(anonymous_2)
FNDA:14,(anonymous_3)
FNDA:0,(anonymous_4)
FNDA:0,(anonymous_5)
FNDA:0,(anonymous_6)
FNDA:0,(anonymous_7)
FNDA:0,(anonymous_8)
FNDA:0,(anonymous_9)
FNDA:0,(anonymous_10)
FNDA:0,(anonymous_11)
FNDA:0,(anonymous_12)
FNDA:0,(anonymous_13)
FNDA:0,(anonymous_14)
FNDA:0,(anonymous_15)
FNDA:0,(anonymous_16)
FNDA:14,(anonymous_17)
FNDA:14,(anonymous_18)
DA:1,1
DA:6,1
DA:7,1
DA:8,1
DA:9,1
DA:11,1
DA:242,1
DA:243,14
DA:244,14
DA:246,14
DA:247,14
DA:248,14
DA:249,14
DA:251,14
DA:252,14
DA:253,14
DA:254,14
DA:255,14
DA:261,14
DA:263,14
DA:266,14
DA:270,14
DA:271,14
DA:273,0
DA:274,0
DA:275,0
DA:276,0
DA:277,0
DA:279,0
DA:281,14
DA:283,14
DA:290,14
DA:291,0
DA:292,0
DA:293,0
DA:294,0
DA:301,0
DA:302,0
DA:304,0
DA:306,0
DA:307,0
DA:309,0
DA:311,0
DA:312,0
DA:314,0
DA:315,0
DA:317,0
DA:322,0
DA:325,0
DA:326,0
DA:327,0
DA:328,0
DA:331,0
DA:333,0
DA:334,0
DA:337,0
DA:338,0
DA:339,0
DA:340,0
DA:342,0
DA:344,0
DA:345,0
DA:346,0
DA:347,0
DA:349,0
DA:353,0
DA:354,0
DA:360,0
DA:361,0
DA:362,0
DA:363,0
DA:365,0
DA:367,0
DA:368,0
DA:369,0
DA:370,0
DA:371,0
DA:373,0
DA:377,0
DA:378,0
DA:384,14
DA:388,14
DA:396,14
LF:83
LH:29
BRDA:270,0,0,14
BRDA:271,1,0,0
BRDA:271,1,1,14
BRDA:290,2,0,0
BRDA:290,3,0,14
BRDA:290,3,1,0
BRDA:292,4,0,0
BRDA:301,5,0,0
BRDA:302,6,0,0
BRDA:304,7,0,0
BRDA:304,7,1,0
BRDA:309,8,0,0
BRDA:314,9,0,0
BRDA:314,9,1,0
BRDA:315,10,0,0
BRDA:317,11,0,0
BRDA:322,12,0,0
BRDA:337,13,0,0
BRDA:345,14,0,0
BRDA:345,14,1,0
BRDA:360,15,0,0
BRDA:368,16,0,0
BRDA:368,16,1,0
BRDA:396,17,0,14
BRDA:396,17,1,0
BRF:25
BRH:4
end_of_record
TN:
SF:src/app/components/cart-drawer/cart-drawer.component.ts
FN:340,(anonymous_0)
FN:365,(anonymous_1)
FN:369,(anonymous_2)
FN:373,(anonymous_3)
FN:385,(anonymous_4)
FN:397,(anonymous_5)
FN:398,(anonymous_6)
FN:399,(anonymous_7)
FN:400,(anonymous_8)
FN:402,(anonymous_9)
FN:407,(anonymous_10)
FN:408,(anonymous_11)
FN:410,(anonymous_12)
FN:412,(anonymous_13)
FN:421,(anonymous_14)
FN:427,(anonymous_15)
FN:443,(anonymous_16)
FN:450,(anonymous_17)
FN:456,(anonymous_18)
FNF:19
FNH:17
FNDA:24,(anonymous_0)
FNDA:24,(anonymous_1)
FNDA:24,(anonymous_2)
FNDA:25,(anonymous_3)
FNDA:9,(anonymous_4)
FNDA:2,(anonymous_5)
FNDA:1,(anonymous_6)
FNDA:1,(anonymous_7)
FNDA:0,(anonymous_8)
FNDA:1,(anonymous_9)
FNDA:2,(anonymous_10)
FNDA:1,(anonymous_11)
FNDA:1,(anonymous_12)
FNDA:0,(anonymous_13)
FNDA:1,(anonymous_14)
FNDA:5,(anonymous_15)
FNDA:3,(anonymous_16)
FNDA:3,(anonymous_17)
FNDA:1,(anonymous_18)
DA:1,1
DA:4,1
DA:5,1
DA:6,1
DA:8,1
DA:9,1
DA:10,1
DA:340,1
DA:341,24
DA:342,24
DA:343,24
DA:344,24
DA:346,24
DA:348,24
DA:349,24
DA:353,24
DA:359,24
DA:366,24
DA:370,24
DA:374,25
DA:375,25
DA:385,25
DA:386,9
DA:387,9
DA:388,9
DA:389,9
DA:390,9
DA:391,9
DA:392,9
DA:393,9
DA:397,2
DA:398,1
DA:399,1
DA:400,0
DA:403,1
DA:404,1
DA:407,2
DA:408,1
DA:411,1
DA:412,1
DA:413,0
DA:414,0
DA:415,0
DA:416,0
DA:422,1
DA:423,1
DA:424,1
DA:428,5
DA:429,1
DA:430,1
DA:432,4
DA:433,4
DA:435,4
DA:443,3
DA:451,3
DA:452,3
DA:453,3
DA:454,3
DA:457,1
DA:458,1
DA:461,1
LF:61
LH:56
BRDA:390,0,0,2
BRDA:391,1,0,1
BRDA:397,2,0,2
BRDA:397,2,1,0
BRDA:404,3,0,1
BRDA:404,3,1,1
BRDA:404,3,2,1
BRDA:413,4,0,0
BRDA:428,5,0,1
BRDA:439,6,0,4
BRDA:439,6,1,4
BRDA:441,7,0,4
BRDA:441,7,1,4
BRDA:442,8,0,4
BRDA:442,8,1,4
BRDA:452,9,0,3
BRDA:452,9,1,0
BRDA:458,10,0,1
BRDA:458,10,1,0
BRF:19
BRH:15
end_of_record
TN:
SF:src/app/components/custom-calendar/custom-calendar.component.ts
FN:29,(anonymous_0)
FN:31,(anonymous_1)
FN:35,(anonymous_2)
FN:42,(anonymous_3)
FN:48,(anonymous_4)
FN:56,(anonymous_5)
FN:92,(anonymous_6)
FN:101,(anonymous_7)
FN:110,(anonymous_8)
FN:118,(anonymous_9)
FN:123,(anonymous_10)
FN:128,(anonymous_11)
FN:134,(anonymous_12)
FN:141,(anonymous_13)
FNF:14
FNH:14
FNDA:29,(anonymous_0)
FNDA:29,(anonymous_1)
FNDA:4,(anonymous_2)
FNDA:30,(anonymous_3)
FNDA:4,(anonymous_4)
FNDA:36,(anonymous_5)
FNDA:1,(anonymous_6)
FNDA:1,(anonymous_7)
FNDA:5,(anonymous_8)
FNDA:1,(anonymous_9)
FNDA:3,(anonymous_10)
FNDA:3,(anonymous_11)
FNDA:7,(anonymous_12)
FNDA:60,(anonymous_13)
DA:1,1
DA:2,1
DA:3,1
DA:14,1
DA:15,29
DA:16,29
DA:18,29
DA:19,29
DA:21,29
DA:22,29
DA:24,29
DA:27,29
DA:29,29
DA:32,29
DA:35,29
DA:36,4
DA:37,1
DA:43,30
DA:44,30
DA:49,4
DA:50,4
DA:51,3
DA:52,3
DA:57,36
DA:58,36
DA:60,36
DA:61,36
DA:62,36
DA:63,36
DA:65,36
DA:66,36
DA:69,36
DA:70,42
DA:74,36
DA:75,1083
DA:77,1083
DA:78,145
DA:79,145
DA:84,36
DA:85,36
DA:86,142
DA:88,36
DA:93,1
DA:98,1
DA:102,1
DA:107,1
DA:111,5
DA:112,3
DA:113,3
DA:114,3
DA:119,1
DA:120,1
DA:124,3
DA:125,1
DA:129,3
DA:130,2
DA:131,2
DA:135,7
DA:136,6
DA:137,6
DA:138,6
DA:142,60
DA:143,1
DA:149,1
LF:64
LH:64
BRDA:36,0,0,1
BRDA:43,1,0,30
BRDA:50,2,0,3
BRDA:77,3,0,145
BRDA:84,4,0,36
BRDA:111,5,0,3
BRDA:111,6,0,5
BRDA:111,6,1,4
BRDA:124,7,0,2
BRDA:124,8,0,3
BRDA:124,8,1,2
BRDA:129,9,0,1
BRDA:135,10,0,1
BRDA:142,11,0,59
BRF:14
BRH:14
end_of_record
TN:
SF:src/app/components/custom-dropdown/custom-dropdown.component.ts
FN:25,(anonymous_0)
FN:27,(anonymous_1)
FN:29,(anonymous_2)
FN:36,(anonymous_3)
FN:42,(anonymous_4)
FN:49,(anonymous_5)
FN:55,(anonymous_6)
FNF:7
FNH:7
FNDA:11,(anonymous_0)
FNDA:11,(anonymous_1)
FNDA:5,(anonymous_2)
FNDA:12,(anonymous_3)
FNDA:5,(anonymous_4)
FNDA:3,(anonymous_5)
FNDA:24,(anonymous_6)
DA:1,1
DA:2,1
DA:3,1
DA:14,1
DA:15,11
DA:16,11
DA:17,11
DA:18,11
DA:19,11
DA:21,11
DA:22,11
DA:25,11
DA:29,11
DA:30,5
DA:31,1
DA:37,12
DA:38,12
DA:43,5
DA:44,5
DA:45,4
DA:50,3
DA:51,3
DA:52,3
DA:56,24
LF:24
LH:24
BRDA:30,0,0,1
BRDA:37,1,0,12
BRDA:44,2,0,4
BRDA:56,3,0,24
BRDA:56,3,1,23
BRF:5
BRH:5
end_of_record
TN:
SF:src/app/components/footer/footer.component.ts
FN:13,(anonymous_0)
FNF:1
FNH:1
FNDA:3,(anonymous_0)
DA:1,1
DA:2,1
DA:3,1
DA:13,1
DA:14,3
LF:5
LH:5
BRF:0
BRH:0
end_of_record
TN:
SF:src/app/components/header/header.component.ts
FN:17,(anonymous_0)
FN:27,(anonymous_1)
FN:32,(anonymous_2)
FN:37,(anonymous_3)
FN:38,(anonymous_4)
FN:41,(anonymous_5)
FN:47,(anonymous_6)
FN:51,(anonymous_7)
FN:59,(anonymous_8)
FNF:9
FNH:8
FNDA:14,(anonymous_0)
FNDA:1,(anonymous_1)
FNDA:4,(anonymous_2)
FNDA:3,(anonymous_3)
FNDA:3,(anonymous_4)
FNDA:3,(anonymous_5)
FNDA:1,(anonymous_6)
FNDA:0,(anonymous_7)
FNDA:1,(anonymous_8)
DA:1,1
DA:2,1
DA:3,1
DA:4,1
DA:5,1
DA:6,1
DA:7,1
DA:17,1
DA:18,14
DA:19,14
DA:20,14
DA:22,14
DA:23,14
DA:24,14
DA:25,14
DA:28,1
DA:29,1
DA:33,4
DA:34,4
DA:38,3
DA:42,3
DA:43,3
DA:44,3
DA:48,1
DA:52,0
DA:53,0
DA:54,0
DA:60,1
DA:61,1
LF:29
LH:26
BRDA:29,0,0,0
BRDA:29,0,1,1
BRDA:34,1,0,3
BRDA:60,2,0,1
BRF:4
BRH:3
end_of_record
TN:
SF:src/app/components/toast/toast.component.ts
FN:108,(anonymous_0)
FN:111,(anonymous_1)
FN:111,(anonymous_2)
FN:112,(anonymous_3)
FN:112,(anonymous_4)
FN:114,(anonymous_5)
FN:116,(anonymous_6)
FN:125,(anonymous_7)
FNF:8
FNH:8
FNDA:12,(anonymous_0)
FNDA:28,(anonymous_1)
FNDA:11,(anonymous_2)
FNDA:28,(anonymous_3)
FNDA:12,(anonymous_4)
FNDA:5,(anonymous_5)
FNDA:10,(anonymous_6)
FNDA:1,(anonymous_7)
DA:1,1
DA:2,1
DA:3,1
DA:4,1
DA:108,1
DA:109,12
DA:111,28
DA:112,28
DA:114,5
DA:117,10
DA:122,10
DA:125,1
LF:12
LH:12
BRDA:122,0,0,10
BRDA:122,0,1,1
BRF:2
BRH:2
end_of_record
TN:
SF:src/app/services/api.service.ts
FN:35,(anonymous_0)
FN:57,(anonymous_1)
FN:63,(anonymous_2)
FN:68,(anonymous_3)
FN:68,(anonymous_4)
FN:72,(anonymous_5)
FN:75,(anonymous_6)
FN:82,(anonymous_7)
FN:84,(anonymous_8)
FN:84,(anonymous_9)
FN:88,(anonymous_10)
FN:92,(anonymous_11)
FN:94,(anonymous_12)
FN:98,(anonymous_13)
FN:100,(anonymous_14)
FN:104,(anonymous_15)
FN:106,(anonymous_16)
FN:110,(anonymous_17)
FN:112,(anonymous_18)
FN:116,(anonymous_19)
FNF:20
FNH:12
FNDA:33,(anonymous_0)
FNDA:4,(anonymous_1)
FNDA:4,(anonymous_2)
FNDA:4,(anonymous_3)
FNDA:2,(anonymous_4)
FNDA:0,(anonymous_5)
FNDA:0,(anonymous_6)
FNDA:2,(anonymous_7)
FNDA:2,(anonymous_8)
FNDA:2,(anonymous_9)
FNDA:0,(anonymous_10)
FNDA:2,(anonymous_11)
FNDA:0,(anonymous_12)
FNDA:1,(anonymous_13)
FNDA:0,(anonymous_14)
FNDA:1,(anonymous_15)
FNDA:0,(anonymous_16)
FNDA:1,(anonymous_17)
FNDA:0,(anonymous_18)
FNDA:0,(anonymous_19)
DA:1,2
DA:2,2
DA:3,2
DA:4,2
DA:5,2
DA:35,2
DA:36,33
DA:37,33
DA:40,33
DA:48,33
DA:52,33
DA:58,4
DA:59,1
DA:60,1
DA:64,4
DA:67,4
DA:68,4
DA:73,0
DA:74,0
DA:75,0
DA:77,0
DA:83,2
DA:84,2
DA:88,0
DA:93,2
DA:94,0
DA:99,1
DA:100,0
DA:105,1
DA:106,0
DA:111,1
DA:112,0
DA:117,0
LF:33
LH:23
BRDA:58,0,0,3
BRDA:59,1,0,0
BRDA:59,2,0,1
BRDA:59,2,1,1
BRDA:59,2,2,1
BRDA:64,3,0,1
BRDA:64,3,1,3
BRDA:74,4,0,0
BRF:8
BRH:6
end_of_record
TN:
SF:src/app/services/auth.service.ts
FN:10,(anonymous_0)
FN:17,(anonymous_1)
FN:18,(anonymous_2)
FN:19,(anonymous_3)
FN:26,(anonymous_4)
FN:30,(anonymous_5)
FN:41,(anonymous_6)
FN:42,(anonymous_7)
FN:47,(anonymous_8)
FN:51,(anonymous_9)
FN:52,(anonymous_10)
FN:57,(anonymous_11)
FN:63,(anonymous_12)
FN:71,(anonymous_13)
FN:75,(anonymous_14)
FN:76,(anonymous_15)
FN:81,(anonymous_16)
FN:86,(anonymous_17)
FN:95,(anonymous_18)
FN:103,(anonymous_19)
FN:104,(anonymous_20)
FN:112,(anonymous_21)
FN:121,(anonymous_22)
FN:125,(anonymous_23)
FN:129,(anonymous_24)
FNF:25
FNH:23
FNDA:28,(anonymous_0)
FNDA:19,(anonymous_1)
FNDA:1,(anonymous_2)
FNDA:3,(anonymous_3)
FNDA:5,(anonymous_4)
FNDA:4,(anonymous_5)
FNDA:4,(anonymous_6)
FNDA:1,(anonymous_7)
FNDA:2,(anonymous_8)
FNDA:1,(anonymous_9)
FNDA:1,(anonymous_10)
FNDA:2,(anonymous_11)
FNDA:0,(anonymous_12)
FNDA:2,(anonymous_13)
FNDA:1,(anonymous_14)
FNDA:1,(anonymous_15)
FNDA:5,(anonymous_16)
FNDA:2,(anonymous_17)
FNDA:1,(anonymous_18)
FNDA:1,(anonymous_19)
FNDA:0,(anonymous_20)
FNDA:28,(anonymous_21)
FNDA:5,(anonymous_22)
FNDA:2,(anonymous_23)
FNDA:4,(anonymous_24)
DA:1,2
DA:2,2
DA:3,2
DA:4,2
DA:7,2
DA:10,2
DA:11,28
DA:12,28
DA:15,28
DA:17,28
DA:18,28
DA:19,28
DA:27,5
DA:32,4
DA:33,4
DA:38,4
DA:39,4
DA:41,4
DA:42,1
DA:48,2
DA:51,1
DA:52,1
DA:58,2
DA:59,2
DA:61,1
DA:63,0
DA:66,2
DA:67,2
DA:72,2
DA:75,1
DA:76,1
DA:82,5
DA:87,2
DA:88,2
DA:90,1
DA:96,1
DA:97,1
DA:98,1
DA:99,1
DA:100,1
DA:103,1
DA:104,0
DA:113,28
DA:114,28
DA:115,28
DA:117,0
DA:122,5
DA:126,2
DA:130,4
DA:131,4
DA:132,4
DA:133,4
DA:135,0
LF:53
LH:49
BRDA:19,0,0,3
BRDA:19,0,1,2
BRDA:35,1,0,4
BRDA:35,1,1,0
BRDA:36,2,0,4
BRDA:36,2,1,0
BRDA:59,3,0,1
BRDA:82,4,0,5
BRDA:82,4,1,3
BRDA:88,5,0,1
BRDA:97,6,0,1
BRDA:115,7,0,0
BRDA:115,7,1,28
BRF:13
BRH:10
end_of_record
TN:
SF:src/app/services/cart.service.ts
FN:8,(anonymous_0)
FN:12,(anonymous_1)
FN:12,(anonymous_2)
FN:13,(anonymous_3)
FN:13,(anonymous_4)
FN:14,(anonymous_5)
FN:16,(anonymous_6)
FN:17,(anonymous_7)
FN:18,(anonymous_8)
FN:18,(anonymous_9)
FN:20,(anonymous_10)
FN:21,(anonymous_11)
FN:22,(anonymous_12)
FN:24,(anonymous_13)
FN:33,(anonymous_14)
FN:34,(anonymous_15)
FN:35,(anonymous_16)
FN:39,(anonymous_17)
FN:40,(anonymous_18)
FN:41,(anonymous_19)
FN:43,(anonymous_20)
FN:44,(anonymous_21)
FN:48,(anonymous_22)
FN:49,(anonymous_23)
FN:49,(anonymous_24)
FN:52,(anonymous_25)
FN:56,(anonymous_26)
FN:61,(anonymous_27)
FN:62,(anonymous_28)
FN:66,(anonymous_29)
FNF:30
FNH:27
FNDA:53,(anonymous_0)
FNDA:28,(anonymous_1)
FNDA:14,(anonymous_2)
FNDA:10,(anonymous_3)
FNDA:12,(anonymous_4)
FNDA:7,(anonymous_5)
FNDA:4,(anonymous_6)
FNDA:3,(anonymous_7)
FNDA:2,(anonymous_8)
FNDA:2,(anonymous_9)
FNDA:33,(anonymous_10)
FNDA:33,(anonymous_11)
FNDA:15,(anonymous_12)
FNDA:10,(anonymous_13)
FNDA:2,(anonymous_14)
FNDA:2,(anonymous_15)
FNDA:2,(anonymous_16)
FNDA:2,(anonymous_17)
FNDA:2,(anonymous_18)
FNDA:2,(anonymous_19)
FNDA:1,(anonymous_20)
FNDA:1,(anonymous_21)
FNDA:1,(anonymous_22)
FNDA:1,(anonymous_23)
FNDA:2,(anonymous_24)
FNDA:4,(anonymous_25)
FNDA:0,(anonymous_26)
FNDA:0,(anonymous_27)
FNDA:0,(anonymous_28)
FNDA:7,(anonymous_29)
DA:1,3
DA:8,3
DA:9,53
DA:10,53
DA:12,53
DA:13,53
DA:14,53
DA:16,4
DA:17,3
DA:18,2
DA:21,33
DA:22,33
DA:23,33
DA:24,7
DA:25,10
DA:28,26
DA:30,33
DA:34,2
DA:35,2
DA:40,2
DA:41,2
DA:42,2
DA:43,2
DA:44,1
DA:49,2
DA:53,4
DA:57,0
DA:58,0
DA:59,0
DA:61,0
DA:62,0
DA:67,7
LF:32
LH:27
BRDA:23,0,0,7
BRDA:25,1,0,7
BRDA:25,1,1,3
BRDA:35,2,0,2
BRDA:35,2,1,0
BRDA:42,3,0,0
BRDA:43,4,0,1
BRDA:44,5,0,1
BRDA:44,5,1,0
BRDA:57,6,0,0
BRDA:62,7,0,0
BRDA:62,7,1,0
BRF:12
BRH:6
end_of_record
TN:
SF:src/app/services/dropdown-manager.service.ts
FN:7,(anonymous_0)
FN:12,(anonymous_1)
FNF:2
FNH:2
FNDA:46,(anonymous_0)
FNDA:14,(anonymous_1)
DA:1,3
DA:2,3
DA:7,3
DA:8,46
DA:10,46
DA:13,14
LF:6
LH:6
BRF:0
BRH:0
end_of_record
TN:
SF:src/app/services/realtime.service.ts
FN:5,(anonymous_0)
FN:14,(anonymous_1)
FN:27,(anonymous_2)
FN:36,(anonymous_3)
FN:53,(anonymous_4)
FN:58,(anonymous_5)
FN:61,(anonymous_6)
FN:67,(anonymous_7)
FN:71,(anonymous_8)
FN:83,(anonymous_9)
FN:87,(anonymous_10)
FN:98,(anonymous_11)
FN:113,(anonymous_12)
FN:132,(anonymous_13)
FN:133,(anonymous_14)
FN:145,(anonymous_15)
FNF:16
FNH:12
FNDA:13,(anonymous_0)
FNDA:13,(anonymous_1)
FNDA:6,(anonymous_2)
FNDA:7,(anonymous_3)
FNDA:0,(anonymous_4)
FNDA:0,(anonymous_5)
FNDA:1,(anonymous_6)
FNDA:5,(anonymous_7)
FNDA:1,(anonymous_8)
FNDA:3,(anonymous_9)
FNDA:1,(anonymous_10)
FNDA:2,(anonymous_11)
FNDA:14,(anonymous_12)
FNDA:6,(anonymous_13)
FNDA:0,(anonymous_14)
FNDA:0,(anonymous_15)
DA:1,1
DA:2,1
DA:5,1
DA:6,13
DA:7,13
DA:8,13
DA:9,13
DA:12,13
DA:15,13
DA:17,12
DA:21,12
DA:23,12
DA:25,12
DA:27,12
DA:28,6
DA:29,6
DA:31,6
DA:32,6
DA:36,12
DA:37,7
DA:38,7
DA:39,6
DA:41,5
DA:42,5
DA:43,5
DA:44,5
DA:45,2
DA:49,1
DA:53,12
DA:54,0
DA:55,0
DA:56,0
DA:58,0
DA:61,12
DA:62,1
DA:68,5
DA:69,5
DA:71,5
DA:72,1
DA:73,1
DA:77,5
DA:78,5
DA:84,3
DA:85,3
DA:87,3
DA:88,1
DA:89,1
DA:93,3
DA:94,3
DA:99,2
DA:100,2
DA:102,2
DA:103,2
DA:110,2
DA:114,14
DA:115,14
DA:133,6
DA:134,0
DA:135,0
DA:146,0
DA:147,0
DA:148,0
LF:62
LH:53
BRDA:15,0,0,1
BRDA:17,1,0,12
BRDA:17,1,1,0
BRDA:21,2,0,0
BRDA:39,3,0,1
BRDA:39,3,1,5
BRDA:39,4,0,6
BRDA:39,4,1,1
BRDA:41,5,0,5
BRDA:41,6,0,5
BRDA:41,6,1,0
BRDA:44,7,0,2
BRDA:44,8,0,5
BRDA:44,8,1,2
BRDA:72,9,0,1
BRDA:72,10,0,1
BRDA:72,10,1,1
BRDA:77,11,0,5
BRDA:88,12,0,1
BRDA:88,13,0,1
BRDA:88,13,1,1
BRDA:93,14,0,3
BRDA:98,15,0,0
BRDA:99,16,0,1
BRDA:99,16,1,1
BRDA:102,17,0,2
BRDA:114,18,0,0
BRDA:134,19,0,0
BRDA:146,20,0,0
BRF:29
BRH:22
end_of_record
TN:
SF:src/app/services/seo.service.ts
FN:14,(anonymous_0)
FN:18,(anonymous_1)
FN:59,(anonymous_2)
FN:70,(anonymous_3)
FN:78,(anonymous_4)
FNF:5
FNH:5
FNDA:23,(anonymous_0)
FNDA:25,(anonymous_1)
FNDA:2,(anonymous_2)
FNDA:1,(anonymous_3)
FNDA:1,(anonymous_4)
DA:1,1
DA:2,1
DA:7,1
DA:8,1
DA:9,1
DA:10,1
DA:11,1
DA:14,1
DA:15,23
DA:16,23
DA:19,25
DA:20,25
DA:21,25
DA:22,25
DA:23,25
DA:24,25
DA:26,25
DA:28,25
DA:29,25
DA:30,25
DA:31,25
DA:32,25
DA:33,25
DA:34,25
DA:35,25
DA:36,25
DA:37,25
DA:38,25
DA:39,25
DA:40,25
DA:42,25
DA:43,2
DA:45,23
DA:48,25
DA:49,5
DA:50,5
DA:51,2
DA:52,2
DA:53,2
DA:55,5
DA:60,2
DA:71,1
DA:79,1
LF:43
LH:43
BRDA:19,0,0,1
BRDA:19,0,1,24
BRDA:20,1,0,25
BRDA:20,1,1,16
BRDA:21,2,0,25
BRDA:21,2,1,23
BRDA:22,3,0,25
BRDA:22,3,1,22
BRDA:23,4,0,25
BRDA:23,4,1,23
BRDA:24,5,0,25
BRDA:24,5,1,23
BRDA:42,6,0,2
BRDA:42,6,1,23
BRDA:48,7,0,5
BRDA:50,8,0,2
BRF:16
BRH:16
end_of_record
TN:
SF:src/app/services/theme.service.ts
FN:9,(anonymous_0)
FN:7,(anonymous_1)
FN:11,(anonymous_2)
FN:25,(anonymous_3)
FN:26,(anonymous_4)
FN:29,(anonymous_5)
FNF:6
FNH:6
FNDA:22,(anonymous_0)
FNDA:24,(anonymous_1)
FNDA:22,(anonymous_2)
FNDA:6,(anonymous_3)
FNDA:6,(anonymous_4)
FNDA:22,(anonymous_5)
DA:1,2
DA:4,2
DA:5,22
DA:7,24
DA:11,22
DA:12,22
DA:13,22
DA:14,22
DA:15,20
DA:16,20
DA:18,2
DA:19,2
DA:21,22
DA:26,6
DA:30,22
DA:31,22
DA:32,22
DA:34,16
LF:18
LH:18
BRDA:14,0,0,20
BRDA:14,0,1,2
BRDA:21,1,0,20
BRDA:21,1,1,2
BRDA:32,2,0,6
BRF:5
BRH:5
end_of_record
TN:
SF:src/app/services/toast.service.ts
FN:8,(anonymous_0)
FN:12,(anonymous_1)
FN:16,(anonymous_2)
FN:20,(anonymous_3)
FN:24,(anonymous_4)
FN:28,(anonymous_5)
FN:29,(anonymous_6)
FN:29,(anonymous_7)
FN:32,(anonymous_8)
FN:34,(anonymous_9)
FN:35,(anonymous_10)
FNF:11
FNH:11
FNDA:65,(anonymous_0)
FNDA:15,(anonymous_1)
FNDA:9,(anonymous_2)
FNDA:4,(anonymous_3)
FNDA:4,(anonymous_4)
FNDA:3,(anonymous_5)
FNDA:3,(anonymous_6)
FNDA:4,(anonymous_7)
FNDA:32,(anonymous_8)
FNDA:32,(anonymous_9)
FNDA:1,(anonymous_10)
DA:1,4
DA:8,4
DA:9,65
DA:10,65
DA:13,15
DA:17,9
DA:21,4
DA:25,4
DA:29,4
DA:33,32
DA:34,32
DA:35,32
LF:12
LH:12
BRDA:12,0,0,15
BRDA:16,1,0,9
BRDA:20,2,0,4
BRDA:24,3,0,4
BRF:4
BRH:4
end_of_record
