<?xml version="1.0" encoding="utf-8"?>
<coverage line-rate="0.49920000000000003" branch-rate="0.25" version="1.9" timestamp="1782844433" lines-covered="706" lines-valid="1414" branches-covered="59" branches-valid="236">
  <sources>
    <source>/home/runner/workspace/api-server/src/</source>
  </sources>
  <packages>
    <package name="NaarNoor.Application" line-rate="0.9784" branch-rate="0.9037999999999999" complexity="196">
      <classes>
        <class name="NaarNoor.Application.DependencyInjection" filename="NaarNoor.Application/DependencyInjection.cs" line-rate="1" branch-rate="1" complexity="1">
          <methods>
            <method name="AddApplication" signature="(Microsoft.Extensions.DependencyInjection.IServiceCollection)" line-rate="1" branch-rate="1" complexity="1">
              <lines>
                <line number="11" hits="9" branch="False" />
                <line number="12" hits="18" branch="False" />
                <line number="13" hits="9" branch="False" />
                <line number="14" hits="9" branch="False" />
                <line number="15" hits="9" branch="False" />
                <line number="16" hits="9" branch="False" />
              </lines>
            </method>
          </methods>
          <lines>
            <line number="11" hits="9" branch="False" />
            <line number="12" hits="18" branch="False" />
            <line number="13" hits="9" branch="False" />
            <line number="14" hits="9" branch="False" />
            <line number="15" hits="9" branch="False" />
            <line number="16" hits="9" branch="False" />
          </lines>
        </class>
        <class name="NaarNoor.Application.Reviews.Queries.GetApprovedReviews.ReviewDto" filename="NaarNoor.Application/Reviews/Queries/GetApprovedReviews/GetApprovedReviewsQuery.cs" line-rate="1" branch-rate="1" complexity="7">
          <methods>
            <method name="get_Id" signature="()" line-rate="1" branch-rate="1" complexity="1">
              <lines>
                <line number="6" hits="28" branch="False" />
              </lines>
            </method>
            <method name="get_CustomerName" signature="()" line-rate="1" branch-rate="1" complexity="1">
              <lines>
                <line number="7" hits="29" branch="False" />
              </lines>
            </method>
            <method name="get_Rating" signature="()" line-rate="1" branch-rate="1" complexity="1">
              <lines>
                <line number="8" hits="25" branch="False" />
              </lines>
            </method>
            <method name="get_Comment" signature="()" line-rate="1" branch-rate="1" complexity="1">
              <lines>
                <line number="9" hits="25" branch="False" />
              </lines>
            </method>
            <method name="get_Source" signature="()" line-rate="1" branch-rate="1" complexity="1">
              <lines>
                <line number="10" hits="19" branch="False" />
              </lines>
            </method>
            <method name="get_CreatedAt" signature="()" line-rate="1" branch-rate="1" complexity="1">
              <lines>
                <line number="11" hits="28" branch="False" />
              </lines>
            </method>
            <method name=".ctor" signature="(System.Guid,System.String,System.Int32,System.String,System.String,System.DateTime)" line-rate="1" branch-rate="1" complexity="1">
              <lines>
                <line number="5" hits="37" branch="False" />
                <line number="12" hits="37" branch="False" />
              </lines>
            </method>
          </methods>
          <lines>
            <line number="6" hits="28" branch="False" />
            <line number="7" hits="29" branch="False" />
            <line number="8" hits="25" branch="False" />
            <line number="9" hits="25" branch="False" />
            <line number="10" hits="19" branch="False" />
            <line number="11" hits="28" branch="False" />
            <line number="5" hits="37" branch="False" />
            <line number="12" hits="37" branch="False" />
          </lines>
        </class>
        <class name="NaarNoor.Application.Reviews.Queries.GetApprovedReviews.GetApprovedReviewsQuery" filename="NaarNoor.Application/Reviews/Queries/GetApprovedReviews/GetApprovedReviewsQuery.cs" line-rate="0" branch-rate="1" complexity="1">
          <methods>
            <method name=".ctor" signature="(NaarNoor.Application.Reviews.Queries.GetApprovedReviews.GetApprovedReviewsQuery)" line-rate="0" branch-rate="1" complexity="1">
              <lines>
                <line number="14" hits="0" branch="False" />
              </lines>
            </method>
          </methods>
          <lines>
            <line number="14" hits="0" branch="False" />
          </lines>
        </class>
        <class name="NaarNoor.Application.Reviews.Queries.GetApprovedReviews.GetApprovedReviewsQueryHandler" filename="NaarNoor.Application/Reviews/Queries/GetApprovedReviews/GetApprovedReviewsQueryHandler.cs" line-rate="1" branch-rate="1" complexity="1">
          <methods>
            <method name=".ctor" signature="(NaarNoor.Application.Common.Interfaces.IUnitOfWork)" line-rate="1" branch-rate="1" complexity="1">
              <lines>
                <line number="11" hits="24" branch="False" />
                <line number="12" hits="24" branch="False" />
                <line number="13" hits="24" branch="False" />
                <line number="14" hits="24" branch="False" />
              </lines>
            </method>
          </methods>
          <lines>
            <line number="11" hits="24" branch="False" />
            <line number="12" hits="24" branch="False" />
            <line number="13" hits="24" branch="False" />
            <line number="14" hits="24" branch="False" />
          </lines>
        </class>
        <class name="NaarNoor.Application.Reviews.Queries.GetApprovedReviews.GetApprovedReviewsQueryHandler/&lt;Handle&gt;d__2" filename="NaarNoor.Application/Reviews/Queries/GetApprovedReviews/GetApprovedReviewsQueryHandler.cs" line-rate="1" branch-rate="1" complexity="1">
          <methods>
            <method name="MoveNext" signature="()" line-rate="1" branch-rate="1" complexity="1">
              <lines>
                <line number="17" hits="24" branch="False" />
                <line number="18" hits="24" branch="False" />
                <line number="19" hits="24" branch="False" />
                <line number="20" hits="24" branch="False" />
                <line number="21" hits="24" branch="False" />
                <line number="22" hits="24" branch="False" />
                <line number="23" hits="24" branch="False" />
                <line number="24" hits="24" branch="False" />
                <line number="25" hits="24" branch="False" />
                <line number="26" hits="24" branch="False" />
                <line number="27" hits="24" branch="False" />
                <line number="28" hits="24" branch="False" />
                <line number="29" hits="24" branch="False" />
                <line number="30" hits="24" branch="False" />
              </lines>
            </method>
          </methods>
          <lines>
            <line number="17" hits="24" branch="False" />
            <line number="18" hits="24" branch="False" />
            <line number="19" hits="24" branch="False" />
            <line number="20" hits="24" branch="False" />
            <line number="21" hits="24" branch="False" />
            <line number="22" hits="24" branch="False" />
            <line number="23" hits="24" branch="False" />
            <line number="24" hits="24" branch="False" />
            <line number="25" hits="24" branch="False" />
            <line number="26" hits="24" branch="False" />
            <line number="27" hits="24" branch="False" />
            <line number="28" hits="24" branch="False" />
            <line number="29" hits="24" branch="False" />
            <line number="30" hits="24" branch="False" />
          </lines>
        </class>
        <class name="NaarNoor.Application.Reservations.Queries.GetReservations.ReservationDto" filename="NaarNoor.Application/Reservations/Queries/GetReservations/GetReservationsQuery.cs" line-rate="1" branch-rate="1" complexity="11">
          <methods>
            <method name="get_Id" signature="()" line-rate="1" branch-rate="1" complexity="1">
              <lines>
                <line number="6" hits="5000" branch="False" />
              </lines>
            </method>
            <method name="get_CustomerName" signature="()" line-rate="1" branch-rate="1" complexity="1">
              <lines>
                <line number="7" hits="5000" branch="False" />
              </lines>
            </method>
            <method name="get_Email" signature="()" line-rate="1" branch-rate="1" complexity="1">
              <lines>
                <line number="8" hits="5000" branch="False" />
              </lines>
            </method>
            <method name="get_PhoneNumber" signature="()" line-rate="1" branch-rate="1" complexity="1">
              <lines>
                <line number="9" hits="5000" branch="False" />
              </lines>
            </method>
            <method name="get_ReservationDate" signature="()" line-rate="1" branch-rate="1" complexity="1">
              <lines>
                <line number="10" hits="6900" branch="False" />
              </lines>
            </method>
            <method name="get_ReservationTime" signature="()" line-rate="1" branch-rate="1" complexity="1">
              <lines>
                <line number="11" hits="6000" branch="False" />
              </lines>
            </method>
            <method name="get_PartySize" signature="()" line-rate="1" branch-rate="1" complexity="1">
              <lines>
                <line number="12" hits="5000" branch="False" />
              </lines>
            </method>
            <method name="get_Status" signature="()" line-rate="1" branch-rate="1" complexity="1">
              <lines>
                <line number="13" hits="5000" branch="False" />
              </lines>
            </method>
            <method name="get_SpecialRequests" signature="()" line-rate="1" branch-rate="1" complexity="1">
              <lines>
                <line number="14" hits="4000" branch="False" />
              </lines>
            </method>
            <method name="get_CreatedAt" signature="()" line-rate="1" branch-rate="1" complexity="1">
              <lines>
                <line number="15" hits="5000" branch="False" />
              </lines>
            </method>
            <method name=".ctor" signature="(System.Guid,System.String,System.String,System.String,System.DateOnly,System.String,System.Int32,System.String,System.String,System.DateTime)" line-rate="1" branch-rate="1" complexity="1">
              <lines>
                <line number="5" hits="5000" branch="False" />
                <line number="16" hits="5000" branch="False" />
              </lines>
            </method>
          </methods>
          <lines>
            <line number="6" hits="5000" branch="False" />
            <line number="7" hits="5000" branch="False" />
            <line number="8" hits="5000" branch="False" />
            <line number="9" hits="5000" branch="False" />
            <line number="10" hits="6900" branch="False" />
            <line number="11" hits="6000" branch="False" />
            <line number="12" hits="5000" branch="False" />
            <line number="13" hits="5000" branch="False" />
            <line number="14" hits="4000" branch="False" />
            <line number="15" hits="5000" branch="False" />
            <line number="5" hits="5000" branch="False" />
            <line number="16" hits="5000" branch="False" />
          </lines>
        </class>
        <class name="NaarNoor.Application.Reservations.Queries.GetReservations.GetReservationsQuery" filename="NaarNoor.Application/Reservations/Queries/GetReservations/GetReservationsQuery.cs" line-rate="1" branch-rate="1" complexity="1">
          <methods>
            <method name="get_Page" signature="()" line-rate="1" branch-rate="1" complexity="1">
              <lines>
                <line number="18" hits="950" branch="False" />
              </lines>
            </method>
          </methods>
          <lines>
            <line number="18" hits="950" branch="False" />
          </lines>
        </class>
        <class name="NaarNoor.Application.Reservations.Queries.GetReservations.GetReservationsQueryHandler" filename="NaarNoor.Application/Reservations/Queries/GetReservations/GetReservationsQueryHandler.cs" line-rate="1" branch-rate="1" complexity="1">
          <methods>
            <method name=".ctor" signature="(NaarNoor.Application.Common.Interfaces.IUnitOfWork)" line-rate="1" branch-rate="1" complexity="1">
              <lines>
                <line number="11" hits="250" branch="False" />
                <line number="12" hits="250" branch="False" />
                <line number="13" hits="250" branch="False" />
                <line number="14" hits="250" branch="False" />
              </lines>
            </method>
          </methods>
          <lines>
            <line number="11" hits="250" branch="False" />
            <line number="12" hits="250" branch="False" />
            <line number="13" hits="250" branch="False" />
            <line number="14" hits="250" branch="False" />
          </lines>
        </class>
        <class name="NaarNoor.Application.Reservations.Queries.GetReservations.GetReservationsQueryHandler/&lt;Handle&gt;d__2" filename="NaarNoor.Application/Reservations/Queries/GetReservations/GetReservationsQueryHandler.cs" line-rate="1" branch-rate="1" complexity="1">
          <methods>
            <method name="MoveNext" signature="()" line-rate="1" branch-rate="1" complexity="1">
              <lines>
                <line number="17" hits="250" branch="False" />
                <line number="18" hits="250" branch="False" />
                <line number="19" hits="250" branch="False" />
                <line number="20" hits="250" branch="False" />
                <line number="21" hits="250" branch="False" />
                <line number="22" hits="250" branch="False" />
                <line number="23" hits="250" branch="False" />
                <line number="24" hits="250" branch="False" />
                <line number="25" hits="250" branch="False" />
                <line number="26" hits="250" branch="False" />
                <line number="27" hits="250" branch="False" />
                <line number="28" hits="250" branch="False" />
                <line number="29" hits="250" branch="False" />
                <line number="30" hits="250" branch="False" />
                <line number="31" hits="250" branch="False" />
                <line number="32" hits="250" branch="False" />
                <line number="33" hits="250" branch="False" />
                <line number="34" hits="250" branch="False" />
                <line number="35" hits="250" branch="False" />
              </lines>
            </method>
          </methods>
          <lines>
            <line number="17" hits="250" branch="False" />
            <line number="18" hits="250" branch="False" />
            <line number="19" hits="250" branch="False" />
            <line number="20" hits="250" branch="False" />
            <line number="21" hits="250" branch="False" />
            <line number="22" hits="250" branch="False" />
            <line number="23" hits="250" branch="False" />
            <line number="24" hits="250" branch="False" />
            <line number="25" hits="250" branch="False" />
            <line number="26" hits="250" branch="False" />
            <line number="27" hits="250" branch="False" />
            <line number="28" hits="250" branch="False" />
            <line number="29" hits="250" branch="False" />
            <line number="30" hits="250" branch="False" />
            <line number="31" hits="250" branch="False" />
            <line number="32" hits="250" branch="False" />
            <line number="33" hits="250" branch="False" />
            <line number="34" hits="250" branch="False" />
            <line number="35" hits="250" branch="False" />
          </lines>
        </class>
        <class name="NaarNoor.Application.Reservations.Commands.CreateReservation.CreateReservationCommand" filename="NaarNoor.Application/Reservations/Commands/CreateReservation/CreateReservationCommand.cs" line-rate="1" branch-rate="1" complexity="8">
          <methods>
            <method name="get_CustomerName" signature="()" line-rate="1" branch-rate="1" complexity="1">
              <lines>
                <line number="6" hits="129" branch="False" />
              </lines>
            </method>
            <method name="get_Email" signature="()" line-rate="1" branch-rate="1" complexity="1">
              <lines>
                <line number="7" hits="129" branch="False" />
              </lines>
            </method>
            <method name="get_PhoneNumber" signature="()" line-rate="1" branch-rate="1" complexity="1">
              <lines>
                <line number="8" hits="129" branch="False" />
              </lines>
            </method>
            <method name="get_ReservationDate" signature="()" line-rate="1" branch-rate="1" complexity="1">
              <lines>
                <line number="9" hits="129" branch="False" />
              </lines>
            </method>
            <method name="get_ReservationTime" signature="()" line-rate="1" branch-rate="1" complexity="1">
              <lines>
                <line number="10" hits="127" branch="False" />
              </lines>
            </method>
            <method name="get_PartySize" signature="()" line-rate="1" branch-rate="1" complexity="1">
              <lines>
                <line number="11" hits="133" branch="False" />
              </lines>
            </method>
            <method name="get_SpecialRequests" signature="()" line-rate="1" branch-rate="1" complexity="1">
              <lines>
                <line number="12" hits="104" branch="False" />
              </lines>
            </method>
            <method name=".ctor" signature="(System.String,System.String,System.String,System.DateOnly,System.String,System.Int32,System.String)" line-rate="1" branch-rate="1" complexity="1">
              <lines>
                <line number="5" hits="133" branch="False" />
                <line number="13" hits="119" branch="False" />
              </lines>
            </method>
          </methods>
          <lines>
            <line number="6" hits="129" branch="False" />
            <line number="7" hits="129" branch="False" />
            <line number="8" hits="129" branch="False" />
            <line number="9" hits="129" branch="False" />
            <line number="10" hits="127" branch="False" />
            <line number="11" hits="133" branch="False" />
            <line number="12" hits="104" branch="False" />
            <line number="5" hits="133" branch="False" />
            <line number="13" hits="119" branch="False" />
          </lines>
        </class>
        <class name="NaarNoor.Application.Reservations.Commands.CreateReservation.CreateReservationCommandHandler" filename="NaarNoor.Application/Reservations/Commands/CreateReservation/CreateReservationCommandHandler.cs" line-rate="1" branch-rate="1" complexity="1">
          <methods>
            <method name=".ctor" signature="(NaarNoor.Application.Common.Interfaces.IUnitOfWork)" line-rate="1" branch-rate="1" complexity="1">
              <lines>
                <line number="11" hits="55" branch="False" />
                <line number="12" hits="55" branch="False" />
                <line number="13" hits="55" branch="False" />
                <line number="14" hits="55" branch="False" />
              </lines>
            </method>
          </methods>
          <lines>
            <line number="11" hits="55" branch="False" />
            <line number="12" hits="55" branch="False" />
            <line number="13" hits="55" branch="False" />
            <line number="14" hits="55" branch="False" />
          </lines>
        </class>
        <class name="NaarNoor.Application.Reservations.Commands.CreateReservation.CreateReservationCommandHandler/&lt;Handle&gt;d__2" filename="NaarNoor.Application/Reservations/Commands/CreateReservation/CreateReservationCommandHandler.cs" line-rate="1" branch-rate="1" complexity="1">
          <methods>
            <method name="MoveNext" signature="()" line-rate="1" branch-rate="1" complexity="1">
              <lines>
                <line number="17" hits="48" branch="False" />
                <line number="18" hits="48" branch="False" />
                <line number="19" hits="48" branch="False" />
                <line number="20" hits="48" branch="False" />
                <line number="21" hits="48" branch="False" />
                <line number="22" hits="48" branch="False" />
                <line number="23" hits="48" branch="False" />
                <line number="24" hits="48" branch="False" />
                <line number="25" hits="48" branch="False" />
                <line number="26" hits="48" branch="False" />
                <line number="27" hits="48" branch="False" />
                <line number="29" hits="48" branch="False" />
                <line number="30" hits="48" branch="False" />
                <line number="32" hits="48" branch="False" />
                <line number="33" hits="48" branch="False" />
              </lines>
            </method>
          </methods>
          <lines>
            <line number="17" hits="48" branch="False" />
            <line number="18" hits="48" branch="False" />
            <line number="19" hits="48" branch="False" />
            <line number="20" hits="48" branch="False" />
            <line number="21" hits="48" branch="False" />
            <line number="22" hits="48" branch="False" />
            <line number="23" hits="48" branch="False" />
            <line number="24" hits="48" branch="False" />
            <line number="25" hits="48" branch="False" />
            <line number="26" hits="48" branch="False" />
            <line number="27" hits="48" branch="False" />
            <line number="29" hits="48" branch="False" />
            <line number="30" hits="48" branch="False" />
            <line number="32" hits="48" branch="False" />
            <line number="33" hits="48" branch="False" />
          </lines>
        </class>
        <class name="NaarNoor.Application.Reservations.Commands.CreateReservation.CreateReservationCommandValidator" filename="NaarNoor.Application/Reservations/Commands/CreateReservation/CreateReservationCommandValidator.cs" line-rate="1" branch-rate="1" complexity="1">
          <methods>
            <method name=".ctor" signature="()" line-rate="1" branch-rate="1" complexity="1">
              <lines>
                <line number="7" hits="16" branch="False" />
                <line number="8" hits="16" branch="False" />
                <line number="9" hits="16" branch="False" />
                <line number="10" hits="16" branch="False" />
                <line number="11" hits="16" branch="False" />
                <line number="13" hits="16" branch="False" />
                <line number="14" hits="16" branch="False" />
                <line number="15" hits="16" branch="False" />
                <line number="17" hits="16" branch="False" />
                <line number="18" hits="16" branch="False" />
                <line number="19" hits="16" branch="False" />
                <line number="21" hits="16" branch="False" />
                <line number="22" hits="16" branch="False" />
                <line number="23" hits="16" branch="False" />
                <line number="24" hits="16" branch="False" />
                <line number="26" hits="16" branch="False" />
                <line number="27" hits="16" branch="False" />
                <line number="29" hits="16" branch="False" />
                <line number="30" hits="16" branch="False" />
                <line number="31" hits="16" branch="False" />
                <line number="32" hits="16" branch="False" />
              </lines>
            </method>
          </methods>
          <lines>
            <line number="7" hits="16" branch="False" />
            <line number="8" hits="16" branch="False" />
            <line number="9" hits="16" branch="False" />
            <line number="10" hits="16" branch="False" />
            <line number="11" hits="16" branch="False" />
            <line number="13" hits="16" branch="False" />
            <line number="14" hits="16" branch="False" />
            <line number="15" hits="16" branch="False" />
            <line number="17" hits="16" branch="False" />
            <line number="18" hits="16" branch="False" />
            <line number="19" hits="16" branch="False" />
            <line number="21" hits="16" branch="False" />
            <line number="22" hits="16" branch="False" />
            <line number="23" hits="16" branch="False" />
            <line number="24" hits="16" branch="False" />
            <line number="26" hits="16" branch="False" />
            <line number="27" hits="16" branch="False" />
            <line number="29" hits="16" branch="False" />
            <line number="30" hits="16" branch="False" />
            <line number="31" hits="16" branch="False" />
            <line number="32" hits="16" branch="False" />
          </lines>
        </class>
        <class name="NaarNoor.Application.Orders.Commands.HandleStripeWebhook.HandleStripeWebhookCommand" filename="NaarNoor.Application/Orders/Commands/HandleStripeWebhook/HandleStripeWebhookCommand.cs" line-rate="1" branch-rate="1" complexity="3">
          <methods>
            <method name="get_Payload" signature="()" line-rate="1" branch-rate="1" complexity="1">
              <lines>
                <line number="6" hits="9" branch="False" />
              </lines>
            </method>
            <method name="get_StripeSignatureHeader" signature="()" line-rate="1" branch-rate="1" complexity="1">
              <lines>
                <line number="7" hits="9" branch="False" />
              </lines>
            </method>
            <method name=".ctor" signature="(System.String,System.String)" line-rate="1" branch-rate="1" complexity="1">
              <lines>
                <line number="5" hits="9" branch="False" />
                <line number="8" hits="9" branch="False" />
              </lines>
            </method>
          </methods>
          <lines>
            <line number="6" hits="9" branch="False" />
            <line number="7" hits="9" branch="False" />
            <line number="5" hits="9" branch="False" />
            <line number="8" hits="9" branch="False" />
          </lines>
        </class>
        <class name="NaarNoor.Application.Orders.Commands.HandleStripeWebhook.HandleStripeWebhookCommandHandler" filename="NaarNoor.Application/Orders/Commands/HandleStripeWebhook/HandleStripeWebhookCommandHandler.cs" line-rate="1" branch-rate="1" complexity="1">
          <methods>
            <method name=".ctor" signature="(NaarNoor.Application.Common.Interfaces.IUnitOfWork,NaarNoor.Application.Common.Interfaces.IStripeService,Microsoft.Extensions.Logging.ILogger`1&lt;NaarNoor.Application.Orders.Commands.HandleStripeWebhook.HandleStripeWebhookCommandHandler&gt;)" line-rate="1" branch-rate="1" complexity="1">
              <lines>
                <line number="15" hits="9" branch="False" />
                <line number="16" hits="9" branch="False" />
                <line number="17" hits="9" branch="False" />
                <line number="18" hits="9" branch="False" />
                <line number="19" hits="9" branch="False" />
                <line number="20" hits="9" branch="False" />
                <line number="21" hits="9" branch="False" />
                <line number="22" hits="9" branch="False" />
                <line number="23" hits="9" branch="False" />
              </lines>
            </method>
          </methods>
          <lines>
            <line number="15" hits="9" branch="False" />
            <line number="16" hits="9" branch="False" />
            <line number="17" hits="9" branch="False" />
            <line number="18" hits="9" branch="False" />
            <line number="19" hits="9" branch="False" />
            <line number="20" hits="9" branch="False" />
            <line number="21" hits="9" branch="False" />
            <line number="22" hits="9" branch="False" />
            <line number="23" hits="9" branch="False" />
          </lines>
        </class>
        <class name="NaarNoor.Application.Orders.Commands.HandleStripeWebhook.HandleStripeWebhookCommandHandler/&lt;Handle&gt;d__4" filename="NaarNoor.Application/Orders/Commands/HandleStripeWebhook/HandleStripeWebhookCommandHandler.cs" line-rate="1" branch-rate="1" complexity="4">
          <methods>
            <method name="MoveNext" signature="()" line-rate="1" branch-rate="1" complexity="4">
              <lines>
                <line number="26" hits="9" branch="False" />
                <line number="29" hits="9" branch="False" />
                <line number="30" hits="9" branch="False" />
                <line number="31" hits="9" branch="False" />
                <line number="32" hits="9" branch="False" />
                <line number="33" hits="9" branch="False" />
                <line number="34" hits="8" branch="False" />
                <line number="35" hits="1" branch="False" />
                <line number="36" hits="1" branch="False" />
                <line number="37" hits="1" branch="False" />
                <line number="38" hits="1" branch="False" />
                <line number="41" hits="8" branch="False" />
                <line number="43" hits="8" branch="True" condition-coverage="100% (4/4)">
                  <conditions>
                    <condition number="339" type="jump" coverage="100%" />
                    <condition number="353" type="jump" coverage="100%" />
                  </conditions>
                </line>
                <line number="46" hits="3" branch="False" />
                <line number="47" hits="3" branch="False" />
                <line number="50" hits="4" branch="False" />
                <line number="51" hits="4" branch="False" />
                <line number="54" hits="1" branch="False" />
                <line number="55" hits="1" branch="False" />
                <line number="58" hits="8" branch="False" />
                <line number="59" hits="8" branch="False" />
              </lines>
            </method>
          </methods>
          <lines>
            <line number="26" hits="9" branch="False" />
            <line number="29" hits="9" branch="False" />
            <line number="30" hits="9" branch="False" />
            <line number="31" hits="9" branch="False" />
            <line number="32" hits="9" branch="False" />
            <line number="33" hits="9" branch="False" />
            <line number="34" hits="8" branch="False" />
            <line number="35" hits="1" branch="False" />
            <line number="36" hits="1" branch="False" />
            <line number="37" hits="1" branch="False" />
            <line number="38" hits="1" branch="False" />
            <line number="41" hits="8" branch="False" />
            <line number="43" hits="8" branch="True" condition-coverage="100% (4/4)">
              <conditions>
                <condition number="339" type="jump" coverage="100%" />
                <condition number="353" type="jump" coverage="100%" />
              </conditions>
            </line>
            <line number="46" hits="3" branch="False" />
            <line number="47" hits="3" branch="False" />
            <line number="50" hits="4" branch="False" />
            <line number="51" hits="4" branch="False" />
            <line number="54" hits="1" branch="False" />
            <line number="55" hits="1" branch="False" />
            <line number="58" hits="8" branch="False" />
            <line number="59" hits="8" branch="False" />
          </lines>
        </class>
        <class name="NaarNoor.Application.Orders.Commands.HandleStripeWebhook.HandleStripeWebhookCommandHandler/&lt;HandleCheckoutCompletedAsync&gt;d__5" filename="NaarNoor.Application/Orders/Commands/HandleStripeWebhook/HandleStripeWebhookCommandHandler.cs" line-rate="1" branch-rate="1" complexity="4">
          <methods>
            <method name="MoveNext" signature="()" line-rate="1" branch-rate="1" complexity="4">
              <lines>
                <line number="62" hits="3" branch="False" />
                <line number="63" hits="3" branch="True" condition-coverage="100% (2/2)">
                  <conditions>
                    <condition number="72" type="jump" coverage="100%" />
                  </conditions>
                </line>
                <line number="64" hits="1" branch="False" />
                <line number="65" hits="1" branch="False" />
                <line number="66" hits="1" branch="False" />
                <line number="69" hits="2" branch="False" />
                <line number="70" hits="2" branch="False" />
                <line number="71" hits="2" branch="True" condition-coverage="100% (2/2)">
                  <conditions>
                    <condition number="396" type="jump" coverage="100%" />
                  </conditions>
                </line>
                <line number="72" hits="1" branch="False" />
                <line number="73" hits="1" branch="False" />
                <line number="74" hits="1" branch="False" />
                <line number="77" hits="1" branch="False" />
                <line number="78" hits="1" branch="False" />
                <line number="79" hits="1" branch="False" />
                <line number="81" hits="1" branch="False" />
                <line number="82" hits="3" branch="False" />
              </lines>
            </method>
          </methods>
          <lines>
            <line number="62" hits="3" branch="False" />
            <line number="63" hits="3" branch="True" condition-coverage="100% (2/2)">
              <conditions>
                <condition number="72" type="jump" coverage="100%" />
              </conditions>
            </line>
            <line number="64" hits="1" branch="False" />
            <line number="65" hits="1" branch="False" />
            <line number="66" hits="1" branch="False" />
            <line number="69" hits="2" branch="False" />
            <line number="70" hits="2" branch="False" />
            <line number="71" hits="2" branch="True" condition-coverage="100% (2/2)">
              <conditions>
                <condition number="396" type="jump" coverage="100%" />
              </conditions>
            </line>
            <line number="72" hits="1" branch="False" />
            <line number="73" hits="1" branch="False" />
            <line number="74" hits="1" branch="False" />
            <line number="77" hits="1" branch="False" />
            <line number="78" hits="1" branch="False" />
            <line number="79" hits="1" branch="False" />
            <line number="81" hits="1" branch="False" />
            <line number="82" hits="3" branch="False" />
          </lines>
        </class>
        <class name="NaarNoor.Application.Orders.Commands.HandleStripeWebhook.HandleStripeWebhookCommandHandler/&lt;HandleCheckoutExpiredAsync&gt;d__6" filename="NaarNoor.Application/Orders/Commands/HandleStripeWebhook/HandleStripeWebhookCommandHandler.cs" line-rate="1" branch-rate="1" complexity="6">
          <methods>
            <method name="MoveNext" signature="()" line-rate="1" branch-rate="1" complexity="6">
              <lines>
                <line number="85" hits="4" branch="False" />
                <line number="86" hits="4" branch="True" condition-coverage="100% (2/2)">
                  <conditions>
                    <condition number="72" type="jump" coverage="100%" />
                  </conditions>
                </line>
                <line number="87" hits="1" branch="False" />
                <line number="89" hits="3" branch="False" />
                <line number="90" hits="3" branch="False" />
                <line number="91" hits="4" branch="True" condition-coverage="100% (2/2)">
                  <conditions>
                    <condition number="353" type="jump" coverage="100%" />
                  </conditions>
                </line>
                <line number="93" hits="2" branch="True" condition-coverage="100% (2/2)">
                  <conditions>
                    <condition number="378" type="jump" coverage="100%" />
                  </conditions>
                </line>
                <line number="94" hits="1" branch="False" />
                <line number="95" hits="1" branch="False" />
                <line number="96" hits="1" branch="False" />
                <line number="97" hits="1" branch="False" />
                <line number="98" hits="1" branch="False" />
                <line number="99" hits="1" branch="False" />
                <line number="100" hits="4" branch="False" />
              </lines>
            </method>
          </methods>
          <lines>
            <line number="85" hits="4" branch="False" />
            <line number="86" hits="4" branch="True" condition-coverage="100% (2/2)">
              <conditions>
                <condition number="72" type="jump" coverage="100%" />
              </conditions>
            </line>
            <line number="87" hits="1" branch="False" />
            <line number="89" hits="3" branch="False" />
            <line number="90" hits="3" branch="False" />
            <line number="91" hits="4" branch="True" condition-coverage="100% (2/2)">
              <conditions>
                <condition number="353" type="jump" coverage="100%" />
              </conditions>
            </line>
            <line number="93" hits="2" branch="True" condition-coverage="100% (2/2)">
              <conditions>
                <condition number="378" type="jump" coverage="100%" />
              </conditions>
            </line>
            <line number="94" hits="1" branch="False" />
            <line number="95" hits="1" branch="False" />
            <line number="96" hits="1" branch="False" />
            <line number="97" hits="1" branch="False" />
            <line number="98" hits="1" branch="False" />
            <line number="99" hits="1" branch="False" />
            <line number="100" hits="4" branch="False" />
          </lines>
        </class>
        <class name="NaarNoor.Application.Orders.Commands.CreateStripeCheckoutSession.CreateStripeCheckoutSessionCommand" filename="NaarNoor.Application/Orders/Commands/CreateStripeCheckoutSession/CreateStripeCheckoutSessionCommand.cs" line-rate="1" branch-rate="1" complexity="11">
          <methods>
            <method name="get_CustomerName" signature="()" line-rate="1" branch-rate="1" complexity="1">
              <lines>
                <line number="6" hits="39" branch="False" />
              </lines>
            </method>
            <method name="get_Email" signature="()" line-rate="1" branch-rate="1" complexity="1">
              <lines>
                <line number="7" hits="39" branch="False" />
              </lines>
            </method>
            <method name="get_PhoneNumber" signature="()" line-rate="1" branch-rate="1" complexity="1">
              <lines>
                <line number="8" hits="35" branch="False" />
              </lines>
            </method>
            <method name="get_Notes" signature="()" line-rate="1" branch-rate="1" complexity="1">
              <lines>
                <line number="9" hits="4" branch="False" />
              </lines>
            </method>
            <method name="get_Type" signature="()" line-rate="1" branch-rate="1" complexity="1">
              <lines>
                <line number="10" hits="147" branch="False" />
              </lines>
            </method>
            <method name="get_DeliveryAddress" signature="()" line-rate="1" branch-rate="1" complexity="1">
              <lines>
                <line number="11" hits="10" branch="False" />
              </lines>
            </method>
            <method name="get_TableReservationName" signature="()" line-rate="1" branch-rate="1" complexity="1">
              <lines>
                <line number="12" hits="7" branch="False" />
              </lines>
            </method>
            <method name="get_Items" signature="()" line-rate="1" branch-rate="1" complexity="1">
              <lines>
                <line number="13" hits="70" branch="False" />
              </lines>
            </method>
            <method name="get_SuccessUrl" signature="()" line-rate="1" branch-rate="1" complexity="1">
              <lines>
                <line number="14" hits="35" branch="False" />
              </lines>
            </method>
            <method name="get_CancelUrl" signature="()" line-rate="1" branch-rate="1" complexity="1">
              <lines>
                <line number="15" hits="34" branch="False" />
              </lines>
            </method>
            <method name=".ctor" signature="(System.String,System.String,System.String,System.String,System.String,System.String,System.String,System.Collections.Generic.List`1&lt;NaarNoor.Application.Orders.Commands.CreateStripeCheckoutSession.CheckoutOrderItemRequest&gt;,System.String,System.String)" line-rate="1" branch-rate="1" complexity="1">
              <lines>
                <line number="5" hits="59" branch="False" />
                <line number="16" hits="34" branch="False" />
              </lines>
            </method>
          </methods>
          <lines>
            <line number="6" hits="39" branch="False" />
            <line number="7" hits="39" branch="False" />
            <line number="8" hits="35" branch="False" />
            <line number="9" hits="4" branch="False" />
            <line number="10" hits="147" branch="False" />
            <line number="11" hits="10" branch="False" />
            <line number="12" hits="7" branch="False" />
            <line number="13" hits="70" branch="False" />
            <line number="14" hits="35" branch="False" />
            <line number="15" hits="34" branch="False" />
            <line number="5" hits="59" branch="False" />
            <line number="16" hits="34" branch="False" />
          </lines>
        </class>
        <class name="NaarNoor.Application.Orders.Commands.CreateStripeCheckoutSession.CheckoutOrderItemRequest" filename="NaarNoor.Application/Orders/Commands/CreateStripeCheckoutSession/CreateStripeCheckoutSessionCommand.cs" line-rate="0.8332999999999999" branch-rate="1" complexity="5">
          <methods>
            <method name="get_MenuItemId" signature="()" line-rate="1" branch-rate="1" complexity="1">
              <lines>
                <line number="19" hits="37" branch="False" />
              </lines>
            </method>
            <method name="get_MenuItemName" signature="()" line-rate="1" branch-rate="1" complexity="1">
              <lines>
                <line number="20" hits="27" branch="False" />
              </lines>
            </method>
            <method name="get_UnitPrice" signature="()" line-rate="0" branch-rate="1" complexity="1">
              <lines>
                <line number="21" hits="0" branch="False" />
              </lines>
            </method>
            <method name="get_Quantity" signature="()" line-rate="1" branch-rate="1" complexity="1">
              <lines>
                <line number="22" hits="31" branch="False" />
              </lines>
            </method>
            <method name=".ctor" signature="(System.Guid,System.String,System.Decimal,System.Int32)" line-rate="1" branch-rate="1" complexity="1">
              <lines>
                <line number="18" hits="37" branch="False" />
                <line number="23" hits="37" branch="False" />
              </lines>
            </method>
          </methods>
          <lines>
            <line number="19" hits="37" branch="False" />
            <line number="20" hits="27" branch="False" />
            <line number="21" hits="0" branch="False" />
            <line number="22" hits="31" branch="False" />
            <line number="18" hits="37" branch="False" />
            <line number="23" hits="37" branch="False" />
          </lines>
        </class>
        <class name="NaarNoor.Application.Orders.Commands.CreateStripeCheckoutSession.CreateStripeCheckoutSessionResponse" filename="NaarNoor.Application/Orders/Commands/CreateStripeCheckoutSession/CreateStripeCheckoutSessionCommand.cs" line-rate="1" branch-rate="1" complexity="3">
          <methods>
            <method name="get_OrderId" signature="()" line-rate="1" branch-rate="1" complexity="1">
              <lines>
                <line number="26" hits="1" branch="False" />
              </lines>
            </method>
            <method name="get_SessionUrl" signature="()" line-rate="1" branch-rate="1" complexity="1">
              <lines>
                <line number="27" hits="1" branch="False" />
              </lines>
            </method>
            <method name=".ctor" signature="(System.Guid,System.String)" line-rate="1" branch-rate="1" complexity="1">
              <lines>
                <line number="25" hits="4" branch="False" />
                <line number="28" hits="4" branch="False" />
              </lines>
            </method>
          </methods>
          <lines>
            <line number="26" hits="1" branch="False" />
            <line number="27" hits="1" branch="False" />
            <line number="25" hits="4" branch="False" />
            <line number="28" hits="4" branch="False" />
          </lines>
        </class>
        <class name="NaarNoor.Application.Orders.Commands.CreateStripeCheckoutSession.CreateStripeCheckoutSessionCommandHandler" filename="NaarNoor.Application/Orders/Commands/CreateStripeCheckoutSession/CreateStripeCheckoutSessionCommandHandler.cs" line-rate="1" branch-rate="1" complexity="1">
          <methods>
            <method name=".ctor" signature="(NaarNoor.Application.Common.Interfaces.IUnitOfWork,NaarNoor.Application.Common.Interfaces.IApplicationDbContext,NaarNoor.Application.Common.Interfaces.IStripeService)" line-rate="1" branch-rate="1" complexity="1">
              <lines>
                <line number="16" hits="6" branch="False" />
                <line number="17" hits="6" branch="False" />
                <line number="18" hits="6" branch="False" />
                <line number="19" hits="6" branch="False" />
                <line number="20" hits="6" branch="False" />
                <line number="21" hits="6" branch="False" />
                <line number="22" hits="6" branch="False" />
                <line number="23" hits="6" branch="False" />
                <line number="24" hits="6" branch="False" />
              </lines>
            </method>
          </methods>
          <lines>
            <line number="16" hits="6" branch="False" />
            <line number="17" hits="6" branch="False" />
            <line number="18" hits="6" branch="False" />
            <line number="19" hits="6" branch="False" />
            <line number="20" hits="6" branch="False" />
            <line number="21" hits="6" branch="False" />
            <line number="22" hits="6" branch="False" />
            <line number="23" hits="6" branch="False" />
            <line number="24" hits="6" branch="False" />
          </lines>
        </class>
        <class name="NaarNoor.Application.Orders.Commands.CreateStripeCheckoutSession.CreateStripeCheckoutSessionCommandHandler/&lt;&gt;c" filename="NaarNoor.Application/Orders/Commands/CreateStripeCheckoutSession/CreateStripeCheckoutSessionCommandHandler.cs" line-rate="1" branch-rate="1" complexity="4">
          <methods>
            <method name="&lt;Handle&gt;b__4_0" signature="(NaarNoor.Application.Orders.Commands.CreateStripeCheckoutSession.CheckoutOrderItemRequest)" line-rate="1" branch-rate="1" complexity="1">
              <lines>
                <line number="31" hits="12" branch="False" />
              </lines>
            </method>
            <method name="&lt;Handle&gt;b__4_5" signature="(NaarNoor.Domain.Entities.MenuItem)" line-rate="1" branch-rate="1" complexity="1">
              <lines>
                <line number="35" hits="10" branch="False" />
              </lines>
            </method>
            <method name="&lt;Handle&gt;b__4_6" signature="(NaarNoor.Domain.Entities.OrderItem)" line-rate="1" branch-rate="1" complexity="1">
              <lines>
                <line number="74" hits="4" branch="False" />
              </lines>
            </method>
            <method name="&lt;Handle&gt;b__4_3" signature="(NaarNoor.Domain.Entities.OrderItem)" line-rate="1" branch-rate="1" complexity="1">
              <lines>
                <line number="84" hits="8" branch="False" />
                <line number="85" hits="8" branch="False" />
                <line number="86" hits="8" branch="False" />
                <line number="87" hits="8" branch="False" />
                <line number="88" hits="8" branch="False" />
                <line number="89" hits="8" branch="False" />
              </lines>
            </method>
          </methods>
          <lines>
            <line number="31" hits="12" branch="False" />
            <line number="35" hits="10" branch="False" />
            <line number="74" hits="4" branch="False" />
            <line number="84" hits="8" branch="False" />
            <line number="85" hits="8" branch="False" />
            <line number="86" hits="8" branch="False" />
            <line number="87" hits="8" branch="False" />
            <line number="88" hits="8" branch="False" />
            <line number="89" hits="8" branch="False" />
          </lines>
        </class>
        <class name="NaarNoor.Application.Orders.Commands.CreateStripeCheckoutSession.CreateStripeCheckoutSessionCommandHandler/&lt;&gt;c__DisplayClass4_0" filename="NaarNoor.Application/Orders/Commands/CreateStripeCheckoutSession/CreateStripeCheckoutSessionCommandHandler.cs" line-rate="1" branch-rate="1" complexity="2">
          <methods>
            <method name="&lt;Handle&gt;b__1" signature="(System.Guid)" line-rate="1" branch-rate="1" complexity="1">
              <lines>
                <line number="38" hits="12" branch="False" />
              </lines>
            </method>
            <method name="&lt;Handle&gt;b__2" signature="(NaarNoor.Application.Orders.Commands.CreateStripeCheckoutSession.CheckoutOrderItemRequest)" line-rate="1" branch-rate="1" complexity="1">
              <lines>
                <line number="54" hits="4" branch="False" />
                <line number="55" hits="4" branch="False" />
                <line number="56" hits="4" branch="False" />
                <line number="57" hits="4" branch="False" />
                <line number="58" hits="4" branch="False" />
                <line number="59" hits="4" branch="False" />
                <line number="60" hits="4" branch="False" />
                <line number="61" hits="4" branch="False" />
                <line number="62" hits="4" branch="False" />
                <line number="63" hits="8" branch="False" />
              </lines>
            </method>
          </methods>
          <lines>
            <line number="38" hits="12" branch="False" />
            <line number="54" hits="4" branch="False" />
            <line number="55" hits="4" branch="False" />
            <line number="56" hits="4" branch="False" />
            <line number="57" hits="4" branch="False" />
            <line number="58" hits="4" branch="False" />
            <line number="59" hits="4" branch="False" />
            <line number="60" hits="4" branch="False" />
            <line number="61" hits="4" branch="False" />
            <line number="62" hits="4" branch="False" />
            <line number="63" hits="8" branch="False" />
          </lines>
        </class>
        <class name="NaarNoor.Application.Orders.Commands.CreateStripeCheckoutSession.CreateStripeCheckoutSessionCommandHandler/&lt;Handle&gt;d__4" filename="NaarNoor.Application/Orders/Commands/CreateStripeCheckoutSession/CreateStripeCheckoutSessionCommandHandler.cs" line-rate="1" branch-rate="1" complexity="6">
          <methods>
            <method name="MoveNext" signature="()" line-rate="1" branch-rate="1" complexity="6">
              <lines>
                <line number="29" hits="6" branch="False" />
                <line number="33" hits="6" branch="False" />
                <line number="34" hits="6" branch="False" />
                <line number="39" hits="6" branch="True" condition-coverage="100% (2/2)">
                  <conditions>
                    <condition number="529" type="jump" coverage="100%" />
                  </conditions>
                </line>
                <line number="40" hits="2" branch="False" />
                <line number="41" hits="2" branch="False" />
                <line number="42" hits="2" branch="False" />
                <line number="45" hits="4" branch="True" condition-coverage="100% (4/4)">
                  <conditions>
                    <condition number="610" type="jump" coverage="100%" />
                    <condition number="624" type="jump" coverage="100%" />
                  </conditions>
                </line>
                <line number="46" hits="4" branch="False" />
                <line number="47" hits="1" branch="False" />
                <line number="48" hits="1" branch="False" />
                <line number="49" hits="2" branch="False" />
                <line number="50" hits="4" branch="False" />
                <line number="53" hits="4" branch="False" />
                <line number="65" hits="4" branch="False" />
                <line number="66" hits="4" branch="False" />
                <line number="67" hits="4" branch="False" />
                <line number="68" hits="4" branch="False" />
                <line number="69" hits="4" branch="False" />
                <line number="70" hits="4" branch="False" />
                <line number="71" hits="4" branch="False" />
                <line number="72" hits="4" branch="False" />
                <line number="73" hits="4" branch="False" />
                <line number="75" hits="4" branch="False" />
                <line number="76" hits="4" branch="False" />
                <line number="77" hits="4" branch="False" />
                <line number="78" hits="4" branch="False" />
                <line number="80" hits="4" branch="False" />
                <line number="81" hits="4" branch="False" />
                <line number="91" hits="4" branch="False" />
                <line number="92" hits="4" branch="False" />
                <line number="93" hits="4" branch="False" />
                <line number="94" hits="4" branch="False" />
                <line number="95" hits="4" branch="False" />
                <line number="96" hits="4" branch="False" />
                <line number="97" hits="4" branch="False" />
                <line number="98" hits="4" branch="False" />
                <line number="99" hits="4" branch="False" />
                <line number="100" hits="4" branch="False" />
                <line number="101" hits="4" branch="False" />
                <line number="104" hits="4" branch="False" />
                <line number="105" hits="4" branch="False" />
                <line number="107" hits="4" branch="False" />
                <line number="108" hits="4" branch="False" />
              </lines>
            </method>
          </methods>
          <lines>
            <line number="29" hits="6" branch="False" />
            <line number="33" hits="6" branch="False" />
            <line number="34" hits="6" branch="False" />
            <line number="39" hits="6" branch="True" condition-coverage="100% (2/2)">
              <conditions>
                <condition number="529" type="jump" coverage="100%" />
              </conditions>
            </line>
            <line number="40" hits="2" branch="False" />
            <line number="41" hits="2" branch="False" />
            <line number="42" hits="2" branch="False" />
            <line number="45" hits="4" branch="True" condition-coverage="100% (4/4)">
              <conditions>
                <condition number="610" type="jump" coverage="100%" />
                <condition number="624" type="jump" coverage="100%" />
              </conditions>
            </line>
            <line number="46" hits="4" branch="False" />
            <line number="47" hits="1" branch="False" />
            <line number="48" hits="1" branch="False" />
            <line number="49" hits="2" branch="False" />
            <line number="50" hits="4" branch="False" />
            <line number="53" hits="4" branch="False" />
            <line number="65" hits="4" branch="False" />
            <line number="66" hits="4" branch="False" />
            <line number="67" hits="4" branch="False" />
            <line number="68" hits="4" branch="False" />
            <line number="69" hits="4" branch="False" />
            <line number="70" hits="4" branch="False" />
            <line number="71" hits="4" branch="False" />
            <line number="72" hits="4" branch="False" />
            <line number="73" hits="4" branch="False" />
            <line number="75" hits="4" branch="False" />
            <line number="76" hits="4" branch="False" />
            <line number="77" hits="4" branch="False" />
            <line number="78" hits="4" branch="False" />
            <line number="80" hits="4" branch="False" />
            <line number="81" hits="4" branch="False" />
            <line number="91" hits="4" branch="False" />
            <line number="92" hits="4" branch="False" />
            <line number="93" hits="4" branch="False" />
            <line number="94" hits="4" branch="False" />
            <line number="95" hits="4" branch="False" />
            <line number="96" hits="4" branch="False" />
            <line number="97" hits="4" branch="False" />
            <line number="98" hits="4" branch="False" />
            <line number="99" hits="4" branch="False" />
            <line number="100" hits="4" branch="False" />
            <line number="101" hits="4" branch="False" />
            <line number="104" hits="4" branch="False" />
            <line number="105" hits="4" branch="False" />
            <line number="107" hits="4" branch="False" />
            <line number="108" hits="4" branch="False" />
          </lines>
        </class>
        <class name="NaarNoor.Application.Orders.Commands.CreateStripeCheckoutSession.CreateStripeCheckoutSessionCommandValidator" filename="NaarNoor.Application/Orders/Commands/CreateStripeCheckoutSession/CreateStripeCheckoutSessionCommandValidator.cs" line-rate="1" branch-rate="0.8" complexity="11">
          <methods>
            <method name="IsValidHttpUrl" signature="(System.String)" line-rate="1" branch-rate="0.8332999999999999" complexity="6">
              <lines>
                <line number="66" hits="56" branch="False" />
                <line number="67" hits="58" branch="True" condition-coverage="100% (2/2)">
                  <conditions>
                    <condition number="9" type="jump" coverage="100%" />
                  </conditions>
                </line>
                <line number="68" hits="54" branch="True" condition-coverage="75% (3/4)">
                  <conditions>
                    <condition number="24" type="jump" coverage="100%" />
                    <condition number="42" type="jump" coverage="50%" />
                  </conditions>
                </line>
                <line number="69" hits="54" branch="False" />
                <line number="70" hits="56" branch="False" />
              </lines>
            </method>
            <method name=".ctor" signature="()" line-rate="1" branch-rate="0.75" complexity="4">
              <lines>
                <line number="11" hits="28" branch="False" />
                <line number="12" hits="28" branch="False" />
                <line number="13" hits="28" branch="False" />
                <line number="14" hits="28" branch="False" />
                <line number="15" hits="28" branch="False" />
                <line number="17" hits="28" branch="False" />
                <line number="18" hits="28" branch="False" />
                <line number="19" hits="28" branch="False" />
                <line number="21" hits="28" branch="False" />
                <line number="22" hits="28" branch="False" />
                <line number="23" hits="28" branch="False" />
                <line number="25" hits="28" branch="False" />
                <line number="26" hits="28" branch="False" />
                <line number="27" hits="28" branch="False" />
                <line number="28" hits="28" branch="False" />
                <line number="30" hits="28" branch="False" />
                <line number="31" hits="28" branch="False" />
                <line number="32" hits="56" branch="False" />
                <line number="33" hits="28" branch="False" />
                <line number="35" hits="28" branch="False" />
                <line number="36" hits="28" branch="False" />
                <line number="37" hits="56" branch="False" />
                <line number="38" hits="28" branch="False" />
                <line number="40" hits="28" branch="False" />
                <line number="41" hits="28" branch="False" />
                <line number="43" hits="28" branch="False" />
                <line number="44" hits="28" branch="False" />
                <line number="45" hits="28" branch="False" />
                <line number="46" hits="28" branch="False" />
                <line number="47" hits="28" branch="False" />
                <line number="48" hits="28" branch="False" />
                <line number="49" hits="28" branch="False" />
                <line number="50" hits="28" branch="False" />
                <line number="51" hits="28" branch="False" />
                <line number="52" hits="28" branch="False" />
                <line number="53" hits="28" branch="False" />
                <line number="54" hits="56" branch="False" />
                <line number="56" hits="28" branch="True" condition-coverage="100% (2/2)">
                  <conditions>
                    <condition number="915" type="jump" coverage="100%" />
                  </conditions>
                </line>
                <line number="57" hits="28" branch="False" />
                <line number="58" hits="28" branch="False" />
                <line number="60" hits="28" branch="True" condition-coverage="50% (1/2)">
                  <conditions>
                    <condition number="1036" type="jump" coverage="50%" />
                  </conditions>
                </line>
                <line number="61" hits="28" branch="False" />
                <line number="62" hits="28" branch="False" />
                <line number="63" hits="28" branch="False" />
              </lines>
            </method>
            <method name=".cctor" signature="()" line-rate="1" branch-rate="1" complexity="1">
              <lines>
                <line number="8" hits="1" branch="False" />
                <line number="9" hits="1" branch="False" />
              </lines>
            </method>
          </methods>
          <lines>
            <line number="66" hits="56" branch="False" />
            <line number="67" hits="58" branch="True" condition-coverage="100% (2/2)">
              <conditions>
                <condition number="9" type="jump" coverage="100%" />
              </conditions>
            </line>
            <line number="68" hits="54" branch="True" condition-coverage="75% (3/4)">
              <conditions>
                <condition number="24" type="jump" coverage="100%" />
                <condition number="42" type="jump" coverage="50%" />
              </conditions>
            </line>
            <line number="69" hits="54" branch="False" />
            <line number="70" hits="56" branch="False" />
            <line number="11" hits="28" branch="False" />
            <line number="12" hits="28" branch="False" />
            <line number="13" hits="28" branch="False" />
            <line number="14" hits="28" branch="False" />
            <line number="15" hits="28" branch="False" />
            <line number="17" hits="28" branch="False" />
            <line number="18" hits="28" branch="False" />
            <line number="19" hits="28" branch="False" />
            <line number="21" hits="28" branch="False" />
            <line number="22" hits="28" branch="False" />
            <line number="23" hits="28" branch="False" />
            <line number="25" hits="28" branch="False" />
            <line number="26" hits="28" branch="False" />
            <line number="27" hits="28" branch="False" />
            <line number="28" hits="28" branch="False" />
            <line number="30" hits="28" branch="False" />
            <line number="31" hits="28" branch="False" />
            <line number="32" hits="56" branch="False" />
            <line number="33" hits="28" branch="False" />
            <line number="35" hits="28" branch="False" />
            <line number="36" hits="28" branch="False" />
            <line number="37" hits="56" branch="False" />
            <line number="38" hits="28" branch="False" />
            <line number="40" hits="28" branch="False" />
            <line number="41" hits="28" branch="False" />
            <line number="43" hits="28" branch="False" />
            <line number="44" hits="28" branch="False" />
            <line number="45" hits="28" branch="False" />
            <line number="46" hits="28" branch="False" />
            <line number="47" hits="28" branch="False" />
            <line number="48" hits="28" branch="False" />
            <line number="49" hits="28" branch="False" />
            <line number="50" hits="28" branch="False" />
            <line number="51" hits="28" branch="False" />
            <line number="52" hits="28" branch="False" />
            <line number="53" hits="28" branch="False" />
            <line number="54" hits="56" branch="False" />
            <line number="56" hits="28" branch="True" condition-coverage="100% (2/2)">
              <conditions>
                <condition number="915" type="jump" coverage="100%" />
              </conditions>
            </line>
            <line number="57" hits="28" branch="False" />
            <line number="58" hits="28" branch="False" />
            <line number="60" hits="28" branch="True" condition-coverage="50% (1/2)">
              <conditions>
                <condition number="1036" type="jump" coverage="50%" />
              </conditions>
            </line>
            <line number="61" hits="28" branch="False" />
            <line number="62" hits="28" branch="False" />
            <line number="63" hits="28" branch="False" />
            <line number="8" hits="1" branch="False" />
            <line number="9" hits="1" branch="False" />
          </lines>
        </class>
        <class name="NaarNoor.Application.Orders.Commands.CreateOrder.CreateOrderCommand" filename="NaarNoor.Application/Orders/Commands/CreateOrder/CreateOrderCommand.cs" line-rate="1" branch-rate="1" complexity="9">
          <methods>
            <method name="get_CustomerName" signature="()" line-rate="1" branch-rate="1" complexity="1">
              <lines>
                <line number="6" hits="97" branch="False" />
              </lines>
            </method>
            <method name="get_Email" signature="()" line-rate="1" branch-rate="1" complexity="1">
              <lines>
                <line number="7" hits="98" branch="False" />
              </lines>
            </method>
            <method name="get_PhoneNumber" signature="()" line-rate="1" branch-rate="1" complexity="1">
              <lines>
                <line number="8" hits="95" branch="False" />
              </lines>
            </method>
            <method name="get_Notes" signature="()" line-rate="1" branch-rate="1" complexity="1">
              <lines>
                <line number="9" hits="78" branch="False" />
              </lines>
            </method>
            <method name="get_Type" signature="()" line-rate="1" branch-rate="1" complexity="1">
              <lines>
                <line number="10" hits="128" branch="False" />
              </lines>
            </method>
            <method name="get_DeliveryAddress" signature="()" line-rate="1" branch-rate="1" complexity="1">
              <lines>
                <line number="11" hits="80" branch="False" />
              </lines>
            </method>
            <method name="get_TableReservationName" signature="()" line-rate="1" branch-rate="1" complexity="1">
              <lines>
                <line number="12" hits="80" branch="False" />
              </lines>
            </method>
            <method name="get_Items" signature="()" line-rate="1" branch-rate="1" complexity="1">
              <lines>
                <line number="13" hits="169" branch="False" />
              </lines>
            </method>
            <method name=".ctor" signature="(System.String,System.String,System.String,System.String,System.String,System.String,System.String,System.Collections.Generic.List`1&lt;NaarNoor.Application.Orders.Commands.CreateOrder.OrderItemRequest&gt;)" line-rate="1" branch-rate="1" complexity="1">
              <lines>
                <line number="5" hits="103" branch="False" />
                <line number="14" hits="91" branch="False" />
              </lines>
            </method>
          </methods>
          <lines>
            <line number="6" hits="97" branch="False" />
            <line number="7" hits="98" branch="False" />
            <line number="8" hits="95" branch="False" />
            <line number="9" hits="78" branch="False" />
            <line number="10" hits="128" branch="False" />
            <line number="11" hits="80" branch="False" />
            <line number="12" hits="80" branch="False" />
            <line number="13" hits="169" branch="False" />
            <line number="5" hits="103" branch="False" />
            <line number="14" hits="91" branch="False" />
          </lines>
        </class>
        <class name="NaarNoor.Application.Orders.Commands.CreateOrder.OrderItemRequest" filename="NaarNoor.Application/Orders/Commands/CreateOrder/CreateOrderCommand.cs" line-rate="1" branch-rate="1" complexity="5">
          <methods>
            <method name="get_MenuItemId" signature="()" line-rate="1" branch-rate="1" complexity="1">
              <lines>
                <line number="17" hits="113" branch="False" />
              </lines>
            </method>
            <method name="get_MenuItemName" signature="()" line-rate="1" branch-rate="1" complexity="1">
              <lines>
                <line number="18" hits="113" branch="False" />
              </lines>
            </method>
            <method name="get_UnitPrice" signature="()" line-rate="1" branch-rate="1" complexity="1">
              <lines>
                <line number="19" hits="122" branch="False" />
              </lines>
            </method>
            <method name="get_Quantity" signature="()" line-rate="1" branch-rate="1" complexity="1">
              <lines>
                <line number="20" hits="122" branch="False" />
              </lines>
            </method>
            <method name=".ctor" signature="(System.Guid,System.String,System.Decimal,System.Int32)" line-rate="1" branch-rate="1" complexity="1">
              <lines>
                <line number="16" hits="171" branch="False" />
                <line number="21" hits="171" branch="False" />
              </lines>
            </method>
          </methods>
          <lines>
            <line number="17" hits="113" branch="False" />
            <line number="18" hits="113" branch="False" />
            <line number="19" hits="122" branch="False" />
            <line number="20" hits="122" branch="False" />
            <line number="16" hits="171" branch="False" />
            <line number="21" hits="171" branch="False" />
          </lines>
        </class>
        <class name="NaarNoor.Application.Orders.Commands.CreateOrder.CreateOrderCommandHandler" filename="NaarNoor.Application/Orders/Commands/CreateOrder/CreateOrderCommandHandler.cs" line-rate="1" branch-rate="1" complexity="1">
          <methods>
            <method name=".ctor" signature="(NaarNoor.Application.Common.Interfaces.IUnitOfWork)" line-rate="1" branch-rate="1" complexity="1">
              <lines>
                <line number="12" hits="46" branch="False" />
                <line number="13" hits="46" branch="False" />
                <line number="14" hits="46" branch="False" />
                <line number="15" hits="46" branch="False" />
              </lines>
            </method>
          </methods>
          <lines>
            <line number="12" hits="46" branch="False" />
            <line number="13" hits="46" branch="False" />
            <line number="14" hits="46" branch="False" />
            <line number="15" hits="46" branch="False" />
          </lines>
        </class>
        <class name="NaarNoor.Application.Orders.Commands.CreateOrder.CreateOrderCommandHandler/&lt;&gt;c" filename="NaarNoor.Application/Orders/Commands/CreateOrder/CreateOrderCommandHandler.cs" line-rate="1" branch-rate="1" complexity="2">
          <methods>
            <method name="&lt;Handle&gt;b__2_0" signature="(NaarNoor.Application.Orders.Commands.CreateOrder.OrderItemRequest)" line-rate="1" branch-rate="1" complexity="1">
              <lines>
                <line number="26" hits="134" branch="False" />
                <line number="27" hits="134" branch="False" />
                <line number="28" hits="134" branch="False" />
                <line number="29" hits="134" branch="False" />
                <line number="30" hits="134" branch="False" />
                <line number="31" hits="134" branch="False" />
                <line number="32" hits="134" branch="False" />
              </lines>
            </method>
            <method name="&lt;Handle&gt;b__2_1" signature="(NaarNoor.Domain.Entities.OrderItem)" line-rate="1" branch-rate="1" complexity="1">
              <lines>
                <line number="34" hits="134" branch="False" />
              </lines>
            </method>
          </methods>
          <lines>
            <line number="26" hits="134" branch="False" />
            <line number="27" hits="134" branch="False" />
            <line number="28" hits="134" branch="False" />
            <line number="29" hits="134" branch="False" />
            <line number="30" hits="134" branch="False" />
            <line number="31" hits="134" branch="False" />
            <line number="32" hits="134" branch="False" />
            <line number="34" hits="134" branch="False" />
          </lines>
        </class>
        <class name="NaarNoor.Application.Orders.Commands.CreateOrder.CreateOrderCommandHandler/&lt;Handle&gt;d__2" filename="NaarNoor.Application/Orders/Commands/CreateOrder/CreateOrderCommandHandler.cs" line-rate="1" branch-rate="1" complexity="4">
          <methods>
            <method name="MoveNext" signature="()" line-rate="1" branch-rate="1" complexity="4">
              <lines>
                <line number="18" hits="46" branch="False" />
                <line number="19" hits="46" branch="True" condition-coverage="100% (4/4)">
                  <conditions>
                    <condition number="62" type="jump" coverage="100%" />
                    <condition number="75" type="jump" coverage="100%" />
                  </conditions>
                </line>
                <line number="20" hits="46" branch="False" />
                <line number="21" hits="19" branch="False" />
                <line number="22" hits="10" branch="False" />
                <line number="23" hits="17" branch="False" />
                <line number="24" hits="46" branch="False" />
                <line number="36" hits="46" branch="False" />
                <line number="37" hits="46" branch="False" />
                <line number="38" hits="46" branch="False" />
                <line number="39" hits="46" branch="False" />
                <line number="40" hits="46" branch="False" />
                <line number="41" hits="46" branch="False" />
                <line number="42" hits="46" branch="False" />
                <line number="43" hits="46" branch="False" />
                <line number="44" hits="46" branch="False" />
                <line number="45" hits="46" branch="False" />
                <line number="46" hits="46" branch="False" />
                <line number="47" hits="46" branch="False" />
                <line number="49" hits="46" branch="False" />
                <line number="50" hits="46" branch="False" />
                <line number="52" hits="46" branch="False" />
                <line number="53" hits="46" branch="False" />
              </lines>
            </method>
          </methods>
          <lines>
            <line number="18" hits="46" branch="False" />
            <line number="19" hits="46" branch="True" condition-coverage="100% (4/4)">
              <conditions>
                <condition number="62" type="jump" coverage="100%" />
                <condition number="75" type="jump" coverage="100%" />
              </conditions>
            </line>
            <line number="20" hits="46" branch="False" />
            <line number="21" hits="19" branch="False" />
            <line number="22" hits="10" branch="False" />
            <line number="23" hits="17" branch="False" />
            <line number="24" hits="46" branch="False" />
            <line number="36" hits="46" branch="False" />
            <line number="37" hits="46" branch="False" />
            <line number="38" hits="46" branch="False" />
            <line number="39" hits="46" branch="False" />
            <line number="40" hits="46" branch="False" />
            <line number="41" hits="46" branch="False" />
            <line number="42" hits="46" branch="False" />
            <line number="43" hits="46" branch="False" />
            <line number="44" hits="46" branch="False" />
            <line number="45" hits="46" branch="False" />
            <line number="46" hits="46" branch="False" />
            <line number="47" hits="46" branch="False" />
            <line number="49" hits="46" branch="False" />
            <line number="50" hits="46" branch="False" />
            <line number="52" hits="46" branch="False" />
            <line number="53" hits="46" branch="False" />
          </lines>
        </class>
        <class name="NaarNoor.Application.Orders.Commands.CreateOrder.CreateOrderCommandValidator" filename="NaarNoor.Application/Orders/Commands/CreateOrder/CreateOrderCommandValidator.cs" line-rate="1" branch-rate="0.5" complexity="9">
          <methods>
            <method name="&lt;.ctor&gt;b__1_9" signature="()" line-rate="1" branch-rate="1" complexity="1">
              <lines>
[...]
            <line number="59" hits="0" branch="False" />
            <line number="60" hits="0" branch="False" />
          </lines>
        </class>
        <class name="NaarNoor.Infrastructure.Data.Seeds.DatabaseSeeder/&lt;SeedDataAsync&gt;d__1" filename="NaarNoor.Infrastructure/Data/Seeds/DatabaseSeeder.cs" line-rate="0" branch-rate="0" complexity="6">
          <methods>
            <method name="MoveNext" signature="()" line-rate="0" branch-rate="0" complexity="6">
              <lines>
                <line number="16" hits="0" branch="False" />
                <line number="17" hits="0" branch="True" condition-coverage="0% (0/2)">
                  <conditions>
                    <condition number="208" type="jump" coverage="0%" />
                  </conditions>
                </line>
                <line number="18" hits="0" branch="False" />
                <line number="20" hits="0" branch="True" condition-coverage="0% (0/2)">
                  <conditions>
                    <condition number="452" type="jump" coverage="0%" />
                  </conditions>
                </line>
                <line number="21" hits="0" branch="False" />
                <line number="23" hits="0" branch="True" condition-coverage="0% (0/2)">
                  <conditions>
                    <condition number="696" type="jump" coverage="0%" />
                  </conditions>
                </line>
                <line number="24" hits="0" branch="False" />
                <line number="26" hits="0" branch="False" />
                <line number="27" hits="0" branch="False" />
              </lines>
            </method>
          </methods>
          <lines>
            <line number="16" hits="0" branch="False" />
            <line number="17" hits="0" branch="True" condition-coverage="0% (0/2)">
              <conditions>
                <condition number="208" type="jump" coverage="0%" />
              </conditions>
            </line>
            <line number="18" hits="0" branch="False" />
            <line number="20" hits="0" branch="True" condition-coverage="0% (0/2)">
              <conditions>
                <condition number="452" type="jump" coverage="0%" />
              </conditions>
            </line>
            <line number="21" hits="0" branch="False" />
            <line number="23" hits="0" branch="True" condition-coverage="0% (0/2)">
              <conditions>
                <condition number="696" type="jump" coverage="0%" />
              </conditions>
            </line>
            <line number="24" hits="0" branch="False" />
            <line number="26" hits="0" branch="False" />
            <line number="27" hits="0" branch="False" />
          </lines>
        </class>
        <class name="NaarNoor.Infrastructure.Data.Seeds.DatabaseSeeder/&lt;SeedMenuItemsAsync&gt;d__2" filename="NaarNoor.Infrastructure/Data/Seeds/DatabaseSeeder.cs" line-rate="0" branch-rate="1" complexity="1">
          <methods>
            <method name="MoveNext" signature="()" line-rate="0" branch-rate="1" complexity="1">
              <lines>
                <line number="30" hits="0" branch="False" />
                <line number="31" hits="0" branch="False" />
                <line number="32" hits="0" branch="False" />
                <line number="33" hits="0" branch="False" />
                <line number="34" hits="0" branch="False" />
                <line number="35" hits="0" branch="False" />
                <line number="36" hits="0" branch="False" />
                <line number="37" hits="0" branch="False" />
                <line number="38" hits="0" branch="False" />
                <line number="39" hits="0" branch="False" />
                <line number="40" hits="0" branch="False" />
                <line number="41" hits="0" branch="False" />
                <line number="42" hits="0" branch="False" />
                <line number="43" hits="0" branch="False" />
                <line number="44" hits="0" branch="False" />
                <line number="45" hits="0" branch="False" />
                <line number="46" hits="0" branch="False" />
                <line number="47" hits="0" branch="False" />
                <line number="48" hits="0" branch="False" />
                <line number="49" hits="0" branch="False" />
              </lines>
            </method>
          </methods>
          <lines>
            <line number="30" hits="0" branch="False" />
            <line number="31" hits="0" branch="False" />
            <line number="32" hits="0" branch="False" />
            <line number="33" hits="0" branch="False" />
            <line number="34" hits="0" branch="False" />
            <line number="35" hits="0" branch="False" />
            <line number="36" hits="0" branch="False" />
            <line number="37" hits="0" branch="False" />
            <line number="38" hits="0" branch="False" />
            <line number="39" hits="0" branch="False" />
            <line number="40" hits="0" branch="False" />
            <line number="41" hits="0" branch="False" />
            <line number="42" hits="0" branch="False" />
            <line number="43" hits="0" branch="False" />
            <line number="44" hits="0" branch="False" />
            <line number="45" hits="0" branch="False" />
            <line number="46" hits="0" branch="False" />
            <line number="47" hits="0" branch="False" />
            <line number="48" hits="0" branch="False" />
            <line number="49" hits="0" branch="False" />
          </lines>
        </class>
        <class name="NaarNoor.Infrastructure.Data.Seeds.DatabaseSeeder/&lt;SeedReviewsAsync&gt;d__4" filename="NaarNoor.Infrastructure/Data/Seeds/DatabaseSeeder.cs" line-rate="0" branch-rate="1" complexity="1">
          <methods>
            <method name="MoveNext" signature="()" line-rate="0" branch-rate="1" complexity="1">
              <lines>
                <line number="63" hits="0" branch="False" />
                <line number="64" hits="0" branch="False" />
                <line number="65" hits="0" branch="False" />
                <line number="66" hits="0" branch="False" />
                <line number="67" hits="0" branch="False" />
                <line number="68" hits="0" branch="False" />
                <line number="69" hits="0" branch="False" />
                <line number="70" hits="0" branch="False" />
                <line number="71" hits="0" branch="False" />
                <line number="72" hits="0" branch="False" />
              </lines>
            </method>
          </methods>
          <lines>
            <line number="63" hits="0" branch="False" />
            <line number="64" hits="0" branch="False" />
            <line number="65" hits="0" branch="False" />
            <line number="66" hits="0" branch="False" />
            <line number="67" hits="0" branch="False" />
            <line number="68" hits="0" branch="False" />
            <line number="69" hits="0" branch="False" />
            <line number="70" hits="0" branch="False" />
            <line number="71" hits="0" branch="False" />
            <line number="72" hits="0" branch="False" />
          </lines>
        </class>
        <class name="NaarNoor.Infrastructure.Data.Configurations.ChefConfiguration" filename="NaarNoor.Infrastructure/Data/Configurations/ChefConfiguration.cs" line-rate="1" branch-rate="1" complexity="1">
          <methods>
            <method name="Configure" signature="(Microsoft.EntityFrameworkCore.Metadata.Builders.EntityTypeBuilder`1&lt;NaarNoor.Domain.Entities.Chef&gt;)" line-rate="1" branch-rate="1" complexity="1">
              <lines>
                <line number="10" hits="2" branch="False" />
                <line number="11" hits="2" branch="False" />
                <line number="12" hits="2" branch="False" />
                <line number="13" hits="2" branch="False" />
                <line number="14" hits="2" branch="False" />
                <line number="15" hits="2" branch="False" />
                <line number="16" hits="2" branch="False" />
                <line number="17" hits="2" branch="False" />
                <line number="18" hits="2" branch="False" />
                <line number="19" hits="2" branch="False" />
              </lines>
            </method>
          </methods>
          <lines>
            <line number="10" hits="2" branch="False" />
            <line number="11" hits="2" branch="False" />
            <line number="12" hits="2" branch="False" />
            <line number="13" hits="2" branch="False" />
            <line number="14" hits="2" branch="False" />
            <line number="15" hits="2" branch="False" />
            <line number="16" hits="2" branch="False" />
            <line number="17" hits="2" branch="False" />
            <line number="18" hits="2" branch="False" />
            <line number="19" hits="2" branch="False" />
          </lines>
        </class>
        <class name="NaarNoor.Infrastructure.Data.Configurations.ContactInquiryConfiguration" filename="NaarNoor.Infrastructure/Data/Configurations/ContactInquiryConfiguration.cs" line-rate="1" branch-rate="1" complexity="1">
          <methods>
            <method name="Configure" signature="(Microsoft.EntityFrameworkCore.Metadata.Builders.EntityTypeBuilder`1&lt;NaarNoor.Domain.Entities.ContactInquiry&gt;)" line-rate="1" branch-rate="1" complexity="1">
              <lines>
                <line number="10" hits="2" branch="False" />
                <line number="11" hits="2" branch="False" />
                <line number="12" hits="2" branch="False" />
                <line number="13" hits="2" branch="False" />
                <line number="14" hits="2" branch="False" />
                <line number="15" hits="2" branch="False" />
                <line number="16" hits="2" branch="False" />
                <line number="17" hits="2" branch="False" />
                <line number="18" hits="2" branch="False" />
                <line number="19" hits="2" branch="False" />
              </lines>
            </method>
          </methods>
          <lines>
            <line number="10" hits="2" branch="False" />
            <line number="11" hits="2" branch="False" />
            <line number="12" hits="2" branch="False" />
            <line number="13" hits="2" branch="False" />
            <line number="14" hits="2" branch="False" />
            <line number="15" hits="2" branch="False" />
            <line number="16" hits="2" branch="False" />
            <line number="17" hits="2" branch="False" />
            <line number="18" hits="2" branch="False" />
            <line number="19" hits="2" branch="False" />
          </lines>
        </class>
        <class name="NaarNoor.Infrastructure.Data.Configurations.MenuItemConfiguration" filename="NaarNoor.Infrastructure/Data/Configurations/MenuItemConfiguration.cs" line-rate="1" branch-rate="1" complexity="1">
          <methods>
            <method name="Configure" signature="(Microsoft.EntityFrameworkCore.Metadata.Builders.EntityTypeBuilder`1&lt;NaarNoor.Domain.Entities.MenuItem&gt;)" line-rate="1" branch-rate="1" complexity="1">
              <lines>
                <line number="10" hits="2" branch="False" />
                <line number="11" hits="2" branch="False" />
                <line number="12" hits="2" branch="False" />
                <line number="13" hits="2" branch="False" />
                <line number="14" hits="2" branch="False" />
                <line number="15" hits="2" branch="False" />
                <line number="16" hits="2" branch="False" />
                <line number="17" hits="2" branch="False" />
                <line number="18" hits="2" branch="False" />
                <line number="19" hits="2" branch="False" />
              </lines>
            </method>
          </methods>
          <lines>
            <line number="10" hits="2" branch="False" />
            <line number="11" hits="2" branch="False" />
            <line number="12" hits="2" branch="False" />
            <line number="13" hits="2" branch="False" />
            <line number="14" hits="2" branch="False" />
            <line number="15" hits="2" branch="False" />
            <line number="16" hits="2" branch="False" />
            <line number="17" hits="2" branch="False" />
            <line number="18" hits="2" branch="False" />
            <line number="19" hits="2" branch="False" />
          </lines>
        </class>
        <class name="NaarNoor.Infrastructure.Data.Configurations.OrderConfiguration" filename="NaarNoor.Infrastructure/Data/Configurations/OrderConfiguration.cs" line-rate="1" branch-rate="1" complexity="1">
          <methods>
            <method name="Configure" signature="(Microsoft.EntityFrameworkCore.Metadata.Builders.EntityTypeBuilder`1&lt;NaarNoor.Domain.Entities.Order&gt;)" line-rate="1" branch-rate="1" complexity="1">
              <lines>
                <line number="10" hits="2" branch="False" />
                <line number="11" hits="2" branch="False" />
                <line number="12" hits="2" branch="False" />
                <line number="13" hits="2" branch="False" />
                <line number="14" hits="2" branch="False" />
                <line number="15" hits="2" branch="False" />
                <line number="16" hits="2" branch="False" />
                <line number="17" hits="2" branch="False" />
                <line number="18" hits="2" branch="False" />
                <line number="19" hits="2" branch="False" />
                <line number="20" hits="2" branch="False" />
                <line number="21" hits="2" branch="False" />
                <line number="22" hits="2" branch="False" />
                <line number="23" hits="2" branch="False" />
              </lines>
            </method>
          </methods>
          <lines>
            <line number="10" hits="2" branch="False" />
            <line number="11" hits="2" branch="False" />
            <line number="12" hits="2" branch="False" />
            <line number="13" hits="2" branch="False" />
            <line number="14" hits="2" branch="False" />
            <line number="15" hits="2" branch="False" />
            <line number="16" hits="2" branch="False" />
            <line number="17" hits="2" branch="False" />
            <line number="18" hits="2" branch="False" />
            <line number="19" hits="2" branch="False" />
            <line number="20" hits="2" branch="False" />
            <line number="21" hits="2" branch="False" />
            <line number="22" hits="2" branch="False" />
            <line number="23" hits="2" branch="False" />
          </lines>
        </class>
        <class name="NaarNoor.Infrastructure.Data.Configurations.OrderItemConfiguration" filename="NaarNoor.Infrastructure/Data/Configurations/OrderItemConfiguration.cs" line-rate="1" branch-rate="1" complexity="1">
          <methods>
            <method name="Configure" signature="(Microsoft.EntityFrameworkCore.Metadata.Builders.EntityTypeBuilder`1&lt;NaarNoor.Domain.Entities.OrderItem&gt;)" line-rate="1" branch-rate="1" complexity="1">
              <lines>
                <line number="10" hits="2" branch="False" />
                <line number="11" hits="2" branch="False" />
                <line number="12" hits="2" branch="False" />
                <line number="13" hits="2" branch="False" />
                <line number="14" hits="2" branch="False" />
                <line number="15" hits="2" branch="False" />
                <line number="16" hits="2" branch="False" />
                <line number="17" hits="2" branch="False" />
                <line number="18" hits="2" branch="False" />
              </lines>
            </method>
          </methods>
          <lines>
            <line number="10" hits="2" branch="False" />
            <line number="11" hits="2" branch="False" />
            <line number="12" hits="2" branch="False" />
            <line number="13" hits="2" branch="False" />
            <line number="14" hits="2" branch="False" />
            <line number="15" hits="2" branch="False" />
            <line number="16" hits="2" branch="False" />
            <line number="17" hits="2" branch="False" />
            <line number="18" hits="2" branch="False" />
          </lines>
        </class>
        <class name="NaarNoor.Infrastructure.Data.Configurations.ReservationConfiguration" filename="NaarNoor.Infrastructure/Data/Configurations/ReservationConfiguration.cs" line-rate="1" branch-rate="1" complexity="1">
          <methods>
            <method name="Configure" signature="(Microsoft.EntityFrameworkCore.Metadata.Builders.EntityTypeBuilder`1&lt;NaarNoor.Domain.Entities.Reservation&gt;)" line-rate="1" branch-rate="1" complexity="1">
              <lines>
                <line number="10" hits="2" branch="False" />
                <line number="11" hits="2" branch="False" />
                <line number="12" hits="2" branch="False" />
                <line number="13" hits="2" branch="False" />
                <line number="14" hits="2" branch="False" />
                <line number="15" hits="2" branch="False" />
                <line number="16" hits="2" branch="False" />
                <line number="17" hits="2" branch="False" />
                <line number="18" hits="2" branch="False" />
                <line number="19" hits="2" branch="False" />
                <line number="20" hits="2" branch="False" />
              </lines>
            </method>
          </methods>
          <lines>
            <line number="10" hits="2" branch="False" />
            <line number="11" hits="2" branch="False" />
            <line number="12" hits="2" branch="False" />
            <line number="13" hits="2" branch="False" />
            <line number="14" hits="2" branch="False" />
            <line number="15" hits="2" branch="False" />
            <line number="16" hits="2" branch="False" />
            <line number="17" hits="2" branch="False" />
            <line number="18" hits="2" branch="False" />
            <line number="19" hits="2" branch="False" />
            <line number="20" hits="2" branch="False" />
          </lines>
        </class>
        <class name="NaarNoor.Infrastructure.Data.Configurations.ReviewConfiguration" filename="NaarNoor.Infrastructure/Data/Configurations/ReviewConfiguration.cs" line-rate="1" branch-rate="1" complexity="1">
          <methods>
            <method name="Configure" signature="(Microsoft.EntityFrameworkCore.Metadata.Builders.EntityTypeBuilder`1&lt;NaarNoor.Domain.Entities.Review&gt;)" line-rate="1" branch-rate="1" complexity="1">
              <lines>
                <line number="10" hits="2" branch="False" />
                <line number="11" hits="2" branch="False" />
                <line number="12" hits="2" branch="False" />
                <line number="13" hits="2" branch="False" />
                <line number="14" hits="2" branch="False" />
                <line number="15" hits="2" branch="False" />
                <line number="16" hits="2" branch="False" />
                <line number="17" hits="2" branch="False" />
                <line number="18" hits="2" branch="False" />
              </lines>
            </method>
          </methods>
          <lines>
            <line number="10" hits="2" branch="False" />
            <line number="11" hits="2" branch="False" />
            <line number="12" hits="2" branch="False" />
            <line number="13" hits="2" branch="False" />
            <line number="14" hits="2" branch="False" />
            <line number="15" hits="2" branch="False" />
            <line number="16" hits="2" branch="False" />
            <line number="17" hits="2" branch="False" />
            <line number="18" hits="2" branch="False" />
          </lines>
        </class>
      </classes>
    </package>
  </packages>
</coverage>